Warning: you requested the nanomsg event logger, but bmv2 was compiled without -DBMELOG, and the event logger cannot be activated
Calling target program-options parser
[09:13:36.791] [bmv2] [D] [thread 2114] Set default default entry for table 'tbl_p4src226': p4src226 - 
[09:13:36.791] [bmv2] [D] [thread 2114] Set default default entry for table 'tbl_p4src215': p4src215 - 
[09:13:36.791] [bmv2] [D] [thread 2114] Set default default entry for table 'MyIngress.add_our_telemetry': NoAction - 
[09:13:36.791] [bmv2] [D] [thread 2114] Set default default entry for table 'tbl_p4src237': p4src237 - 
[09:13:36.791] [bmv2] [D] [thread 2114] Set default default entry for table 'tbl_p4src245': p4src245 - 
[09:13:36.791] [bmv2] [D] [thread 2114] Set default default entry for table 'tbl_p4src248': p4src248 - 
[09:13:36.791] [bmv2] [D] [thread 2114] Set default default entry for table 'MyIngress.forward': NoAction - 
[09:13:36.791] [bmv2] [D] [thread 2114] Set default default entry for table 'tbl_p4src253': p4src253 - 
[09:13:36.791] [bmv2] [D] [thread 2114] Set default default entry for table 'tbl_p4src256': p4src256 - 
[09:13:36.791] [bmv2] [D] [thread 2114] Set default default entry for table 'tbl_p4src273': p4src273 - 
Adding interface s2-eth1 as port 1
[09:13:36.794] [bmv2] [D] [thread 2114] Adding interface s2-eth1 as port 1
Adding interface s2-eth2 as port 2
[09:13:36.859] [bmv2] [D] [thread 2114] Adding interface s2-eth2 as port 2
Adding interface s2-eth3 as port 3
[09:13:36.895] [bmv2] [D] [thread 2114] Adding interface s2-eth3 as port 3
Adding interface s2-eth4 as port 4
[09:13:36.931] [bmv2] [D] [thread 2114] Adding interface s2-eth4 as port 4
[09:13:36.971] [bmv2] [I] [thread 2114] Starting Thrift server on port 9091
[09:13:36.971] [bmv2] [I] [thread 2114] Thrift server was started
[09:13:36.972] [bmv2] [D] [thread 2120] [0.0] [cxt 0] Processing packet received on port 1
[09:13:36.972] [bmv2] [D] [thread 2120] [0.0] [cxt 0] Parser 'parser': start
[09:13:36.972] [bmv2] [D] [thread 2120] [0.0] [cxt 0] Parser 'parser' entering state 'start'
[09:13:36.972] [bmv2] [D] [thread 2120] [0.0] [cxt 0] Parser set: setting field 'scalars.metadata._has_int_header1' to 0
[09:13:36.972] [bmv2] [D] [thread 2120] [0.0] [cxt 0] Extracting header 'ethernet'
[09:13:36.972] [bmv2] [D] [thread 2120] [0.0] [cxt 0] Parser state 'start': key is 86dd
[09:13:36.972] [bmv2] [T] [thread 2120] [0.0] [cxt 0] Bytes parsed: 14
[09:13:36.972] [bmv2] [D] [thread 2120] [0.0] [cxt 0] Parser 'parser' entering state 'parse_ipv6'
[09:13:36.972] [bmv2] [D] [thread 2120] [0.0] [cxt 0] Extracting header 'ipv6'
[09:13:36.972] [bmv2] [D] [thread 2120] [0.0] [cxt 0] Parser state 'parse_ipv6': key is 00
[09:13:36.972] [bmv2] [T] [thread 2120] [0.0] [cxt 0] Bytes parsed: 54
[09:13:36.972] [bmv2] [D] [thread 2120] [0.0] [cxt 0] Parser 'parser': end
[09:13:36.972] [bmv2] [D] [thread 2120] [0.0] [cxt 0] Pipeline 'ingress': start
[09:13:36.972] [bmv2] [T] [thread 2120] [0.0] [cxt 0] Applying table 'tbl_p4src226'
[09:13:36.972] [bmv2] [D] [thread 2120] [0.0] [cxt 0] Looking up key:

[09:13:36.972] [bmv2] [D] [thread 2120] [0.0] [cxt 0] Table 'tbl_p4src226': miss
[09:13:36.972] [bmv2] [D] [thread 2120] [0.0] [cxt 0] Action entry is p4src226 - 
[09:13:36.972] [bmv2] [T] [thread 2120] [0.0] [cxt 0] Action p4src226
[09:13:36.972] [bmv2] [T] [thread 2120] [0.0] [cxt 0] /home/p4/projekt/network_telemetry/src/p4src.p4(226) Primitive meta.ingress_timestamp = standard_metadata.ingress_global_timestamp
[09:13:36.972] [bmv2] [T] [thread 2120] [0.0] [cxt 0] /home/p4/projekt/network_telemetry/src/p4src.p4(227) Primitive meta.have_processed = 0
[09:13:36.972] [bmv2] [T] [thread 2120] [0.0] [cxt 0] /home/p4/projekt/network_telemetry/src/p4src.p4(228) Condition "meta.has_int_header == 1" (node_3) is false
[09:13:36.972] [bmv2] [T] [thread 2120] [0.0] [cxt 0] Applying table 'tbl_p4src248'
[09:13:36.972] [bmv2] [D] [thread 2120] [0.0] [cxt 0] Looking up key:

[09:13:36.972] [bmv2] [D] [thread 2120] [0.0] [cxt 0] Table 'tbl_p4src248': miss
[09:13:36.972] [bmv2] [D] [thread 2120] [0.0] [cxt 0] Action entry is p4src248 - 
[09:13:36.972] [bmv2] [T] [thread 2120] [0.0] [cxt 0] Action p4src248
[09:13:36.972] [bmv2] [T] [thread 2120] [0.0] [cxt 0] /home/p4/projekt/network_telemetry/src/p4src.p4(248) Primitive meta.to_send_to_ipv6 = hdr.ipv6
[09:13:36.972] [bmv2] [T] [thread 2120] [0.0] [cxt 0] Applying table 'MyIngress.forward'
[09:13:36.972] [bmv2] [D] [thread 2120] [0.0] [cxt 0] Looking up key:
* meta.to_send_to_ipv6.Addr0: ff0200000000000000000001ffffa147

[09:13:36.972] [bmv2] [D] [thread 2120] [0.0] [cxt 0] Table 'MyIngress.forward': miss
[09:13:36.972] [bmv2] [D] [thread 2120] [0.0] [cxt 0] Action entry is NoAction - 
[09:13:36.972] [bmv2] [T] [thread 2120] [0.0] [cxt 0] Action NoAction
[09:13:36.972] [bmv2] [T] [thread 2120] [0.0] [cxt 0] /home/p4/projekt/network_telemetry/src/p4src.p4(251) Condition "meta.have_processed == 1" (node_11) is false
[09:13:36.972] [bmv2] [D] [thread 2120] [0.0] [cxt 0] Pipeline 'ingress': end
[09:13:36.972] [bmv2] [D] [thread 2120] [0.0] [cxt 0] Egress port is 0
[09:13:36.972] [bmv2] [D] [thread 2121] [0.0] [cxt 0] Pipeline 'egress': start
[09:13:36.972] [bmv2] [T] [thread 2121] [0.0] [cxt 0] /home/p4/projekt/network_telemetry/src/p4src.p4(271) Condition "meta.have_processed == 1" (node_18) is false
[09:13:36.972] [bmv2] [D] [thread 2121] [0.0] [cxt 0] Pipeline 'egress': end
[09:13:36.972] [bmv2] [D] [thread 2121] [0.0] [cxt 0] Deparser 'deparser': start
[09:13:36.972] [bmv2] [D] [thread 2121] [0.0] [cxt 0] Deparsing header 'ethernet'
[09:13:36.972] [bmv2] [D] [thread 2121] [0.0] [cxt 0] Deparsing header 'ipv6'
[09:13:36.972] [bmv2] [D] [thread 2121] [0.0] [cxt 0] Deparser 'deparser': end
[09:13:36.972] [bmv2] [D] [thread 2125] [0.0] [cxt 0] Transmitting packet of size 86 out of port 0
[09:13:36.987] [bmv2] [D] [thread 2120] [1.0] [cxt 0] Processing packet received on port 2
[09:13:36.987] [bmv2] [D] [thread 2120] [1.0] [cxt 0] Parser 'parser': start
[09:13:36.987] [bmv2] [D] [thread 2120] [1.0] [cxt 0] Parser 'parser' entering state 'start'
[09:13:36.987] [bmv2] [D] [thread 2120] [1.0] [cxt 0] Parser set: setting field 'scalars.metadata._has_int_header1' to 0
[09:13:36.987] [bmv2] [D] [thread 2120] [1.0] [cxt 0] Extracting header 'ethernet'
[09:13:36.987] [bmv2] [D] [thread 2120] [1.0] [cxt 0] Parser state 'start': key is 86dd
[09:13:36.987] [bmv2] [T] [thread 2120] [1.0] [cxt 0] Bytes parsed: 14
[09:13:36.987] [bmv2] [D] [thread 2120] [1.0] [cxt 0] Parser 'parser' entering state 'parse_ipv6'
[09:13:36.987] [bmv2] [D] [thread 2120] [1.0] [cxt 0] Extracting header 'ipv6'
[09:13:36.987] [bmv2] [D] [thread 2120] [1.0] [cxt 0] Parser state 'parse_ipv6': key is 00
[09:13:36.987] [bmv2] [T] [thread 2120] [1.0] [cxt 0] Bytes parsed: 54
[09:13:36.987] [bmv2] [D] [thread 2120] [1.0] [cxt 0] Parser 'parser': end
[09:13:36.987] [bmv2] [D] [thread 2120] [1.0] [cxt 0] Pipeline 'ingress': start
[09:13:36.987] [bmv2] [T] [thread 2120] [1.0] [cxt 0] Applying table 'tbl_p4src226'
[09:13:36.987] [bmv2] [D] [thread 2120] [1.0] [cxt 0] Looking up key:

[09:13:36.987] [bmv2] [D] [thread 2120] [1.0] [cxt 0] Table 'tbl_p4src226': miss
[09:13:36.987] [bmv2] [D] [thread 2120] [1.0] [cxt 0] Action entry is p4src226 - 
[09:13:36.987] [bmv2] [T] [thread 2120] [1.0] [cxt 0] Action p4src226
[09:13:36.987] [bmv2] [T] [thread 2120] [1.0] [cxt 0] /home/p4/projekt/network_telemetry/src/p4src.p4(226) Primitive meta.ingress_timestamp = standard_metadata.ingress_global_timestamp
[09:13:36.987] [bmv2] [T] [thread 2120] [1.0] [cxt 0] /home/p4/projekt/network_telemetry/src/p4src.p4(227) Primitive meta.have_processed = 0
[09:13:36.987] [bmv2] [T] [thread 2120] [1.0] [cxt 0] /home/p4/projekt/network_telemetry/src/p4src.p4(228) Condition "meta.has_int_header == 1" (node_3) is false
[09:13:36.987] [bmv2] [T] [thread 2120] [1.0] [cxt 0] Applying table 'tbl_p4src248'
[09:13:36.987] [bmv2] [D] [thread 2120] [1.0] [cxt 0] Looking up key:

[09:13:36.987] [bmv2] [D] [thread 2120] [1.0] [cxt 0] Table 'tbl_p4src248': miss
[09:13:36.987] [bmv2] [D] [thread 2120] [1.0] [cxt 0] Action entry is p4src248 - 
[09:13:36.987] [bmv2] [T] [thread 2120] [1.0] [cxt 0] Action p4src248
[09:13:36.987] [bmv2] [T] [thread 2120] [1.0] [cxt 0] /home/p4/projekt/network_telemetry/src/p4src.p4(248) Primitive meta.to_send_to_ipv6 = hdr.ipv6
[09:13:36.987] [bmv2] [T] [thread 2120] [1.0] [cxt 0] Applying table 'MyIngress.forward'
[09:13:36.987] [bmv2] [D] [thread 2120] [1.0] [cxt 0] Looking up key:
* meta.to_send_to_ipv6.Addr0: ff0200000000000000000001ffd5bc86

[09:13:36.987] [bmv2] [D] [thread 2120] [1.0] [cxt 0] Table 'MyIngress.forward': miss
[09:13:36.987] [bmv2] [D] [thread 2120] [1.0] [cxt 0] Action entry is NoAction - 
[09:13:36.987] [bmv2] [T] [thread 2120] [1.0] [cxt 0] Action NoAction
[09:13:36.987] [bmv2] [T] [thread 2120] [1.0] [cxt 0] /home/p4/projekt/network_telemetry/src/p4src.p4(251) Condition "meta.have_processed == 1" (node_11) is false
[09:13:36.987] [bmv2] [D] [thread 2120] [1.0] [cxt 0] Pipeline 'ingress': end
[09:13:36.987] [bmv2] [D] [thread 2120] [1.0] [cxt 0] Egress port is 0
[09:13:36.987] [bmv2] [D] [thread 2121] [1.0] [cxt 0] Pipeline 'egress': start
[09:13:36.987] [bmv2] [T] [thread 2121] [1.0] [cxt 0] /home/p4/projekt/network_telemetry/src/p4src.p4(271) Condition "meta.have_processed == 1" (node_18) is false
[09:13:36.987] [bmv2] [D] [thread 2121] [1.0] [cxt 0] Pipeline 'egress': end
[09:13:36.987] [bmv2] [D] [thread 2121] [1.0] [cxt 0] Deparser 'deparser': start
[09:13:36.987] [bmv2] [D] [thread 2121] [1.0] [cxt 0] Deparsing header 'ethernet'
[09:13:36.987] [bmv2] [D] [thread 2121] [1.0] [cxt 0] Deparsing header 'ipv6'
[09:13:36.987] [bmv2] [D] [thread 2121] [1.0] [cxt 0] Deparser 'deparser': end
[09:13:36.987] [bmv2] [D] [thread 2125] [1.0] [cxt 0] Transmitting packet of size 86 out of port 0
[09:13:37.083] [bmv2] [D] [thread 2120] [2.0] [cxt 0] Processing packet received on port 1
[09:13:37.083] [bmv2] [D] [thread 2120] [2.0] [cxt 0] Parser 'parser': start
[09:13:37.083] [bmv2] [D] [thread 2120] [2.0] [cxt 0] Parser 'parser' entering state 'start'
[09:13:37.083] [bmv2] [D] [thread 2120] [2.0] [cxt 0] Parser set: setting field 'scalars.metadata._has_int_header1' to 0
[09:13:37.083] [bmv2] [D] [thread 2120] [2.0] [cxt 0] Extracting header 'ethernet'
[09:13:37.083] [bmv2] [D] [thread 2120] [2.0] [cxt 0] Parser state 'start': key is 86dd
[09:13:37.083] [bmv2] [T] [thread 2120] [2.0] [cxt 0] Bytes parsed: 14
[09:13:37.083] [bmv2] [D] [thread 2120] [2.0] [cxt 0] Parser 'parser' entering state 'parse_ipv6'
[09:13:37.083] [bmv2] [D] [thread 2120] [2.0] [cxt 0] Extracting header 'ipv6'
[09:13:37.083] [bmv2] [D] [thread 2120] [2.0] [cxt 0] Parser state 'parse_ipv6': key is 00
[09:13:37.083] [bmv2] [T] [thread 2120] [2.0] [cxt 0] Bytes parsed: 54
[09:13:37.083] [bmv2] [D] [thread 2120] [2.0] [cxt 0] Parser 'parser': end
[09:13:37.083] [bmv2] [D] [thread 2120] [2.0] [cxt 0] Pipeline 'ingress': start
[09:13:37.083] [bmv2] [T] [thread 2120] [2.0] [cxt 0] Applying table 'tbl_p4src226'
[09:13:37.083] [bmv2] [D] [thread 2120] [2.0] [cxt 0] Looking up key:

[09:13:37.083] [bmv2] [D] [thread 2120] [2.0] [cxt 0] Table 'tbl_p4src226': miss
[09:13:37.083] [bmv2] [D] [thread 2120] [2.0] [cxt 0] Action entry is p4src226 - 
[09:13:37.083] [bmv2] [T] [thread 2120] [2.0] [cxt 0] Action p4src226
[09:13:37.083] [bmv2] [T] [thread 2120] [2.0] [cxt 0] /home/p4/projekt/network_telemetry/src/p4src.p4(226) Primitive meta.ingress_timestamp = standard_metadata.ingress_global_timestamp
[09:13:37.083] [bmv2] [T] [thread 2120] [2.0] [cxt 0] /home/p4/projekt/network_telemetry/src/p4src.p4(227) Primitive meta.have_processed = 0
[09:13:37.083] [bmv2] [T] [thread 2120] [2.0] [cxt 0] /home/p4/projekt/network_telemetry/src/p4src.p4(228) Condition "meta.has_int_header == 1" (node_3) is false
[09:13:37.083] [bmv2] [T] [thread 2120] [2.0] [cxt 0] Applying table 'tbl_p4src248'
[09:13:37.083] [bmv2] [D] [thread 2120] [2.0] [cxt 0] Looking up key:

[09:13:37.083] [bmv2] [D] [thread 2120] [2.0] [cxt 0] Table 'tbl_p4src248': miss
[09:13:37.083] [bmv2] [D] [thread 2120] [2.0] [cxt 0] Action entry is p4src248 - 
[09:13:37.083] [bmv2] [T] [thread 2120] [2.0] [cxt 0] Action p4src248
[09:13:37.083] [bmv2] [T] [thread 2120] [2.0] [cxt 0] /home/p4/projekt/network_telemetry/src/p4src.p4(248) Primitive meta.to_send_to_ipv6 = hdr.ipv6
[09:13:37.083] [bmv2] [T] [thread 2120] [2.0] [cxt 0] Applying table 'MyIngress.forward'
[09:13:37.083] [bmv2] [D] [thread 2120] [2.0] [cxt 0] Looking up key:
* meta.to_send_to_ipv6.Addr0: ff020000000000000000000000000016

[09:13:37.083] [bmv2] [D] [thread 2120] [2.0] [cxt 0] Table 'MyIngress.forward': miss
[09:13:37.083] [bmv2] [D] [thread 2120] [2.0] [cxt 0] Action entry is NoAction - 
[09:13:37.083] [bmv2] [T] [thread 2120] [2.0] [cxt 0] Action NoAction
[09:13:37.083] [bmv2] [T] [thread 2120] [2.0] [cxt 0] /home/p4/projekt/network_telemetry/src/p4src.p4(251) Condition "meta.have_processed == 1" (node_11) is false
[09:13:37.083] [bmv2] [D] [thread 2120] [2.0] [cxt 0] Pipeline 'ingress': end
[09:13:37.083] [bmv2] [D] [thread 2120] [2.0] [cxt 0] Egress port is 0
[09:13:37.083] [bmv2] [D] [thread 2120] [3.0] [cxt 0] Processing packet received on port 3
[09:13:37.083] [bmv2] [D] [thread 2121] [2.0] [cxt 0] Pipeline 'egress': start
[09:13:37.083] [bmv2] [D] [thread 2120] [3.0] [cxt 0] Parser 'parser': start
[09:13:37.083] [bmv2] [T] [thread 2121] [2.0] [cxt 0] /home/p4/projekt/network_telemetry/src/p4src.p4(271) Condition "meta.have_processed == 1" (node_18) is false
[09:13:37.083] [bmv2] [D] [thread 2120] [3.0] [cxt 0] Parser 'parser' entering state 'start'
[09:13:37.083] [bmv2] [D] [thread 2121] [2.0] [cxt 0] Pipeline 'egress': end
[09:13:37.083] [bmv2] [D] [thread 2121] [2.0] [cxt 0] Deparser 'deparser': start
[09:13:37.083] [bmv2] [D] [thread 2120] [3.0] [cxt 0] Parser set: setting field 'scalars.metadata._has_int_header1' to 0
[09:13:37.083] [bmv2] [D] [thread 2121] [2.0] [cxt 0] Deparsing header 'ethernet'
[09:13:37.083] [bmv2] [D] [thread 2120] [3.0] [cxt 0] Extracting header 'ethernet'
[09:13:37.083] [bmv2] [D] [thread 2121] [2.0] [cxt 0] Deparsing header 'ipv6'
[09:13:37.083] [bmv2] [D] [thread 2121] [2.0] [cxt 0] Deparser 'deparser': end
[09:13:37.083] [bmv2] [D] [thread 2120] [3.0] [cxt 0] Parser state 'start': key is 86dd
[09:13:37.083] [bmv2] [T] [thread 2120] [3.0] [cxt 0] Bytes parsed: 14
[09:13:37.083] [bmv2] [D] [thread 2120] [3.0] [cxt 0] Parser 'parser' entering state 'parse_ipv6'
[09:13:37.083] [bmv2] [D] [thread 2120] [3.0] [cxt 0] Extracting header 'ipv6'
[09:13:37.083] [bmv2] [D] [thread 2125] [2.0] [cxt 0] Transmitting packet of size 90 out of port 0
[09:13:37.083] [bmv2] [D] [thread 2120] [3.0] [cxt 0] Parser state 'parse_ipv6': key is 00
[09:13:37.083] [bmv2] [T] [thread 2120] [3.0] [cxt 0] Bytes parsed: 54
[09:13:37.083] [bmv2] [D] [thread 2120] [3.0] [cxt 0] Parser 'parser': end
[09:13:37.083] [bmv2] [D] [thread 2120] [3.0] [cxt 0] Pipeline 'ingress': start
[09:13:37.083] [bmv2] [T] [thread 2120] [3.0] [cxt 0] Applying table 'tbl_p4src226'
[09:13:37.083] [bmv2] [D] [thread 2120] [3.0] [cxt 0] Looking up key:

[09:13:37.083] [bmv2] [D] [thread 2120] [3.0] [cxt 0] Table 'tbl_p4src226': miss
[09:13:37.083] [bmv2] [D] [thread 2120] [3.0] [cxt 0] Action entry is p4src226 - 
[09:13:37.083] [bmv2] [T] [thread 2120] [3.0] [cxt 0] Action p4src226
[09:13:37.083] [bmv2] [T] [thread 2120] [3.0] [cxt 0] /home/p4/projekt/network_telemetry/src/p4src.p4(226) Primitive meta.ingress_timestamp = standard_metadata.ingress_global_timestamp
[09:13:37.083] [bmv2] [T] [thread 2120] [3.0] [cxt 0] /home/p4/projekt/network_telemetry/src/p4src.p4(227) Primitive meta.have_processed = 0
[09:13:37.083] [bmv2] [T] [thread 2120] [3.0] [cxt 0] /home/p4/projekt/network_telemetry/src/p4src.p4(228) Condition "meta.has_int_header == 1" (node_3) is false
[09:13:37.083] [bmv2] [T] [thread 2120] [3.0] [cxt 0] Applying table 'tbl_p4src248'
[09:13:37.083] [bmv2] [D] [thread 2120] [3.0] [cxt 0] Looking up key:

[09:13:37.083] [bmv2] [D] [thread 2120] [3.0] [cxt 0] Table 'tbl_p4src248': miss
[09:13:37.083] [bmv2] [D] [thread 2120] [3.0] [cxt 0] Action entry is p4src248 - 
[09:13:37.083] [bmv2] [T] [thread 2120] [3.0] [cxt 0] Action p4src248
[09:13:37.083] [bmv2] [T] [thread 2120] [3.0] [cxt 0] /home/p4/projekt/network_telemetry/src/p4src.p4(248) Primitive meta.to_send_to_ipv6 = hdr.ipv6
[09:13:37.083] [bmv2] [T] [thread 2120] [3.0] [cxt 0] Applying table 'MyIngress.forward'
[09:13:37.083] [bmv2] [D] [thread 2120] [3.0] [cxt 0] Looking up key:
* meta.to_send_to_ipv6.Addr0: ff020000000000000000000000000016

[09:13:37.083] [bmv2] [D] [thread 2120] [3.0] [cxt 0] Table 'MyIngress.forward': miss
[09:13:37.083] [bmv2] [D] [thread 2120] [3.0] [cxt 0] Action entry is NoAction - 
[09:13:37.083] [bmv2] [T] [thread 2120] [3.0] [cxt 0] Action NoAction
[09:13:37.083] [bmv2] [T] [thread 2120] [3.0] [cxt 0] /home/p4/projekt/network_telemetry/src/p4src.p4(251) Condition "meta.have_processed == 1" (node_11) is false
[09:13:37.083] [bmv2] [D] [thread 2120] [3.0] [cxt 0] Pipeline 'ingress': end
[09:13:37.083] [bmv2] [D] [thread 2120] [3.0] [cxt 0] Egress port is 0
[09:13:37.083] [bmv2] [D] [thread 2121] [3.0] [cxt 0] Pipeline 'egress': start
[09:13:37.083] [bmv2] [T] [thread 2121] [3.0] [cxt 0] /home/p4/projekt/network_telemetry/src/p4src.p4(271) Condition "meta.have_processed == 1" (node_18) is false
[09:13:37.083] [bmv2] [D] [thread 2121] [3.0] [cxt 0] Pipeline 'egress': end
[09:13:37.083] [bmv2] [D] [thread 2121] [3.0] [cxt 0] Deparser 'deparser': start
[09:13:37.083] [bmv2] [D] [thread 2121] [3.0] [cxt 0] Deparsing header 'ethernet'
[09:13:37.083] [bmv2] [D] [thread 2121] [3.0] [cxt 0] Deparsing header 'ipv6'
[09:13:37.083] [bmv2] [D] [thread 2121] [3.0] [cxt 0] Deparser 'deparser': end
[09:13:37.083] [bmv2] [D] [thread 2125] [3.0] [cxt 0] Transmitting packet of size 90 out of port 0
[09:13:37.179] [bmv2] [D] [thread 2120] [4.0] [cxt 0] Processing packet received on port 4
[09:13:37.179] [bmv2] [D] [thread 2120] [4.0] [cxt 0] Parser 'parser': start
[09:13:37.179] [bmv2] [D] [thread 2120] [4.0] [cxt 0] Parser 'parser' entering state 'start'
[09:13:37.179] [bmv2] [D] [thread 2120] [4.0] [cxt 0] Parser set: setting field 'scalars.metadata._has_int_header1' to 0
[09:13:37.179] [bmv2] [D] [thread 2120] [4.0] [cxt 0] Extracting header 'ethernet'
[09:13:37.179] [bmv2] [D] [thread 2120] [4.0] [cxt 0] Parser state 'start': key is 86dd
[09:13:37.179] [bmv2] [T] [thread 2120] [4.0] [cxt 0] Bytes parsed: 14
[09:13:37.179] [bmv2] [D] [thread 2120] [4.0] [cxt 0] Parser 'parser' entering state 'parse_ipv6'
[09:13:37.179] [bmv2] [D] [thread 2120] [4.0] [cxt 0] Extracting header 'ipv6'
[09:13:37.179] [bmv2] [D] [thread 2120] [4.0] [cxt 0] Parser state 'parse_ipv6': key is 00
[09:13:37.179] [bmv2] [T] [thread 2120] [4.0] [cxt 0] Bytes parsed: 54
[09:13:37.179] [bmv2] [D] [thread 2120] [4.0] [cxt 0] Parser 'parser': end
[09:13:37.179] [bmv2] [D] [thread 2120] [4.0] [cxt 0] Pipeline 'ingress': start
[09:13:37.179] [bmv2] [T] [thread 2120] [4.0] [cxt 0] Applying table 'tbl_p4src226'
[09:13:37.179] [bmv2] [D] [thread 2120] [4.0] [cxt 0] Looking up key:

[09:13:37.179] [bmv2] [D] [thread 2120] [4.0] [cxt 0] Table 'tbl_p4src226': miss
[09:13:37.179] [bmv2] [D] [thread 2120] [4.0] [cxt 0] Action entry is p4src226 - 
[09:13:37.179] [bmv2] [T] [thread 2120] [4.0] [cxt 0] Action p4src226
[09:13:37.179] [bmv2] [T] [thread 2120] [4.0] [cxt 0] /home/p4/projekt/network_telemetry/src/p4src.p4(226) Primitive meta.ingress_timestamp = standard_metadata.ingress_global_timestamp
[09:13:37.179] [bmv2] [T] [thread 2120] [4.0] [cxt 0] /home/p4/projekt/network_telemetry/src/p4src.p4(227) Primitive meta.have_processed = 0
[09:13:37.179] [bmv2] [T] [thread 2120] [4.0] [cxt 0] /home/p4/projekt/network_telemetry/src/p4src.p4(228) Condition "meta.has_int_header == 1" (node_3) is false
[09:13:37.179] [bmv2] [T] [thread 2120] [4.0] [cxt 0] Applying table 'tbl_p4src248'
[09:13:37.179] [bmv2] [D] [thread 2120] [4.0] [cxt 0] Looking up key:

[09:13:37.179] [bmv2] [D] [thread 2120] [4.0] [cxt 0] Table 'tbl_p4src248': miss
[09:13:37.179] [bmv2] [D] [thread 2120] [4.0] [cxt 0] Action entry is p4src248 - 
[09:13:37.179] [bmv2] [T] [thread 2120] [4.0] [cxt 0] Action p4src248
[09:13:37.179] [bmv2] [T] [thread 2120] [4.0] [cxt 0] /home/p4/projekt/network_telemetry/src/p4src.p4(248) Primitive meta.to_send_to_ipv6 = hdr.ipv6
[09:13:37.179] [bmv2] [T] [thread 2120] [4.0] [cxt 0] Applying table 'MyIngress.forward'
[09:13:37.179] [bmv2] [D] [thread 2120] [4.0] [cxt 0] Looking up key:
* meta.to_send_to_ipv6.Addr0: ff0200000000000000000001ff4bb85e

[09:13:37.179] [bmv2] [D] [thread 2120] [4.0] [cxt 0] Table 'MyIngress.forward': miss
[09:13:37.179] [bmv2] [D] [thread 2120] [4.0] [cxt 0] Action entry is NoAction - 
[09:13:37.179] [bmv2] [T] [thread 2120] [4.0] [cxt 0] Action NoAction
[09:13:37.179] [bmv2] [T] [thread 2120] [4.0] [cxt 0] /home/p4/projekt/network_telemetry/src/p4src.p4(251) Condition "meta.have_processed == 1" (node_11) is false
[09:13:37.179] [bmv2] [D] [thread 2120] [4.0] [cxt 0] Pipeline 'ingress': end
[09:13:37.179] [bmv2] [D] [thread 2120] [4.0] [cxt 0] Egress port is 0
[09:13:37.179] [bmv2] [D] [thread 2121] [4.0] [cxt 0] Pipeline 'egress': start
[09:13:37.179] [bmv2] [T] [thread 2121] [4.0] [cxt 0] /home/p4/projekt/network_telemetry/src/p4src.p4(271) Condition "meta.have_processed == 1" (node_18) is false
[09:13:37.179] [bmv2] [D] [thread 2121] [4.0] [cxt 0] Pipeline 'egress': end
[09:13:37.179] [bmv2] [D] [thread 2121] [4.0] [cxt 0] Deparser 'deparser': start
[09:13:37.179] [bmv2] [D] [thread 2121] [4.0] [cxt 0] Deparsing header 'ethernet'
[09:13:37.179] [bmv2] [D] [thread 2121] [4.0] [cxt 0] Deparsing header 'ipv6'
[09:13:37.179] [bmv2] [D] [thread 2121] [4.0] [cxt 0] Deparser 'deparser': end
[09:13:37.179] [bmv2] [D] [thread 2125] [4.0] [cxt 0] Transmitting packet of size 86 out of port 0
[09:13:37.211] [bmv2] [D] [thread 2120] [5.0] [cxt 0] Processing packet received on port 2
[09:13:37.211] [bmv2] [D] [thread 2120] [5.0] [cxt 0] Parser 'parser': start
[09:13:37.211] [bmv2] [D] [thread 2120] [5.0] [cxt 0] Parser 'parser' entering state 'start'
[09:13:37.211] [bmv2] [D] [thread 2120] [5.0] [cxt 0] Parser set: setting field 'scalars.metadata._has_int_header1' to 0
[09:13:37.211] [bmv2] [D] [thread 2120] [5.0] [cxt 0] Extracting header 'ethernet'
[09:13:37.211] [bmv2] [D] [thread 2120] [5.0] [cxt 0] Parser state 'start': key is 86dd
[09:13:37.211] [bmv2] [T] [thread 2120] [5.0] [cxt 0] Bytes parsed: 14
[09:13:37.211] [bmv2] [D] [thread 2120] [5.0] [cxt 0] Parser 'parser' entering state 'parse_ipv6'
[09:13:37.211] [bmv2] [D] [thread 2120] [5.0] [cxt 0] Extracting header 'ipv6'
[09:13:37.211] [bmv2] [D] [thread 2120] [5.0] [cxt 0] Parser state 'parse_ipv6': key is 00
[09:13:37.211] [bmv2] [T] [thread 2120] [5.0] [cxt 0] Bytes parsed: 54
[09:13:37.211] [bmv2] [D] [thread 2120] [5.0] [cxt 0] Parser 'parser': end
[09:13:37.211] [bmv2] [D] [thread 2120] [5.0] [cxt 0] Pipeline 'ingress': start
[09:13:37.211] [bmv2] [T] [thread 2120] [5.0] [cxt 0] Applying table 'tbl_p4src226'
[09:13:37.211] [bmv2] [D] [thread 2120] [5.0] [cxt 0] Looking up key:

[09:13:37.211] [bmv2] [D] [thread 2120] [5.0] [cxt 0] Table 'tbl_p4src226': miss
[09:13:37.211] [bmv2] [D] [thread 2120] [5.0] [cxt 0] Action entry is p4src226 - 
[09:13:37.211] [bmv2] [T] [thread 2120] [5.0] [cxt 0] Action p4src226
[09:13:37.211] [bmv2] [T] [thread 2120] [5.0] [cxt 0] /home/p4/projekt/network_telemetry/src/p4src.p4(226) Primitive meta.ingress_timestamp = standard_metadata.ingress_global_timestamp
[09:13:37.211] [bmv2] [T] [thread 2120] [5.0] [cxt 0] /home/p4/projekt/network_telemetry/src/p4src.p4(227) Primitive meta.have_processed = 0
[09:13:37.211] [bmv2] [T] [thread 2120] [5.0] [cxt 0] /home/p4/projekt/network_telemetry/src/p4src.p4(228) Condition "meta.has_int_header == 1" (node_3) is false
[09:13:37.211] [bmv2] [T] [thread 2120] [5.0] [cxt 0] Applying table 'tbl_p4src248'
[09:13:37.211] [bmv2] [D] [thread 2120] [5.0] [cxt 0] Looking up key:

[09:13:37.211] [bmv2] [D] [thread 2120] [5.0] [cxt 0] Table 'tbl_p4src248': miss
[09:13:37.211] [bmv2] [D] [thread 2120] [5.0] [cxt 0] Action entry is p4src248 - 
[09:13:37.211] [bmv2] [T] [thread 2120] [5.0] [cxt 0] Action p4src248
[09:13:37.211] [bmv2] [T] [thread 2120] [5.0] [cxt 0] /home/p4/projekt/network_telemetry/src/p4src.p4(248) Primitive meta.to_send_to_ipv6 = hdr.ipv6
[09:13:37.211] [bmv2] [T] [thread 2120] [5.0] [cxt 0] Applying table 'MyIngress.forward'
[09:13:37.211] [bmv2] [D] [thread 2120] [5.0] [cxt 0] Looking up key:
* meta.to_send_to_ipv6.Addr0: ff020000000000000000000000000016

[09:13:37.211] [bmv2] [D] [thread 2120] [5.0] [cxt 0] Table 'MyIngress.forward': miss
[09:13:37.211] [bmv2] [D] [thread 2120] [5.0] [cxt 0] Action entry is NoAction - 
[09:13:37.211] [bmv2] [T] [thread 2120] [5.0] [cxt 0] Action NoAction
[09:13:37.211] [bmv2] [T] [thread 2120] [5.0] [cxt 0] /home/p4/projekt/network_telemetry/src/p4src.p4(251) Condition "meta.have_processed == 1" (node_11) is false
[09:13:37.211] [bmv2] [D] [thread 2120] [5.0] [cxt 0] Pipeline 'ingress': end
[09:13:37.211] [bmv2] [D] [thread 2120] [5.0] [cxt 0] Egress port is 0
[09:13:37.211] [bmv2] [D] [thread 2121] [5.0] [cxt 0] Pipeline 'egress': start
[09:13:37.211] [bmv2] [T] [thread 2121] [5.0] [cxt 0] /home/p4/projekt/network_telemetry/src/p4src.p4(271) Condition "meta.have_processed == 1" (node_18) is false
[09:13:37.211] [bmv2] [D] [thread 2121] [5.0] [cxt 0] Pipeline 'egress': end
[09:13:37.211] [bmv2] [D] [thread 2121] [5.0] [cxt 0] Deparser 'deparser': start
[09:13:37.211] [bmv2] [D] [thread 2121] [5.0] [cxt 0] Deparsing header 'ethernet'
[09:13:37.211] [bmv2] [D] [thread 2121] [5.0] [cxt 0] Deparsing header 'ipv6'
[09:13:37.211] [bmv2] [D] [thread 2121] [5.0] [cxt 0] Deparser 'deparser': end
[09:13:37.211] [bmv2] [D] [thread 2125] [5.0] [cxt 0] Transmitting packet of size 90 out of port 0
[09:13:37.243] [bmv2] [D] [thread 2120] [6.0] [cxt 0] Processing packet received on port 1
[09:13:37.243] [bmv2] [D] [thread 2120] [6.0] [cxt 0] Parser 'parser': start
[09:13:37.243] [bmv2] [D] [thread 2120] [6.0] [cxt 0] Parser 'parser' entering state 'start'
[09:13:37.243] [bmv2] [D] [thread 2120] [6.0] [cxt 0] Parser set: setting field 'scalars.metadata._has_int_header1' to 0
[09:13:37.243] [bmv2] [D] [thread 2120] [6.0] [cxt 0] Extracting header 'ethernet'
[09:13:37.243] [bmv2] [D] [thread 2120] [6.0] [cxt 0] Parser state 'start': key is 86dd
[09:13:37.243] [bmv2] [T] [thread 2120] [6.0] [cxt 0] Bytes parsed: 14
[09:13:37.243] [bmv2] [D] [thread 2120] [6.0] [cxt 0] Parser 'parser' entering state 'parse_ipv6'
[09:13:37.243] [bmv2] [D] [thread 2120] [6.0] [cxt 0] Extracting header 'ipv6'
[09:13:37.243] [bmv2] [D] [thread 2120] [6.0] [cxt 0] Parser state 'parse_ipv6': key is 00
[09:13:37.243] [bmv2] [T] [thread 2120] [6.0] [cxt 0] Bytes parsed: 54
[09:13:37.243] [bmv2] [D] [thread 2120] [6.0] [cxt 0] Parser 'parser': end
[09:13:37.243] [bmv2] [D] [thread 2120] [6.0] [cxt 0] Pipeline 'ingress': start
[09:13:37.243] [bmv2] [T] [thread 2120] [6.0] [cxt 0] Applying table 'tbl_p4src226'
[09:13:37.243] [bmv2] [D] [thread 2120] [6.0] [cxt 0] Looking up key:

[09:13:37.243] [bmv2] [D] [thread 2120] [6.0] [cxt 0] Table 'tbl_p4src226': miss
[09:13:37.243] [bmv2] [D] [thread 2120] [6.0] [cxt 0] Action entry is p4src226 - 
[09:13:37.243] [bmv2] [T] [thread 2120] [6.0] [cxt 0] Action p4src226
[09:13:37.243] [bmv2] [T] [thread 2120] [6.0] [cxt 0] /home/p4/projekt/network_telemetry/src/p4src.p4(226) Primitive meta.ingress_timestamp = standard_metadata.ingress_global_timestamp
[09:13:37.243] [bmv2] [T] [thread 2120] [6.0] [cxt 0] /home/p4/projekt/network_telemetry/src/p4src.p4(227) Primitive meta.have_processed = 0
[09:13:37.243] [bmv2] [T] [thread 2120] [6.0] [cxt 0] /home/p4/projekt/network_telemetry/src/p4src.p4(228) Condition "meta.has_int_header == 1" (node_3) is false
[09:13:37.243] [bmv2] [T] [thread 2120] [6.0] [cxt 0] Applying table 'tbl_p4src248'
[09:13:37.243] [bmv2] [D] [thread 2120] [6.0] [cxt 0] Looking up key:

[09:13:37.243] [bmv2] [D] [thread 2120] [6.0] [cxt 0] Table 'tbl_p4src248': miss
[09:13:37.243] [bmv2] [D] [thread 2120] [6.0] [cxt 0] Action entry is p4src248 - 
[09:13:37.243] [bmv2] [T] [thread 2120] [6.0] [cxt 0] Action p4src248
[09:13:37.243] [bmv2] [T] [thread 2120] [6.0] [cxt 0] /home/p4/projekt/network_telemetry/src/p4src.p4(248) Primitive meta.to_send_to_ipv6 = hdr.ipv6
[09:13:37.243] [bmv2] [T] [thread 2120] [6.0] [cxt 0] Applying table 'MyIngress.forward'
[09:13:37.243] [bmv2] [D] [thread 2120] [6.0] [cxt 0] Looking up key:
* meta.to_send_to_ipv6.Addr0: ff0200000000000000000001ffced36e

[09:13:37.243] [bmv2] [D] [thread 2120] [6.0] [cxt 0] Table 'MyIngress.forward': miss
[09:13:37.243] [bmv2] [D] [thread 2120] [6.0] [cxt 0] Action entry is NoAction - 
[09:13:37.243] [bmv2] [T] [thread 2120] [6.0] [cxt 0] Action NoAction
[09:13:37.243] [bmv2] [T] [thread 2120] [6.0] [cxt 0] /home/p4/projekt/network_telemetry/src/p4src.p4(251) Condition "meta.have_processed == 1" (node_11) is false
[09:13:37.243] [bmv2] [D] [thread 2120] [6.0] [cxt 0] Pipeline 'ingress': end
[09:13:37.243] [bmv2] [D] [thread 2120] [6.0] [cxt 0] Egress port is 0
[09:13:37.243] [bmv2] [D] [thread 2120] [7.0] [cxt 0] Processing packet received on port 2
[09:13:37.243] [bmv2] [D] [thread 2120] [7.0] [cxt 0] Parser 'parser': start
[09:13:37.243] [bmv2] [D] [thread 2120] [7.0] [cxt 0] Parser 'parser' entering state 'start'
[09:13:37.243] [bmv2] [D] [thread 2120] [7.0] [cxt 0] Parser set: setting field 'scalars.metadata._has_int_header1' to 0
[09:13:37.243] [bmv2] [D] [thread 2120] [7.0] [cxt 0] Extracting header 'ethernet'
[09:13:37.243] [bmv2] [D] [thread 2120] [7.0] [cxt 0] Parser state 'start': key is 86dd
[09:13:37.243] [bmv2] [T] [thread 2120] [7.0] [cxt 0] Bytes parsed: 14
[09:13:37.243] [bmv2] [D] [thread 2120] [7.0] [cxt 0] Parser 'parser' entering state 'parse_ipv6'
[09:13:37.243] [bmv2] [D] [thread 2120] [7.0] [cxt 0] Extracting header 'ipv6'
[09:13:37.243] [bmv2] [D] [thread 2120] [7.0] [cxt 0] Parser state 'parse_ipv6': key is 00
[09:13:37.243] [bmv2] [T] [thread 2120] [7.0] [cxt 0] Bytes parsed: 54
[09:13:37.243] [bmv2] [D] [thread 2120] [7.0] [cxt 0] Parser 'parser': end
[09:13:37.243] [bmv2] [D] [thread 2120] [7.0] [cxt 0] Pipeline 'ingress': start
[09:13:37.243] [bmv2] [T] [thread 2120] [7.0] [cxt 0] Applying table 'tbl_p4src226'
[09:13:37.243] [bmv2] [D] [thread 2120] [7.0] [cxt 0] Looking up key:

[09:13:37.243] [bmv2] [D] [thread 2120] [7.0] [cxt 0] Table 'tbl_p4src226': miss
[09:13:37.243] [bmv2] [D] [thread 2120] [7.0] [cxt 0] Action entry is p4src226 - 
[09:13:37.243] [bmv2] [T] [thread 2120] [7.0] [cxt 0] Action p4src226
[09:13:37.243] [bmv2] [T] [thread 2120] [7.0] [cxt 0] /home/p4/projekt/network_telemetry/src/p4src.p4(226) Primitive meta.ingress_timestamp = standard_metadata.ingress_global_timestamp
[09:13:37.243] [bmv2] [T] [thread 2120] [7.0] [cxt 0] /home/p4/projekt/network_telemetry/src/p4src.p4(227) Primitive meta.have_processed = 0
[09:13:37.243] [bmv2] [T] [thread 2120] [7.0] [cxt 0] /home/p4/projekt/network_telemetry/src/p4src.p4(228) Condition "meta.has_int_header == 1" (node_3) is false
[09:13:37.243] [bmv2] [T] [thread 2120] [7.0] [cxt 0] Applying table 'tbl_p4src248'
[09:13:37.243] [bmv2] [D] [thread 2120] [7.0] [cxt 0] Looking up key:

[09:13:37.243] [bmv2] [D] [thread 2120] [7.0] [cxt 0] Table 'tbl_p4src248': miss
[09:13:37.243] [bmv2] [D] [thread 2120] [7.0] [cxt 0] Action entry is p4src248 - 
[09:13:37.243] [bmv2] [T] [thread 2120] [7.0] [cxt 0] Action p4src248
[09:13:37.243] [bmv2] [T] [thread 2120] [7.0] [cxt 0] /home/p4/projekt/network_telemetry/src/p4src.p4(248) Primitive meta.to_send_to_ipv6 = hdr.ipv6
[09:13:37.243] [bmv2] [T] [thread 2120] [7.0] [cxt 0] Applying table 'MyIngress.forward'
[09:13:37.243] [bmv2] [D] [thread 2120] [7.0] [cxt 0] Looking up key:
* meta.to_send_to_ipv6.Addr0: ff0200000000000000000001ff6dbbab

[09:13:37.243] [bmv2] [D] [thread 2120] [7.0] [cxt 0] Table 'MyIngress.forward': miss
[09:13:37.243] [bmv2] [D] [thread 2120] [7.0] [cxt 0] Action entry is NoAction - 
[09:13:37.243] [bmv2] [T] [thread 2120] [7.0] [cxt 0] Action NoAction
[09:13:37.243] [bmv2] [T] [thread 2120] [7.0] [cxt 0] /home/p4/projekt/network_telemetry/src/p4src.p4(251) Condition "meta.have_processed == 1" (node_11) is false
[09:13:37.243] [bmv2] [D] [thread 2120] [7.0] [cxt 0] Pipeline 'ingress': end
[09:13:37.243] [bmv2] [D] [thread 2120] [7.0] [cxt 0] Egress port is 0
[09:13:37.243] [bmv2] [D] [thread 2120] [8.0] [cxt 0] Processing packet received on port 3
[09:13:37.243] [bmv2] [D] [thread 2120] [8.0] [cxt 0] Parser 'parser': start
[09:13:37.244] [bmv2] [D] [thread 2120] [8.0] [cxt 0] Parser 'parser' entering state 'start'
[09:13:37.244] [bmv2] [D] [thread 2120] [8.0] [cxt 0] Parser set: setting field 'scalars.metadata._has_int_header1' to 0
[09:13:37.244] [bmv2] [D] [thread 2120] [8.0] [cxt 0] Extracting header 'ethernet'
[09:13:37.244] [bmv2] [D] [thread 2120] [8.0] [cxt 0] Parser state 'start': key is 86dd
[09:13:37.244] [bmv2] [T] [thread 2120] [8.0] [cxt 0] Bytes parsed: 14
[09:13:37.244] [bmv2] [D] [thread 2120] [8.0] [cxt 0] Parser 'parser' entering state 'parse_ipv6'
[09:13:37.244] [bmv2] [D] [thread 2120] [8.0] [cxt 0] Extracting header 'ipv6'
[09:13:37.244] [bmv2] [D] [thread 2120] [8.0] [cxt 0] Parser state 'parse_ipv6': key is 00
[09:13:37.244] [bmv2] [T] [thread 2120] [8.0] [cxt 0] Bytes parsed: 54
[09:13:37.244] [bmv2] [D] [thread 2120] [8.0] [cxt 0] Parser 'parser': end
[09:13:37.244] [bmv2] [D] [thread 2120] [8.0] [cxt 0] Pipeline 'ingress': start
[09:13:37.244] [bmv2] [T] [thread 2120] [8.0] [cxt 0] Applying table 'tbl_p4src226'
[09:13:37.244] [bmv2] [D] [thread 2120] [8.0] [cxt 0] Looking up key:

[09:13:37.244] [bmv2] [D] [thread 2120] [8.0] [cxt 0] Table 'tbl_p4src226': miss
[09:13:37.244] [bmv2] [D] [thread 2120] [8.0] [cxt 0] Action entry is p4src226 - 
[09:13:37.244] [bmv2] [T] [thread 2120] [8.0] [cxt 0] Action p4src226
[09:13:37.244] [bmv2] [T] [thread 2120] [8.0] [cxt 0] /home/p4/projekt/network_telemetry/src/p4src.p4(226) Primitive meta.ingress_timestamp = standard_metadata.ingress_global_timestamp
[09:13:37.244] [bmv2] [T] [thread 2120] [8.0] [cxt 0] /home/p4/projekt/network_telemetry/src/p4src.p4(227) Primitive meta.have_processed = 0
[09:13:37.244] [bmv2] [T] [thread 2120] [8.0] [cxt 0] /home/p4/projekt/network_telemetry/src/p4src.p4(228) Condition "meta.has_int_header == 1" (node_3) is false
[09:13:37.244] [bmv2] [T] [thread 2120] [8.0] [cxt 0] Applying table 'tbl_p4src248'
[09:13:37.244] [bmv2] [D] [thread 2120] [8.0] [cxt 0] Looking up key:

[09:13:37.244] [bmv2] [D] [thread 2120] [8.0] [cxt 0] Table 'tbl_p4src248': miss
[09:13:37.244] [bmv2] [D] [thread 2120] [8.0] [cxt 0] Action entry is p4src248 - 
[09:13:37.244] [bmv2] [T] [thread 2120] [8.0] [cxt 0] Action p4src248
[09:13:37.244] [bmv2] [T] [thread 2120] [8.0] [cxt 0] /home/p4/projekt/network_telemetry/src/p4src.p4(248) Primitive meta.to_send_to_ipv6 = hdr.ipv6
[09:13:37.244] [bmv2] [T] [thread 2120] [8.0] [cxt 0] Applying table 'MyIngress.forward'
[09:13:37.244] [bmv2] [D] [thread 2120] [8.0] [cxt 0] Looking up key:
* meta.to_send_to_ipv6.Addr0: ff0200000000000000000001ff5cbe55

[09:13:37.244] [bmv2] [D] [thread 2120] [8.0] [cxt 0] Table 'MyIngress.forward': miss
[09:13:37.244] [bmv2] [D] [thread 2120] [8.0] [cxt 0] Action entry is NoAction - 
[09:13:37.244] [bmv2] [T] [thread 2120] [8.0] [cxt 0] Action NoAction
[09:13:37.244] [bmv2] [T] [thread 2120] [8.0] [cxt 0] /home/p4/projekt/network_telemetry/src/p4src.p4(251) Condition "meta.have_processed == 1" (node_11) is false
[09:13:37.244] [bmv2] [D] [thread 2120] [8.0] [cxt 0] Pipeline 'ingress': end
[09:13:37.244] [bmv2] [D] [thread 2120] [8.0] [cxt 0] Egress port is 0
[09:13:37.244] [bmv2] [D] [thread 2121] [6.0] [cxt 0] Pipeline 'egress': start
[09:13:37.244] [bmv2] [T] [thread 2121] [6.0] [cxt 0] /home/p4/projekt/network_telemetry/src/p4src.p4(271) Condition "meta.have_processed == 1" (node_18) is false
[09:13:37.244] [bmv2] [D] [thread 2121] [6.0] [cxt 0] Pipeline 'egress': end
[09:13:37.244] [bmv2] [D] [thread 2121] [6.0] [cxt 0] Deparser 'deparser': start
[09:13:37.244] [bmv2] [D] [thread 2121] [6.0] [cxt 0] Deparsing header 'ethernet'
[09:13:37.244] [bmv2] [D] [thread 2121] [6.0] [cxt 0] Deparsing header 'ipv6'
[09:13:37.244] [bmv2] [D] [thread 2121] [6.0] [cxt 0] Deparser 'deparser': end
[09:13:37.244] [bmv2] [D] [thread 2121] [7.0] [cxt 0] Pipeline 'egress': start
[09:13:37.244] [bmv2] [T] [thread 2121] [7.0] [cxt 0] /home/p4/projekt/network_telemetry/src/p4src.p4(271) Condition "meta.have_processed == 1" (node_18) is false
[09:13:37.244] [bmv2] [D] [thread 2125] [6.0] [cxt 0] Transmitting packet of size 86 out of port 0
[09:13:37.244] [bmv2] [D] [thread 2121] [7.0] [cxt 0] Pipeline 'egress': end
[09:13:37.244] [bmv2] [D] [thread 2121] [7.0] [cxt 0] Deparser 'deparser': start
[09:13:37.244] [bmv2] [D] [thread 2121] [7.0] [cxt 0] Deparsing header 'ethernet'
[09:13:37.244] [bmv2] [D] [thread 2121] [7.0] [cxt 0] Deparsing header 'ipv6'
[09:13:37.244] [bmv2] [D] [thread 2121] [7.0] [cxt 0] Deparser 'deparser': end
[09:13:37.244] [bmv2] [D] [thread 2121] [8.0] [cxt 0] Pipeline 'egress': start
[09:13:37.244] [bmv2] [D] [thread 2125] [7.0] [cxt 0] Transmitting packet of size 86 out of port 0
[09:13:37.244] [bmv2] [T] [thread 2121] [8.0] [cxt 0] /home/p4/projekt/network_telemetry/src/p4src.p4(271) Condition "meta.have_processed == 1" (node_18) is false
[09:13:37.244] [bmv2] [D] [thread 2121] [8.0] [cxt 0] Pipeline 'egress': end
[09:13:37.244] [bmv2] [D] [thread 2121] [8.0] [cxt 0] Deparser 'deparser': start
[09:13:37.244] [bmv2] [D] [thread 2121] [8.0] [cxt 0] Deparsing header 'ethernet'
[09:13:37.244] [bmv2] [D] [thread 2121] [8.0] [cxt 0] Deparsing header 'ipv6'
[09:13:37.244] [bmv2] [D] [thread 2121] [8.0] [cxt 0] Deparser 'deparser': end
[09:13:37.244] [bmv2] [D] [thread 2125] [8.0] [cxt 0] Transmitting packet of size 86 out of port 0
[09:13:37.339] [bmv2] [D] [thread 2120] [9.0] [cxt 0] Processing packet received on port 4
[09:13:37.339] [bmv2] [D] [thread 2120] [9.0] [cxt 0] Parser 'parser': start
[09:13:37.339] [bmv2] [D] [thread 2120] [9.0] [cxt 0] Parser 'parser' entering state 'start'
[09:13:37.339] [bmv2] [D] [thread 2120] [9.0] [cxt 0] Parser set: setting field 'scalars.metadata._has_int_header1' to 0
[09:13:37.339] [bmv2] [D] [thread 2120] [9.0] [cxt 0] Extracting header 'ethernet'
[09:13:37.339] [bmv2] [D] [thread 2120] [9.0] [cxt 0] Parser state 'start': key is 86dd
[09:13:37.339] [bmv2] [T] [thread 2120] [9.0] [cxt 0] Bytes parsed: 14
[09:13:37.339] [bmv2] [D] [thread 2120] [9.0] [cxt 0] Parser 'parser' entering state 'parse_ipv6'
[09:13:37.339] [bmv2] [D] [thread 2120] [9.0] [cxt 0] Extracting header 'ipv6'
[09:13:37.339] [bmv2] [D] [thread 2120] [9.0] [cxt 0] Parser state 'parse_ipv6': key is 00
[09:13:37.339] [bmv2] [T] [thread 2120] [9.0] [cxt 0] Bytes parsed: 54
[09:13:37.339] [bmv2] [D] [thread 2120] [9.0] [cxt 0] Parser 'parser': end
[09:13:37.339] [bmv2] [D] [thread 2120] [9.0] [cxt 0] Pipeline 'ingress': start
[09:13:37.339] [bmv2] [T] [thread 2120] [9.0] [cxt 0] Applying table 'tbl_p4src226'
[09:13:37.339] [bmv2] [D] [thread 2120] [9.0] [cxt 0] Looking up key:

[09:13:37.339] [bmv2] [D] [thread 2120] [9.0] [cxt 0] Table 'tbl_p4src226': miss
[09:13:37.339] [bmv2] [D] [thread 2120] [9.0] [cxt 0] Action entry is p4src226 - 
[09:13:37.339] [bmv2] [T] [thread 2120] [9.0] [cxt 0] Action p4src226
[09:13:37.339] [bmv2] [T] [thread 2120] [9.0] [cxt 0] /home/p4/projekt/network_telemetry/src/p4src.p4(226) Primitive meta.ingress_timestamp = standard_metadata.ingress_global_timestamp
[09:13:37.339] [bmv2] [T] [thread 2120] [9.0] [cxt 0] /home/p4/projekt/network_telemetry/src/p4src.p4(227) Primitive meta.have_processed = 0
[09:13:37.339] [bmv2] [T] [thread 2120] [9.0] [cxt 0] /home/p4/projekt/network_telemetry/src/p4src.p4(228) Condition "meta.has_int_header == 1" (node_3) is false
[09:13:37.339] [bmv2] [T] [thread 2120] [9.0] [cxt 0] Applying table 'tbl_p4src248'
[09:13:37.339] [bmv2] [D] [thread 2120] [9.0] [cxt 0] Looking up key:

[09:13:37.339] [bmv2] [D] [thread 2120] [9.0] [cxt 0] Table 'tbl_p4src248': miss
[09:13:37.339] [bmv2] [D] [thread 2120] [9.0] [cxt 0] Action entry is p4src248 - 
[09:13:37.339] [bmv2] [T] [thread 2120] [9.0] [cxt 0] Action p4src248
[09:13:37.339] [bmv2] [T] [thread 2120] [9.0] [cxt 0] /home/p4/projekt/network_telemetry/src/p4src.p4(248) Primitive meta.to_send_to_ipv6 = hdr.ipv6
[09:13:37.339] [bmv2] [T] [thread 2120] [9.0] [cxt 0] Applying table 'MyIngress.forward'
[09:13:37.339] [bmv2] [D] [thread 2120] [9.0] [cxt 0] Looking up key:
* meta.to_send_to_ipv6.Addr0: ff020000000000000000000000000016

[09:13:37.339] [bmv2] [D] [thread 2120] [9.0] [cxt 0] Table 'MyIngress.forward': miss
[09:13:37.339] [bmv2] [D] [thread 2120] [9.0] [cxt 0] Action entry is NoAction - 
[09:13:37.339] [bmv2] [T] [thread 2120] [9.0] [cxt 0] Action NoAction
[09:13:37.339] [bmv2] [T] [thread 2120] [9.0] [cxt 0] /home/p4/projekt/network_telemetry/src/p4src.p4(251) Condition "meta.have_processed == 1" (node_11) is false
[09:13:37.339] [bmv2] [D] [thread 2120] [9.0] [cxt 0] Pipeline 'ingress': end
[09:13:37.339] [bmv2] [D] [thread 2120] [9.0] [cxt 0] Egress port is 0
[09:13:37.339] [bmv2] [D] [thread 2121] [9.0] [cxt 0] Pipeline 'egress': start
[09:13:37.339] [bmv2] [T] [thread 2121] [9.0] [cxt 0] /home/p4/projekt/network_telemetry/src/p4src.p4(271) Condition "meta.have_processed == 1" (node_18) is false
[09:13:37.339] [bmv2] [D] [thread 2121] [9.0] [cxt 0] Pipeline 'egress': end
[09:13:37.339] [bmv2] [D] [thread 2121] [9.0] [cxt 0] Deparser 'deparser': start
[09:13:37.339] [bmv2] [D] [thread 2121] [9.0] [cxt 0] Deparsing header 'ethernet'
[09:13:37.339] [bmv2] [D] [thread 2121] [9.0] [cxt 0] Deparsing header 'ipv6'
[09:13:37.339] [bmv2] [D] [thread 2121] [9.0] [cxt 0] Deparser 'deparser': end
[09:13:37.339] [bmv2] [D] [thread 2125] [9.0] [cxt 0] Transmitting packet of size 90 out of port 0
[09:13:37.371] [bmv2] [D] [thread 2120] [10.0] [cxt 0] Processing packet received on port 1
[09:13:37.371] [bmv2] [D] [thread 2120] [10.0] [cxt 0] Parser 'parser': start
[09:13:37.371] [bmv2] [D] [thread 2120] [10.0] [cxt 0] Parser 'parser' entering state 'start'
[09:13:37.371] [bmv2] [D] [thread 2120] [10.0] [cxt 0] Parser set: setting field 'scalars.metadata._has_int_header1' to 0
[09:13:37.371] [bmv2] [D] [thread 2120] [10.0] [cxt 0] Extracting header 'ethernet'
[09:13:37.371] [bmv2] [D] [thread 2120] [10.0] [cxt 0] Parser state 'start': key is 86dd
[09:13:37.371] [bmv2] [T] [thread 2120] [10.0] [cxt 0] Bytes parsed: 14
[09:13:37.371] [bmv2] [D] [thread 2120] [10.0] [cxt 0] Parser 'parser' entering state 'parse_ipv6'
[09:13:37.371] [bmv2] [D] [thread 2120] [10.0] [cxt 0] Extracting header 'ipv6'
[09:13:37.371] [bmv2] [D] [thread 2120] [10.0] [cxt 0] Parser state 'parse_ipv6': key is 00
[09:13:37.371] [bmv2] [T] [thread 2120] [10.0] [cxt 0] Bytes parsed: 54
[09:13:37.371] [bmv2] [D] [thread 2120] [10.0] [cxt 0] Parser 'parser': end
[09:13:37.371] [bmv2] [D] [thread 2120] [10.0] [cxt 0] Pipeline 'ingress': start
[09:13:37.371] [bmv2] [T] [thread 2120] [10.0] [cxt 0] Applying table 'tbl_p4src226'
[09:13:37.371] [bmv2] [D] [thread 2120] [10.0] [cxt 0] Looking up key:

[09:13:37.371] [bmv2] [D] [thread 2120] [10.0] [cxt 0] Table 'tbl_p4src226': miss
[09:13:37.371] [bmv2] [D] [thread 2120] [10.0] [cxt 0] Action entry is p4src226 - 
[09:13:37.371] [bmv2] [T] [thread 2120] [10.0] [cxt 0] Action p4src226
[09:13:37.371] [bmv2] [T] [thread 2120] [10.0] [cxt 0] /home/p4/projekt/network_telemetry/src/p4src.p4(226) Primitive meta.ingress_timestamp = standard_metadata.ingress_global_timestamp
[09:13:37.371] [bmv2] [T] [thread 2120] [10.0] [cxt 0] /home/p4/projekt/network_telemetry/src/p4src.p4(227) Primitive meta.have_processed = 0
[09:13:37.371] [bmv2] [T] [thread 2120] [10.0] [cxt 0] /home/p4/projekt/network_telemetry/src/p4src.p4(228) Condition "meta.has_int_header == 1" (node_3) is false
[09:13:37.371] [bmv2] [T] [thread 2120] [10.0] [cxt 0] Applying table 'tbl_p4src248'
[09:13:37.371] [bmv2] [D] [thread 2120] [10.0] [cxt 0] Looking up key:

[09:13:37.371] [bmv2] [D] [thread 2120] [10.0] [cxt 0] Table 'tbl_p4src248': miss
[09:13:37.371] [bmv2] [D] [thread 2120] [10.0] [cxt 0] Action entry is p4src248 - 
[09:13:37.371] [bmv2] [T] [thread 2120] [10.0] [cxt 0] Action p4src248
[09:13:37.371] [bmv2] [T] [thread 2120] [10.0] [cxt 0] /home/p4/projekt/network_telemetry/src/p4src.p4(248) Primitive meta.to_send_to_ipv6 = hdr.ipv6
[09:13:37.371] [bmv2] [T] [thread 2120] [10.0] [cxt 0] Applying table 'MyIngress.forward'
[09:13:37.371] [bmv2] [D] [thread 2120] [10.0] [cxt 0] Looking up key:
* meta.to_send_to_ipv6.Addr0: ff020000000000000000000000000016

[09:13:37.371] [bmv2] [D] [thread 2120] [10.0] [cxt 0] Table 'MyIngress.forward': miss
[09:13:37.371] [bmv2] [D] [thread 2120] [10.0] [cxt 0] Action entry is NoAction - 
[09:13:37.371] [bmv2] [T] [thread 2120] [10.0] [cxt 0] Action NoAction
[09:13:37.371] [bmv2] [T] [thread 2120] [10.0] [cxt 0] /home/p4/projekt/network_telemetry/src/p4src.p4(251) Condition "meta.have_processed == 1" (node_11) is false
[09:13:37.371] [bmv2] [D] [thread 2120] [10.0] [cxt 0] Pipeline 'ingress': end
[09:13:37.371] [bmv2] [D] [thread 2120] [10.0] [cxt 0] Egress port is 0
[09:13:37.371] [bmv2] [D] [thread 2120] [11.0] [cxt 0] Processing packet received on port 2
[09:13:37.371] [bmv2] [D] [thread 2120] [11.0] [cxt 0] Parser 'parser': start
[09:13:37.371] [bmv2] [D] [thread 2120] [11.0] [cxt 0] Parser 'parser' entering state 'start'
[09:13:37.371] [bmv2] [D] [thread 2120] [11.0] [cxt 0] Parser set: setting field 'scalars.metadata._has_int_header1' to 0
[09:13:37.371] [bmv2] [D] [thread 2120] [11.0] [cxt 0] Extracting header 'ethernet'
[09:13:37.371] [bmv2] [D] [thread 2121] [10.0] [cxt 0] Pipeline 'egress': start
[09:13:37.371] [bmv2] [D] [thread 2120] [11.0] [cxt 0] Parser state 'start': key is 86dd
[09:13:37.371] [bmv2] [T] [thread 2121] [10.0] [cxt 0] /home/p4/projekt/network_telemetry/src/p4src.p4(271) Condition "meta.have_processed == 1" (node_18) is false
[09:13:37.371] [bmv2] [D] [thread 2121] [10.0] [cxt 0] Pipeline 'egress': end
[09:13:37.371] [bmv2] [D] [thread 2121] [10.0] [cxt 0] Deparser 'deparser': start
[09:13:37.371] [bmv2] [D] [thread 2121] [10.0] [cxt 0] Deparsing header 'ethernet'
[09:13:37.371] [bmv2] [T] [thread 2120] [11.0] [cxt 0] Bytes parsed: 14
[09:13:37.371] [bmv2] [D] [thread 2120] [11.0] [cxt 0] Parser 'parser' entering state 'parse_ipv6'
[09:13:37.371] [bmv2] [D] [thread 2121] [10.0] [cxt 0] Deparsing header 'ipv6'
[09:13:37.371] [bmv2] [D] [thread 2120] [11.0] [cxt 0] Extracting header 'ipv6'
[09:13:37.371] [bmv2] [D] [thread 2121] [10.0] [cxt 0] Deparser 'deparser': end
[09:13:37.371] [bmv2] [D] [thread 2120] [11.0] [cxt 0] Parser state 'parse_ipv6': key is 00
[09:13:37.371] [bmv2] [T] [thread 2120] [11.0] [cxt 0] Bytes parsed: 54
[09:13:37.371] [bmv2] [D] [thread 2120] [11.0] [cxt 0] Parser 'parser': end
[09:13:37.371] [bmv2] [D] [thread 2120] [11.0] [cxt 0] Pipeline 'ingress': start
[09:13:37.371] [bmv2] [T] [thread 2120] [11.0] [cxt 0] Applying table 'tbl_p4src226'
[09:13:37.371] [bmv2] [D] [thread 2120] [11.0] [cxt 0] Looking up key:

[09:13:37.371] [bmv2] [D] [thread 2120] [11.0] [cxt 0] Table 'tbl_p4src226': miss
[09:13:37.371] [bmv2] [D] [thread 2120] [11.0] [cxt 0] Action entry is p4src226 - 
[09:13:37.371] [bmv2] [T] [thread 2120] [11.0] [cxt 0] Action p4src226
[09:13:37.371] [bmv2] [T] [thread 2120] [11.0] [cxt 0] /home/p4/projekt/network_telemetry/src/p4src.p4(226) Primitive meta.ingress_timestamp = standard_metadata.ingress_global_timestamp
[09:13:37.371] [bmv2] [T] [thread 2120] [11.0] [cxt 0] /home/p4/projekt/network_telemetry/src/p4src.p4(227) Primitive meta.have_processed = 0
[09:13:37.371] [bmv2] [T] [thread 2120] [11.0] [cxt 0] /home/p4/projekt/network_telemetry/src/p4src.p4(228) Condition "meta.has_int_header == 1" (node_3) is false
[09:13:37.371] [bmv2] [T] [thread 2120] [11.0] [cxt 0] Applying table 'tbl_p4src248'
[09:13:37.371] [bmv2] [D] [thread 2120] [11.0] [cxt 0] Looking up key:

[09:13:37.372] [bmv2] [D] [thread 2120] [11.0] [cxt 0] Table 'tbl_p4src248': miss
[09:13:37.372] [bmv2] [D] [thread 2120] [11.0] [cxt 0] Action entry is p4src248 - 
[09:13:37.372] [bmv2] [T] [thread 2120] [11.0] [cxt 0] Action p4src248
[09:13:37.372] [bmv2] [T] [thread 2120] [11.0] [cxt 0] /home/p4/projekt/network_telemetry/src/p4src.p4(248) Primitive meta.to_send_to_ipv6 = hdr.ipv6
[09:13:37.372] [bmv2] [T] [thread 2120] [11.0] [cxt 0] Applying table 'MyIngress.forward'
[09:13:37.372] [bmv2] [D] [thread 2120] [11.0] [cxt 0] Looking up key:
* meta.to_send_to_ipv6.Addr0: ff020000000000000000000000000016

[09:13:37.372] [bmv2] [D] [thread 2120] [11.0] [cxt 0] Table 'MyIngress.forward': miss
[09:13:37.372] [bmv2] [D] [thread 2120] [11.0] [cxt 0] Action entry is NoAction - 
[09:13:37.372] [bmv2] [T] [thread 2120] [11.0] [cxt 0] Action NoAction
[09:13:37.372] [bmv2] [T] [thread 2120] [11.0] [cxt 0] /home/p4/projekt/network_telemetry/src/p4src.p4(251) Condition "meta.have_processed == 1" (node_11) is false
[09:13:37.372] [bmv2] [D] [thread 2120] [11.0] [cxt 0] Pipeline 'ingress': end
[09:13:37.372] [bmv2] [D] [thread 2120] [11.0] [cxt 0] Egress port is 0
[09:13:37.372] [bmv2] [D] [thread 2120] [12.0] [cxt 0] Processing packet received on port 3
[09:13:37.372] [bmv2] [D] [thread 2120] [12.0] [cxt 0] Parser 'parser': start
[09:13:37.372] [bmv2] [D] [thread 2120] [12.0] [cxt 0] Parser 'parser' entering state 'start'
[09:13:37.372] [bmv2] [D] [thread 2121] [11.0] [cxt 0] Pipeline 'egress': start
[09:13:37.372] [bmv2] [D] [thread 2125] [10.0] [cxt 0] Transmitting packet of size 90 out of port 0
[09:13:37.372] [bmv2] [T] [thread 2121] [11.0] [cxt 0] /home/p4/projekt/network_telemetry/src/p4src.p4(271) Condition "meta.have_processed == 1" (node_18) is false
[09:13:37.372] [bmv2] [D] [thread 2120] [12.0] [cxt 0] Parser set: setting field 'scalars.metadata._has_int_header1' to 0
[09:13:37.372] [bmv2] [D] [thread 2121] [11.0] [cxt 0] Pipeline 'egress': end
[09:13:37.372] [bmv2] [D] [thread 2120] [12.0] [cxt 0] Extracting header 'ethernet'
[09:13:37.372] [bmv2] [D] [thread 2121] [11.0] [cxt 0] Deparser 'deparser': start
[09:13:37.372] [bmv2] [D] [thread 2121] [11.0] [cxt 0] Deparsing header 'ethernet'
[09:13:37.372] [bmv2] [D] [thread 2120] [12.0] [cxt 0] Parser state 'start': key is 86dd
[09:13:37.372] [bmv2] [D] [thread 2121] [11.0] [cxt 0] Deparsing header 'ipv6'
[09:13:37.372] [bmv2] [T] [thread 2120] [12.0] [cxt 0] Bytes parsed: 14
[09:13:37.372] [bmv2] [D] [thread 2121] [11.0] [cxt 0] Deparser 'deparser': end
[09:13:37.372] [bmv2] [D] [thread 2120] [12.0] [cxt 0] Parser 'parser' entering state 'parse_ipv6'
[09:13:37.372] [bmv2] [D] [thread 2120] [12.0] [cxt 0] Extracting header 'ipv6'
[09:13:37.372] [bmv2] [D] [thread 2120] [12.0] [cxt 0] Parser state 'parse_ipv6': key is 00
[09:13:37.372] [bmv2] [D] [thread 2125] [11.0] [cxt 0] Transmitting packet of size 90 out of port 0
[09:13:37.372] [bmv2] [T] [thread 2120] [12.0] [cxt 0] Bytes parsed: 54
[09:13:37.372] [bmv2] [D] [thread 2120] [12.0] [cxt 0] Parser 'parser': end
[09:13:37.372] [bmv2] [D] [thread 2120] [12.0] [cxt 0] Pipeline 'ingress': start
[09:13:37.372] [bmv2] [T] [thread 2120] [12.0] [cxt 0] Applying table 'tbl_p4src226'
[09:13:37.372] [bmv2] [D] [thread 2120] [12.0] [cxt 0] Looking up key:

[09:13:37.372] [bmv2] [D] [thread 2120] [12.0] [cxt 0] Table 'tbl_p4src226': miss
[09:13:37.372] [bmv2] [D] [thread 2120] [12.0] [cxt 0] Action entry is p4src226 - 
[09:13:37.372] [bmv2] [T] [thread 2120] [12.0] [cxt 0] Action p4src226
[09:13:37.372] [bmv2] [T] [thread 2120] [12.0] [cxt 0] /home/p4/projekt/network_telemetry/src/p4src.p4(226) Primitive meta.ingress_timestamp = standard_metadata.ingress_global_timestamp
[09:13:37.372] [bmv2] [T] [thread 2120] [12.0] [cxt 0] /home/p4/projekt/network_telemetry/src/p4src.p4(227) Primitive meta.have_processed = 0
[09:13:37.372] [bmv2] [T] [thread 2120] [12.0] [cxt 0] /home/p4/projekt/network_telemetry/src/p4src.p4(228) Condition "meta.has_int_header == 1" (node_3) is false
[09:13:37.372] [bmv2] [T] [thread 2120] [12.0] [cxt 0] Applying table 'tbl_p4src248'
[09:13:37.372] [bmv2] [D] [thread 2120] [12.0] [cxt 0] Looking up key:

[09:13:37.372] [bmv2] [D] [thread 2120] [12.0] [cxt 0] Table 'tbl_p4src248': miss
[09:13:37.372] [bmv2] [D] [thread 2120] [12.0] [cxt 0] Action entry is p4src248 - 
[09:13:37.372] [bmv2] [T] [thread 2120] [12.0] [cxt 0] Action p4src248
[09:13:37.372] [bmv2] [T] [thread 2120] [12.0] [cxt 0] /home/p4/projekt/network_telemetry/src/p4src.p4(248) Primitive meta.to_send_to_ipv6 = hdr.ipv6
[09:13:37.372] [bmv2] [T] [thread 2120] [12.0] [cxt 0] Applying table 'MyIngress.forward'
[09:13:37.372] [bmv2] [D] [thread 2120] [12.0] [cxt 0] Looking up key:
* meta.to_send_to_ipv6.Addr0: ff0200000000000000000001ffc1c2b0

[09:13:37.372] [bmv2] [D] [thread 2120] [12.0] [cxt 0] Table 'MyIngress.forward': miss
[09:13:37.372] [bmv2] [D] [thread 2120] [12.0] [cxt 0] Action entry is NoAction - 
[09:13:37.372] [bmv2] [T] [thread 2120] [12.0] [cxt 0] Action NoAction
[09:13:37.372] [bmv2] [T] [thread 2120] [12.0] [cxt 0] /home/p4/projekt/network_telemetry/src/p4src.p4(251) Condition "meta.have_processed == 1" (node_11) is false
[09:13:37.372] [bmv2] [D] [thread 2120] [12.0] [cxt 0] Pipeline 'ingress': end
[09:13:37.372] [bmv2] [D] [thread 2120] [12.0] [cxt 0] Egress port is 0
[09:13:37.372] [bmv2] [D] [thread 2121] [12.0] [cxt 0] Pipeline 'egress': start
[09:13:37.372] [bmv2] [T] [thread 2121] [12.0] [cxt 0] /home/p4/projekt/network_telemetry/src/p4src.p4(271) Condition "meta.have_processed == 1" (node_18) is false
[09:13:37.372] [bmv2] [D] [thread 2121] [12.0] [cxt 0] Pipeline 'egress': end
[09:13:37.372] [bmv2] [D] [thread 2121] [12.0] [cxt 0] Deparser 'deparser': start
[09:13:37.372] [bmv2] [D] [thread 2121] [12.0] [cxt 0] Deparsing header 'ethernet'
[09:13:37.372] [bmv2] [D] [thread 2121] [12.0] [cxt 0] Deparsing header 'ipv6'
[09:13:37.372] [bmv2] [D] [thread 2121] [12.0] [cxt 0] Deparser 'deparser': end
[09:13:37.372] [bmv2] [D] [thread 2125] [12.0] [cxt 0] Transmitting packet of size 86 out of port 0
[09:13:37.795] [bmv2] [T] [thread 2280] bm_get_config
[09:13:37.797] [bmv2] [T] [thread 2280] bm_table_add_entry
[09:13:37.797] [bmv2] [D] [thread 2280] Entry 0 added to table 'MyIngress.add_our_telemetry'
[09:13:37.797] [bmv2] [D] [thread 2280] Dumping entry 0
Match key:
* hdr.srh_end[0].addr.Addr0: EXACT     00000000000000000000000000010002
Action entry: MyIngress.addMetadata - 2,

[09:13:37.798] [bmv2] [T] [thread 2280] bm_table_add_entry
[09:13:37.798] [bmv2] [D] [thread 2280] Entry 0 added to table 'MyIngress.forward'
[09:13:37.798] [bmv2] [D] [thread 2280] Dumping entry 0
Match key:
* meta.to_send_to_ipv6.Addr0: EXACT     00000000000000000000000000000001
Action entry: MyIngress.setEgress - 1,

[09:13:37.798] [bmv2] [T] [thread 2280] bm_table_add_entry
[09:13:37.798] [bmv2] [D] [thread 2280] Entry 1 added to table 'MyIngress.forward'
[09:13:37.798] [bmv2] [D] [thread 2280] Dumping entry 1
Match key:
* meta.to_send_to_ipv6.Addr0: EXACT     00000000000000000000000000000002
Action entry: MyIngress.setEgress - 4,

[09:13:37.798] [bmv2] [T] [thread 2280] bm_table_add_entry
[09:13:37.798] [bmv2] [D] [thread 2280] Entry 2 added to table 'MyIngress.forward'
[09:13:37.798] [bmv2] [D] [thread 2280] Dumping entry 2
Match key:
* meta.to_send_to_ipv6.Addr0: EXACT     00000000000000000000000000010001
Action entry: MyIngress.setEgress - 1,

[09:13:37.798] [bmv2] [T] [thread 2280] bm_table_add_entry
[09:13:37.798] [bmv2] [D] [thread 2280] Entry 3 added to table 'MyIngress.forward'
[09:13:37.798] [bmv2] [D] [thread 2280] Dumping entry 3
Match key:
* meta.to_send_to_ipv6.Addr0: EXACT     00000000000000000000000000010003
Action entry: MyIngress.setEgress - 4,

[09:13:37.799] [bmv2] [T] [thread 2280] bm_table_add_entry
[09:13:37.799] [bmv2] [D] [thread 2280] Entry 4 added to table 'MyIngress.forward'
[09:13:37.799] [bmv2] [D] [thread 2280] Dumping entry 4
Match key:
* meta.to_send_to_ipv6.Addr0: EXACT     00000000000000000000000000010004
Action entry: MyIngress.setEgress - 4,

[09:13:37.799] [bmv2] [T] [thread 2280] bm_table_add_entry
[09:13:37.799] [bmv2] [D] [thread 2280] Entry 5 added to table 'MyIngress.forward'
[09:13:37.799] [bmv2] [D] [thread 2280] Dumping entry 5
Match key:
* meta.to_send_to_ipv6.Addr0: EXACT     00000000000000000000000000010005
Action entry: MyIngress.setEgress - 3,

[09:13:37.799] [bmv2] [T] [thread 2280] bm_table_add_entry
[09:13:37.799] [bmv2] [D] [thread 2280] Entry 6 added to table 'MyIngress.forward'
[09:13:37.799] [bmv2] [D] [thread 2280] Dumping entry 6
Match key:
* meta.to_send_to_ipv6.Addr0: EXACT     00000000000000000000000000010006
Action entry: MyIngress.setEgress - 2,

open: No such file or directory
open: No such file or directory
open: No such file or directory
open: No such file or directory
open: No such file or directory
open: No such file or directory
open: No such file or directory
