Warning: you requested the nanomsg event logger, but bmv2 was compiled without -DBMELOG, and the event logger cannot be activated
Calling target program-options parser
[17:04:40.465] [bmv2] [D] [thread 79770] Set default default entry for table 'tbl_p4src226': p4src226 - 
[17:04:40.465] [bmv2] [D] [thread 79770] Set default default entry for table 'tbl_p4src215': p4src215 - 
[17:04:40.465] [bmv2] [D] [thread 79770] Set default default entry for table 'MyIngress.add_our_telemetry': NoAction - 
[17:04:40.465] [bmv2] [D] [thread 79770] Set default default entry for table 'tbl_p4src237': p4src237 - 
[17:04:40.465] [bmv2] [D] [thread 79770] Set default default entry for table 'tbl_p4src245': p4src245 - 
[17:04:40.465] [bmv2] [D] [thread 79770] Set default default entry for table 'tbl_p4src248': p4src248 - 
[17:04:40.465] [bmv2] [D] [thread 79770] Set default default entry for table 'MyIngress.forward': NoAction - 
[17:04:40.465] [bmv2] [D] [thread 79770] Set default default entry for table 'tbl_p4src253': p4src253 - 
[17:04:40.465] [bmv2] [D] [thread 79770] Set default default entry for table 'tbl_p4src256': p4src256 - 
[17:04:40.465] [bmv2] [D] [thread 79770] Set default default entry for table 'tbl_p4src273': p4src273 - 
Adding interface s3-eth1 as port 1
[17:04:40.469] [bmv2] [D] [thread 79770] Adding interface s3-eth1 as port 1
Adding interface s3-eth2 as port 2
[17:04:40.493] [bmv2] [D] [thread 79770] Adding interface s3-eth2 as port 2
Adding interface s3-eth3 as port 3
[17:04:40.513] [bmv2] [D] [thread 79770] Adding interface s3-eth3 as port 3
Adding interface s3-eth4 as port 4
[17:04:40.545] [bmv2] [D] [thread 79770] Adding interface s3-eth4 as port 4
[17:04:40.565] [bmv2] [I] [thread 79770] Starting Thrift server on port 9092
[17:04:40.566] [bmv2] [I] [thread 79770] Thrift server was started
[17:04:40.593] [bmv2] [D] [thread 79776] [0.0] [cxt 0] Processing packet received on port 4
[17:04:40.593] [bmv2] [D] [thread 79776] [0.0] [cxt 0] Parser 'parser': start
[17:04:40.593] [bmv2] [D] [thread 79776] [0.0] [cxt 0] Parser 'parser' entering state 'start'
[17:04:40.593] [bmv2] [D] [thread 79776] [0.0] [cxt 0] Parser set: setting field 'scalars.metadata._has_int_header1' to 0
[17:04:40.593] [bmv2] [D] [thread 79776] [0.0] [cxt 0] Extracting header 'ethernet'
[17:04:40.593] [bmv2] [D] [thread 79776] [0.0] [cxt 0] Parser state 'start': key is 86dd
[17:04:40.593] [bmv2] [T] [thread 79776] [0.0] [cxt 0] Bytes parsed: 14
[17:04:40.593] [bmv2] [D] [thread 79776] [0.0] [cxt 0] Parser 'parser' entering state 'parse_ipv6'
[17:04:40.593] [bmv2] [D] [thread 79776] [0.0] [cxt 0] Extracting header 'ipv6'
[17:04:40.593] [bmv2] [D] [thread 79776] [0.0] [cxt 0] Parser state 'parse_ipv6': key is 00
[17:04:40.593] [bmv2] [T] [thread 79776] [0.0] [cxt 0] Bytes parsed: 54
[17:04:40.593] [bmv2] [D] [thread 79776] [0.0] [cxt 0] Parser 'parser': end
[17:04:40.593] [bmv2] [D] [thread 79776] [0.0] [cxt 0] Pipeline 'ingress': start
[17:04:40.593] [bmv2] [T] [thread 79776] [0.0] [cxt 0] Applying table 'tbl_p4src226'
[17:04:40.593] [bmv2] [D] [thread 79776] [0.0] [cxt 0] Looking up key:

[17:04:40.593] [bmv2] [D] [thread 79776] [0.0] [cxt 0] Table 'tbl_p4src226': miss
[17:04:40.593] [bmv2] [D] [thread 79776] [0.0] [cxt 0] Action entry is p4src226 - 
[17:04:40.593] [bmv2] [T] [thread 79776] [0.0] [cxt 0] Action p4src226
[17:04:40.593] [bmv2] [T] [thread 79776] [0.0] [cxt 0] /home/p4/projekt/network_telemetry/src/p4src.p4(226) Primitive meta.ingress_timestamp = standard_metadata.ingress_global_timestamp
[17:04:40.593] [bmv2] [T] [thread 79776] [0.0] [cxt 0] /home/p4/projekt/network_telemetry/src/p4src.p4(227) Primitive meta.have_processed = 0
[17:04:40.593] [bmv2] [T] [thread 79776] [0.0] [cxt 0] /home/p4/projekt/network_telemetry/src/p4src.p4(228) Condition "meta.has_int_header == 1" (node_3) is false
[17:04:40.593] [bmv2] [T] [thread 79776] [0.0] [cxt 0] Applying table 'tbl_p4src248'
[17:04:40.593] [bmv2] [D] [thread 79776] [0.0] [cxt 0] Looking up key:

[17:04:40.593] [bmv2] [D] [thread 79776] [0.0] [cxt 0] Table 'tbl_p4src248': miss
[17:04:40.593] [bmv2] [D] [thread 79776] [0.0] [cxt 0] Action entry is p4src248 - 
[17:04:40.593] [bmv2] [T] [thread 79776] [0.0] [cxt 0] Action p4src248
[17:04:40.593] [bmv2] [T] [thread 79776] [0.0] [cxt 0] /home/p4/projekt/network_telemetry/src/p4src.p4(248) Primitive meta.to_send_to_ipv6 = hdr.ipv6
[17:04:40.593] [bmv2] [T] [thread 79776] [0.0] [cxt 0] Applying table 'MyIngress.forward'
[17:04:40.593] [bmv2] [D] [thread 79776] [0.0] [cxt 0] Looking up key:
* meta.to_send_to_ipv6.Addr0: ff020000000000000000000000000016

[17:04:40.593] [bmv2] [D] [thread 79776] [0.0] [cxt 0] Table 'MyIngress.forward': miss
[17:04:40.593] [bmv2] [D] [thread 79776] [0.0] [cxt 0] Action entry is NoAction - 
[17:04:40.593] [bmv2] [T] [thread 79776] [0.0] [cxt 0] Action NoAction
[17:04:40.593] [bmv2] [T] [thread 79776] [0.0] [cxt 0] /home/p4/projekt/network_telemetry/src/p4src.p4(251) Condition "meta.have_processed == 1" (node_11) is false
[17:04:40.593] [bmv2] [D] [thread 79776] [0.0] [cxt 0] Pipeline 'ingress': end
[17:04:40.593] [bmv2] [D] [thread 79776] [0.0] [cxt 0] Egress port is 0
[17:04:40.594] [bmv2] [D] [thread 79777] [0.0] [cxt 0] Pipeline 'egress': start
[17:04:40.594] [bmv2] [T] [thread 79777] [0.0] [cxt 0] /home/p4/projekt/network_telemetry/src/p4src.p4(271) Condition "meta.have_processed == 1" (node_18) is false
[17:04:40.594] [bmv2] [D] [thread 79777] [0.0] [cxt 0] Pipeline 'egress': end
[17:04:40.594] [bmv2] [D] [thread 79777] [0.0] [cxt 0] Deparser 'deparser': start
[17:04:40.594] [bmv2] [D] [thread 79777] [0.0] [cxt 0] Deparsing header 'ethernet'
[17:04:40.594] [bmv2] [D] [thread 79777] [0.0] [cxt 0] Deparsing header 'ipv6'
[17:04:40.594] [bmv2] [D] [thread 79777] [0.0] [cxt 0] Deparser 'deparser': end
[17:04:40.594] [bmv2] [D] [thread 79781] [0.0] [cxt 0] Transmitting packet of size 90 out of port 0
[17:04:40.654] [bmv2] [D] [thread 79776] [1.0] [cxt 0] Processing packet received on port 2
[17:04:40.654] [bmv2] [D] [thread 79776] [1.0] [cxt 0] Parser 'parser': start
[17:04:40.654] [bmv2] [D] [thread 79776] [1.0] [cxt 0] Parser 'parser' entering state 'start'
[17:04:40.654] [bmv2] [D] [thread 79776] [1.0] [cxt 0] Parser set: setting field 'scalars.metadata._has_int_header1' to 0
[17:04:40.654] [bmv2] [D] [thread 79776] [1.0] [cxt 0] Extracting header 'ethernet'
[17:04:40.654] [bmv2] [D] [thread 79776] [1.0] [cxt 0] Parser state 'start': key is 86dd
[17:04:40.654] [bmv2] [T] [thread 79776] [1.0] [cxt 0] Bytes parsed: 14
[17:04:40.654] [bmv2] [D] [thread 79776] [1.0] [cxt 0] Parser 'parser' entering state 'parse_ipv6'
[17:04:40.654] [bmv2] [D] [thread 79776] [1.0] [cxt 0] Extracting header 'ipv6'
[17:04:40.654] [bmv2] [D] [thread 79776] [1.0] [cxt 0] Parser state 'parse_ipv6': key is 00
[17:04:40.654] [bmv2] [T] [thread 79776] [1.0] [cxt 0] Bytes parsed: 54
[17:04:40.654] [bmv2] [D] [thread 79776] [1.0] [cxt 0] Parser 'parser': end
[17:04:40.654] [bmv2] [D] [thread 79776] [1.0] [cxt 0] Pipeline 'ingress': start
[17:04:40.654] [bmv2] [T] [thread 79776] [1.0] [cxt 0] Applying table 'tbl_p4src226'
[17:04:40.654] [bmv2] [D] [thread 79776] [1.0] [cxt 0] Looking up key:

[17:04:40.654] [bmv2] [D] [thread 79776] [1.0] [cxt 0] Table 'tbl_p4src226': miss
[17:04:40.654] [bmv2] [D] [thread 79776] [1.0] [cxt 0] Action entry is p4src226 - 
[17:04:40.654] [bmv2] [T] [thread 79776] [1.0] [cxt 0] Action p4src226
[17:04:40.654] [bmv2] [T] [thread 79776] [1.0] [cxt 0] /home/p4/projekt/network_telemetry/src/p4src.p4(226) Primitive meta.ingress_timestamp = standard_metadata.ingress_global_timestamp
[17:04:40.654] [bmv2] [T] [thread 79776] [1.0] [cxt 0] /home/p4/projekt/network_telemetry/src/p4src.p4(227) Primitive meta.have_processed = 0
[17:04:40.654] [bmv2] [T] [thread 79776] [1.0] [cxt 0] /home/p4/projekt/network_telemetry/src/p4src.p4(228) Condition "meta.has_int_header == 1" (node_3) is false
[17:04:40.654] [bmv2] [T] [thread 79776] [1.0] [cxt 0] Applying table 'tbl_p4src248'
[17:04:40.654] [bmv2] [D] [thread 79776] [1.0] [cxt 0] Looking up key:

[17:04:40.654] [bmv2] [D] [thread 79776] [1.0] [cxt 0] Table 'tbl_p4src248': miss
[17:04:40.654] [bmv2] [D] [thread 79776] [1.0] [cxt 0] Action entry is p4src248 - 
[17:04:40.654] [bmv2] [T] [thread 79776] [1.0] [cxt 0] Action p4src248
[17:04:40.654] [bmv2] [T] [thread 79776] [1.0] [cxt 0] /home/p4/projekt/network_telemetry/src/p4src.p4(248) Primitive meta.to_send_to_ipv6 = hdr.ipv6
[17:04:40.654] [bmv2] [T] [thread 79776] [1.0] [cxt 0] Applying table 'MyIngress.forward'
[17:04:40.654] [bmv2] [D] [thread 79776] [1.0] [cxt 0] Looking up key:
* meta.to_send_to_ipv6.Addr0: ff020000000000000000000000000016

[17:04:40.654] [bmv2] [D] [thread 79776] [1.0] [cxt 0] Table 'MyIngress.forward': miss
[17:04:40.654] [bmv2] [D] [thread 79776] [1.0] [cxt 0] Action entry is NoAction - 
[17:04:40.654] [bmv2] [T] [thread 79776] [1.0] [cxt 0] Action NoAction
[17:04:40.654] [bmv2] [T] [thread 79776] [1.0] [cxt 0] /home/p4/projekt/network_telemetry/src/p4src.p4(251) Condition "meta.have_processed == 1" (node_11) is false
[17:04:40.654] [bmv2] [D] [thread 79776] [1.0] [cxt 0] Pipeline 'ingress': end
[17:04:40.654] [bmv2] [D] [thread 79776] [1.0] [cxt 0] Egress port is 0
[17:04:40.654] [bmv2] [D] [thread 79777] [1.0] [cxt 0] Pipeline 'egress': start
[17:04:40.654] [bmv2] [T] [thread 79777] [1.0] [cxt 0] /home/p4/projekt/network_telemetry/src/p4src.p4(271) Condition "meta.have_processed == 1" (node_18) is false
[17:04:40.654] [bmv2] [D] [thread 79777] [1.0] [cxt 0] Pipeline 'egress': end
[17:04:40.654] [bmv2] [D] [thread 79777] [1.0] [cxt 0] Deparser 'deparser': start
[17:04:40.654] [bmv2] [D] [thread 79777] [1.0] [cxt 0] Deparsing header 'ethernet'
[17:04:40.654] [bmv2] [D] [thread 79777] [1.0] [cxt 0] Deparsing header 'ipv6'
[17:04:40.654] [bmv2] [D] [thread 79777] [1.0] [cxt 0] Deparser 'deparser': end
[17:04:40.654] [bmv2] [D] [thread 79781] [1.0] [cxt 0] Transmitting packet of size 90 out of port 0
[17:04:40.785] [bmv2] [D] [thread 79776] [2.0] [cxt 0] Processing packet received on port 4
[17:04:40.785] [bmv2] [D] [thread 79776] [2.0] [cxt 0] Parser 'parser': start
[17:04:40.785] [bmv2] [D] [thread 79776] [2.0] [cxt 0] Parser 'parser' entering state 'start'
[17:04:40.785] [bmv2] [D] [thread 79776] [2.0] [cxt 0] Parser set: setting field 'scalars.metadata._has_int_header1' to 0
[17:04:40.785] [bmv2] [D] [thread 79776] [2.0] [cxt 0] Extracting header 'ethernet'
[17:04:40.785] [bmv2] [D] [thread 79776] [2.0] [cxt 0] Parser state 'start': key is 86dd
[17:04:40.785] [bmv2] [T] [thread 79776] [2.0] [cxt 0] Bytes parsed: 14
[17:04:40.785] [bmv2] [D] [thread 79776] [2.0] [cxt 0] Parser 'parser' entering state 'parse_ipv6'
[17:04:40.785] [bmv2] [D] [thread 79776] [2.0] [cxt 0] Extracting header 'ipv6'
[17:04:40.785] [bmv2] [D] [thread 79776] [2.0] [cxt 0] Parser state 'parse_ipv6': key is 00
[17:04:40.785] [bmv2] [T] [thread 79776] [2.0] [cxt 0] Bytes parsed: 54
[17:04:40.785] [bmv2] [D] [thread 79776] [2.0] [cxt 0] Parser 'parser': end
[17:04:40.785] [bmv2] [D] [thread 79776] [2.0] [cxt 0] Pipeline 'ingress': start
[17:04:40.785] [bmv2] [T] [thread 79776] [2.0] [cxt 0] Applying table 'tbl_p4src226'
[17:04:40.785] [bmv2] [D] [thread 79776] [2.0] [cxt 0] Looking up key:

[17:04:40.785] [bmv2] [D] [thread 79776] [2.0] [cxt 0] Table 'tbl_p4src226': miss
[17:04:40.785] [bmv2] [D] [thread 79776] [2.0] [cxt 0] Action entry is p4src226 - 
[17:04:40.785] [bmv2] [T] [thread 79776] [2.0] [cxt 0] Action p4src226
[17:04:40.785] [bmv2] [T] [thread 79776] [2.0] [cxt 0] /home/p4/projekt/network_telemetry/src/p4src.p4(226) Primitive meta.ingress_timestamp = standard_metadata.ingress_global_timestamp
[17:04:40.785] [bmv2] [T] [thread 79776] [2.0] [cxt 0] /home/p4/projekt/network_telemetry/src/p4src.p4(227) Primitive meta.have_processed = 0
[17:04:40.785] [bmv2] [T] [thread 79776] [2.0] [cxt 0] /home/p4/projekt/network_telemetry/src/p4src.p4(228) Condition "meta.has_int_header == 1" (node_3) is false
[17:04:40.785] [bmv2] [T] [thread 79776] [2.0] [cxt 0] Applying table 'tbl_p4src248'
[17:04:40.785] [bmv2] [D] [thread 79776] [2.0] [cxt 0] Looking up key:

[17:04:40.785] [bmv2] [D] [thread 79776] [2.0] [cxt 0] Table 'tbl_p4src248': miss
[17:04:40.785] [bmv2] [D] [thread 79776] [2.0] [cxt 0] Action entry is p4src248 - 
[17:04:40.785] [bmv2] [T] [thread 79776] [2.0] [cxt 0] Action p4src248
[17:04:40.785] [bmv2] [T] [thread 79776] [2.0] [cxt 0] /home/p4/projekt/network_telemetry/src/p4src.p4(248) Primitive meta.to_send_to_ipv6 = hdr.ipv6
[17:04:40.785] [bmv2] [T] [thread 79776] [2.0] [cxt 0] Applying table 'MyIngress.forward'
[17:04:40.785] [bmv2] [D] [thread 79776] [2.0] [cxt 0] Looking up key:
* meta.to_send_to_ipv6.Addr0: ff020000000000000000000000000016

[17:04:40.785] [bmv2] [D] [thread 79776] [2.0] [cxt 0] Table 'MyIngress.forward': miss
[17:04:40.785] [bmv2] [D] [thread 79776] [2.0] [cxt 0] Action entry is NoAction - 
[17:04:40.785] [bmv2] [T] [thread 79776] [2.0] [cxt 0] Action NoAction
[17:04:40.785] [bmv2] [T] [thread 79776] [2.0] [cxt 0] /home/p4/projekt/network_telemetry/src/p4src.p4(251) Condition "meta.have_processed == 1" (node_11) is false
[17:04:40.785] [bmv2] [D] [thread 79776] [2.0] [cxt 0] Pipeline 'ingress': end
[17:04:40.785] [bmv2] [D] [thread 79776] [2.0] [cxt 0] Egress port is 0
[17:04:40.785] [bmv2] [D] [thread 79777] [2.0] [cxt 0] Pipeline 'egress': start
[17:04:40.785] [bmv2] [T] [thread 79777] [2.0] [cxt 0] /home/p4/projekt/network_telemetry/src/p4src.p4(271) Condition "meta.have_processed == 1" (node_18) is false
[17:04:40.785] [bmv2] [D] [thread 79777] [2.0] [cxt 0] Pipeline 'egress': end
[17:04:40.785] [bmv2] [D] [thread 79777] [2.0] [cxt 0] Deparser 'deparser': start
[17:04:40.785] [bmv2] [D] [thread 79777] [2.0] [cxt 0] Deparsing header 'ethernet'
[17:04:40.785] [bmv2] [D] [thread 79777] [2.0] [cxt 0] Deparsing header 'ipv6'
[17:04:40.785] [bmv2] [D] [thread 79777] [2.0] [cxt 0] Deparser 'deparser': end
[17:04:40.785] [bmv2] [D] [thread 79781] [2.0] [cxt 0] Transmitting packet of size 90 out of port 0
[17:04:40.821] [bmv2] [D] [thread 79776] [3.0] [cxt 0] Processing packet received on port 1
[17:04:40.821] [bmv2] [D] [thread 79776] [3.0] [cxt 0] Parser 'parser': start
[17:04:40.821] [bmv2] [D] [thread 79776] [3.0] [cxt 0] Parser 'parser' entering state 'start'
[17:04:40.821] [bmv2] [D] [thread 79776] [3.0] [cxt 0] Parser set: setting field 'scalars.metadata._has_int_header1' to 0
[17:04:40.821] [bmv2] [D] [thread 79776] [3.0] [cxt 0] Extracting header 'ethernet'
[17:04:40.821] [bmv2] [D] [thread 79776] [3.0] [cxt 0] Parser state 'start': key is 86dd
[17:04:40.821] [bmv2] [T] [thread 79776] [3.0] [cxt 0] Bytes parsed: 14
[17:04:40.821] [bmv2] [D] [thread 79776] [3.0] [cxt 0] Parser 'parser' entering state 'parse_ipv6'
[17:04:40.821] [bmv2] [D] [thread 79776] [3.0] [cxt 0] Extracting header 'ipv6'
[17:04:40.821] [bmv2] [D] [thread 79776] [3.0] [cxt 0] Parser state 'parse_ipv6': key is 00
[17:04:40.821] [bmv2] [T] [thread 79776] [3.0] [cxt 0] Bytes parsed: 54
[17:04:40.821] [bmv2] [D] [thread 79776] [3.0] [cxt 0] Parser 'parser': end
[17:04:40.821] [bmv2] [D] [thread 79776] [3.0] [cxt 0] Pipeline 'ingress': start
[17:04:40.821] [bmv2] [T] [thread 79776] [3.0] [cxt 0] Applying table 'tbl_p4src226'
[17:04:40.821] [bmv2] [D] [thread 79776] [3.0] [cxt 0] Looking up key:

[17:04:40.821] [bmv2] [D] [thread 79776] [3.0] [cxt 0] Table 'tbl_p4src226': miss
[17:04:40.821] [bmv2] [D] [thread 79776] [3.0] [cxt 0] Action entry is p4src226 - 
[17:04:40.821] [bmv2] [T] [thread 79776] [3.0] [cxt 0] Action p4src226
[17:04:40.821] [bmv2] [T] [thread 79776] [3.0] [cxt 0] /home/p4/projekt/network_telemetry/src/p4src.p4(226) Primitive meta.ingress_timestamp = standard_metadata.ingress_global_timestamp
[17:04:40.821] [bmv2] [T] [thread 79776] [3.0] [cxt 0] /home/p4/projekt/network_telemetry/src/p4src.p4(227) Primitive meta.have_processed = 0
[17:04:40.821] [bmv2] [T] [thread 79776] [3.0] [cxt 0] /home/p4/projekt/network_telemetry/src/p4src.p4(228) Condition "meta.has_int_header == 1" (node_3) is false
[17:04:40.821] [bmv2] [T] [thread 79776] [3.0] [cxt 0] Applying table 'tbl_p4src248'
[17:04:40.821] [bmv2] [D] [thread 79776] [3.0] [cxt 0] Looking up key:

[17:04:40.821] [bmv2] [D] [thread 79776] [3.0] [cxt 0] Table 'tbl_p4src248': miss
[17:04:40.821] [bmv2] [D] [thread 79776] [3.0] [cxt 0] Action entry is p4src248 - 
[17:04:40.821] [bmv2] [T] [thread 79776] [3.0] [cxt 0] Action p4src248
[17:04:40.821] [bmv2] [T] [thread 79776] [3.0] [cxt 0] /home/p4/projekt/network_telemetry/src/p4src.p4(248) Primitive meta.to_send_to_ipv6 = hdr.ipv6
[17:04:40.821] [bmv2] [T] [thread 79776] [3.0] [cxt 0] Applying table 'MyIngress.forward'
[17:04:40.821] [bmv2] [D] [thread 79776] [3.0] [cxt 0] Looking up key:
* meta.to_send_to_ipv6.Addr0: ff0200000000000000000001ff91ae61

[17:04:40.821] [bmv2] [D] [thread 79776] [3.0] [cxt 0] Table 'MyIngress.forward': miss
[17:04:40.821] [bmv2] [D] [thread 79776] [3.0] [cxt 0] Action entry is NoAction - 
[17:04:40.821] [bmv2] [T] [thread 79776] [3.0] [cxt 0] Action NoAction
[17:04:40.821] [bmv2] [T] [thread 79776] [3.0] [cxt 0] /home/p4/projekt/network_telemetry/src/p4src.p4(251) Condition "meta.have_processed == 1" (node_11) is false
[17:04:40.821] [bmv2] [D] [thread 79776] [3.0] [cxt 0] Pipeline 'ingress': end
[17:04:40.821] [bmv2] [D] [thread 79776] [3.0] [cxt 0] Egress port is 0
[17:04:40.821] [bmv2] [D] [thread 79777] [3.0] [cxt 0] Pipeline 'egress': start
[17:04:40.821] [bmv2] [T] [thread 79777] [3.0] [cxt 0] /home/p4/projekt/network_telemetry/src/p4src.p4(271) Condition "meta.have_processed == 1" (node_18) is false
[17:04:40.821] [bmv2] [D] [thread 79777] [3.0] [cxt 0] Pipeline 'egress': end
[17:04:40.821] [bmv2] [D] [thread 79777] [3.0] [cxt 0] Deparser 'deparser': start
[17:04:40.821] [bmv2] [D] [thread 79777] [3.0] [cxt 0] Deparsing header 'ethernet'
[17:04:40.821] [bmv2] [D] [thread 79777] [3.0] [cxt 0] Deparsing header 'ipv6'
[17:04:40.821] [bmv2] [D] [thread 79777] [3.0] [cxt 0] Deparser 'deparser': end
[17:04:40.821] [bmv2] [D] [thread 79781] [3.0] [cxt 0] Transmitting packet of size 86 out of port 0
[17:04:40.909] [bmv2] [D] [thread 79776] [4.0] [cxt 0] Processing packet received on port 3
[17:04:40.909] [bmv2] [D] [thread 79776] [4.0] [cxt 0] Parser 'parser': start
[17:04:40.909] [bmv2] [D] [thread 79776] [4.0] [cxt 0] Parser 'parser' entering state 'start'
[17:04:40.909] [bmv2] [D] [thread 79776] [4.0] [cxt 0] Parser set: setting field 'scalars.metadata._has_int_header1' to 0
[17:04:40.909] [bmv2] [D] [thread 79776] [4.0] [cxt 0] Extracting header 'ethernet'
[17:04:40.909] [bmv2] [D] [thread 79776] [4.0] [cxt 0] Parser state 'start': key is 86dd
[17:04:40.909] [bmv2] [T] [thread 79776] [4.0] [cxt 0] Bytes parsed: 14
[17:04:40.909] [bmv2] [D] [thread 79776] [4.0] [cxt 0] Parser 'parser' entering state 'parse_ipv6'
[17:04:40.909] [bmv2] [D] [thread 79776] [4.0] [cxt 0] Extracting header 'ipv6'
[17:04:40.909] [bmv2] [D] [thread 79776] [4.0] [cxt 0] Parser state 'parse_ipv6': key is 00
[17:04:40.909] [bmv2] [T] [thread 79776] [4.0] [cxt 0] Bytes parsed: 54
[17:04:40.909] [bmv2] [D] [thread 79776] [4.0] [cxt 0] Parser 'parser': end
[17:04:40.909] [bmv2] [D] [thread 79776] [4.0] [cxt 0] Pipeline 'ingress': start
[17:04:40.909] [bmv2] [T] [thread 79776] [4.0] [cxt 0] Applying table 'tbl_p4src226'
[17:04:40.909] [bmv2] [D] [thread 79776] [4.0] [cxt 0] Looking up key:

[17:04:40.909] [bmv2] [D] [thread 79776] [4.0] [cxt 0] Table 'tbl_p4src226': miss
[17:04:40.909] [bmv2] [D] [thread 79776] [4.0] [cxt 0] Action entry is p4src226 - 
[17:04:40.909] [bmv2] [T] [thread 79776] [4.0] [cxt 0] Action p4src226
[17:04:40.909] [bmv2] [T] [thread 79776] [4.0] [cxt 0] /home/p4/projekt/network_telemetry/src/p4src.p4(226) Primitive meta.ingress_timestamp = standard_metadata.ingress_global_timestamp
[17:04:40.909] [bmv2] [T] [thread 79776] [4.0] [cxt 0] /home/p4/projekt/network_telemetry/src/p4src.p4(227) Primitive meta.have_processed = 0
[17:04:40.909] [bmv2] [T] [thread 79776] [4.0] [cxt 0] /home/p4/projekt/network_telemetry/src/p4src.p4(228) Condition "meta.has_int_header == 1" (node_3) is false
[17:04:40.909] [bmv2] [T] [thread 79776] [4.0] [cxt 0] Applying table 'tbl_p4src248'
[17:04:40.909] [bmv2] [D] [thread 79776] [4.0] [cxt 0] Looking up key:

[17:04:40.909] [bmv2] [D] [thread 79776] [4.0] [cxt 0] Table 'tbl_p4src248': miss
[17:04:40.909] [bmv2] [D] [thread 79776] [4.0] [cxt 0] Action entry is p4src248 - 
[17:04:40.909] [bmv2] [T] [thread 79776] [4.0] [cxt 0] Action p4src248
[17:04:40.909] [bmv2] [T] [thread 79776] [4.0] [cxt 0] /home/p4/projekt/network_telemetry/src/p4src.p4(248) Primitive meta.to_send_to_ipv6 = hdr.ipv6
[17:04:40.909] [bmv2] [T] [thread 79776] [4.0] [cxt 0] Applying table 'MyIngress.forward'
[17:04:40.909] [bmv2] [D] [thread 79776] [4.0] [cxt 0] Looking up key:
* meta.to_send_to_ipv6.Addr0: ff0200000000000000000001ff637dec

[17:04:40.909] [bmv2] [D] [thread 79776] [4.0] [cxt 0] Table 'MyIngress.forward': miss
[17:04:40.909] [bmv2] [D] [thread 79776] [4.0] [cxt 0] Action entry is NoAction - 
[17:04:40.909] [bmv2] [T] [thread 79776] [4.0] [cxt 0] Action NoAction
[17:04:40.909] [bmv2] [T] [thread 79776] [4.0] [cxt 0] /home/p4/projekt/network_telemetry/src/p4src.p4(251) Condition "meta.have_processed == 1" (node_11) is false
[17:04:40.909] [bmv2] [D] [thread 79776] [4.0] [cxt 0] Pipeline 'ingress': end
[17:04:40.909] [bmv2] [D] [thread 79776] [4.0] [cxt 0] Egress port is 0
[17:04:40.909] [bmv2] [D] [thread 79776] [5.0] [cxt 0] Processing packet received on port 3
[17:04:40.909] [bmv2] [D] [thread 79776] [5.0] [cxt 0] Parser 'parser': start
[17:04:40.909] [bmv2] [D] [thread 79776] [5.0] [cxt 0] Parser 'parser' entering state 'start'
[17:04:40.909] [bmv2] [D] [thread 79776] [5.0] [cxt 0] Parser set: setting field 'scalars.metadata._has_int_header1' to 0
[17:04:40.909] [bmv2] [D] [thread 79776] [5.0] [cxt 0] Extracting header 'ethernet'
[17:04:40.909] [bmv2] [D] [thread 79777] [4.0] [cxt 0] Pipeline 'egress': start
[17:04:40.909] [bmv2] [D] [thread 79776] [5.0] [cxt 0] Parser state 'start': key is 86dd
[17:04:40.909] [bmv2] [T] [thread 79776] [5.0] [cxt 0] Bytes parsed: 14
[17:04:40.909] [bmv2] [T] [thread 79777] [4.0] [cxt 0] /home/p4/projekt/network_telemetry/src/p4src.p4(271) Condition "meta.have_processed == 1" (node_18) is false
[17:04:40.910] [bmv2] [D] [thread 79777] [4.0] [cxt 0] Pipeline 'egress': end
[17:04:40.910] [bmv2] [D] [thread 79777] [4.0] [cxt 0] Deparser 'deparser': start
[17:04:40.910] [bmv2] [D] [thread 79777] [4.0] [cxt 0] Deparsing header 'ethernet'
[17:04:40.910] [bmv2] [D] [thread 79777] [4.0] [cxt 0] Deparsing header 'ipv6'
[17:04:40.910] [bmv2] [D] [thread 79777] [4.0] [cxt 0] Deparser 'deparser': end
[17:04:40.910] [bmv2] [D] [thread 79781] [4.0] [cxt 0] Transmitting packet of size 86 out of port 0
[17:04:40.909] [bmv2] [D] [thread 79776] [5.0] [cxt 0] Parser 'parser' entering state 'parse_ipv6'
[17:04:40.910] [bmv2] [D] [thread 79776] [5.0] [cxt 0] Extracting header 'ipv6'
[17:04:40.910] [bmv2] [D] [thread 79776] [5.0] [cxt 0] Parser state 'parse_ipv6': key is 00
[17:04:40.910] [bmv2] [T] [thread 79776] [5.0] [cxt 0] Bytes parsed: 54
[17:04:40.910] [bmv2] [D] [thread 79776] [5.0] [cxt 0] Parser 'parser': end
[17:04:40.910] [bmv2] [D] [thread 79776] [5.0] [cxt 0] Pipeline 'ingress': start
[17:04:40.910] [bmv2] [T] [thread 79776] [5.0] [cxt 0] Applying table 'tbl_p4src226'
[17:04:40.910] [bmv2] [D] [thread 79776] [5.0] [cxt 0] Looking up key:

[17:04:40.910] [bmv2] [D] [thread 79776] [5.0] [cxt 0] Table 'tbl_p4src226': miss
[17:04:40.910] [bmv2] [D] [thread 79776] [5.0] [cxt 0] Action entry is p4src226 - 
[17:04:40.910] [bmv2] [T] [thread 79776] [5.0] [cxt 0] Action p4src226
[17:04:40.910] [bmv2] [T] [thread 79776] [5.0] [cxt 0] /home/p4/projekt/network_telemetry/src/p4src.p4(226) Primitive meta.ingress_timestamp = standard_metadata.ingress_global_timestamp
[17:04:40.910] [bmv2] [T] [thread 79776] [5.0] [cxt 0] /home/p4/projekt/network_telemetry/src/p4src.p4(227) Primitive meta.have_processed = 0
[17:04:40.910] [bmv2] [T] [thread 79776] [5.0] [cxt 0] /home/p4/projekt/network_telemetry/src/p4src.p4(228) Condition "meta.has_int_header == 1" (node_3) is false
[17:04:40.910] [bmv2] [T] [thread 79776] [5.0] [cxt 0] Applying table 'tbl_p4src248'
[17:04:40.910] [bmv2] [D] [thread 79776] [5.0] [cxt 0] Looking up key:

[17:04:40.910] [bmv2] [D] [thread 79776] [5.0] [cxt 0] Table 'tbl_p4src248': miss
[17:04:40.910] [bmv2] [D] [thread 79776] [5.0] [cxt 0] Action entry is p4src248 - 
[17:04:40.910] [bmv2] [T] [thread 79776] [5.0] [cxt 0] Action p4src248
[17:04:40.910] [bmv2] [T] [thread 79776] [5.0] [cxt 0] /home/p4/projekt/network_telemetry/src/p4src.p4(248) Primitive meta.to_send_to_ipv6 = hdr.ipv6
[17:04:40.910] [bmv2] [T] [thread 79776] [5.0] [cxt 0] Applying table 'MyIngress.forward'
[17:04:40.910] [bmv2] [D] [thread 79776] [5.0] [cxt 0] Looking up key:
* meta.to_send_to_ipv6.Addr0: ff0200000000000000000001ff81510a

[17:04:40.910] [bmv2] [D] [thread 79776] [5.0] [cxt 0] Table 'MyIngress.forward': miss
[17:04:40.910] [bmv2] [D] [thread 79776] [5.0] [cxt 0] Action entry is NoAction - 
[17:04:40.910] [bmv2] [T] [thread 79776] [5.0] [cxt 0] Action NoAction
[17:04:40.910] [bmv2] [T] [thread 79776] [5.0] [cxt 0] /home/p4/projekt/network_telemetry/src/p4src.p4(251) Condition "meta.have_processed == 1" (node_11) is false
[17:04:40.910] [bmv2] [D] [thread 79776] [5.0] [cxt 0] Pipeline 'ingress': end
[17:04:40.910] [bmv2] [D] [thread 79776] [5.0] [cxt 0] Egress port is 0
[17:04:40.910] [bmv2] [D] [thread 79777] [5.0] [cxt 0] Pipeline 'egress': start
[17:04:40.910] [bmv2] [T] [thread 79777] [5.0] [cxt 0] /home/p4/projekt/network_telemetry/src/p4src.p4(271) Condition "meta.have_processed == 1" (node_18) is false
[17:04:40.910] [bmv2] [D] [thread 79777] [5.0] [cxt 0] Pipeline 'egress': end
[17:04:40.910] [bmv2] [D] [thread 79777] [5.0] [cxt 0] Deparser 'deparser': start
[17:04:40.910] [bmv2] [D] [thread 79777] [5.0] [cxt 0] Deparsing header 'ethernet'
[17:04:40.910] [bmv2] [D] [thread 79777] [5.0] [cxt 0] Deparsing header 'ipv6'
[17:04:40.910] [bmv2] [D] [thread 79777] [5.0] [cxt 0] Deparser 'deparser': end
[17:04:40.910] [bmv2] [D] [thread 79781] [5.0] [cxt 0] Transmitting packet of size 86 out of port 0
[17:04:41.215] [bmv2] [T] [thread 79933] bm_get_config
[17:04:41.218] [bmv2] [T] [thread 79933] bm_table_add_entry
[17:04:41.218] [bmv2] [D] [thread 79933] Entry 0 added to table 'MyIngress.add_our_telemetry'
[17:04:41.218] [bmv2] [D] [thread 79933] Dumping entry 0
Match key:
* hdr.srh_end[0].addr.Addr0: EXACT     00000000000000000000000000010003
Action entry: MyIngress.addMetadata - 3,

[17:04:41.219] [bmv2] [T] [thread 79933] bm_table_add_entry
[17:04:41.219] [bmv2] [D] [thread 79933] Entry 0 added to table 'MyIngress.forward'
[17:04:41.219] [bmv2] [D] [thread 79933] Dumping entry 0
Match key:
* meta.to_send_to_ipv6.Addr0: EXACT     00000000000000000000000000000001
Action entry: MyIngress.setEgress - 1,

[17:04:41.219] [bmv2] [T] [thread 79933] bm_table_add_entry
[17:04:41.219] [bmv2] [D] [thread 79933] Entry 1 added to table 'MyIngress.forward'
[17:04:41.219] [bmv2] [D] [thread 79933] Dumping entry 1
Match key:
* meta.to_send_to_ipv6.Addr0: EXACT     00000000000000000000000000000002
Action entry: MyIngress.setEgress - 4,

[17:04:41.219] [bmv2] [T] [thread 79933] bm_table_add_entry
[17:04:41.219] [bmv2] [D] [thread 79933] Entry 2 added to table 'MyIngress.forward'
[17:04:41.219] [bmv2] [D] [thread 79933] Dumping entry 2
Match key:
* meta.to_send_to_ipv6.Addr0: EXACT     00000000000000000000000000010001
Action entry: MyIngress.setEgress - 1,

[17:04:41.219] [bmv2] [T] [thread 79933] bm_table_add_entry
[17:04:41.219] [bmv2] [D] [thread 79933] Entry 3 added to table 'MyIngress.forward'
[17:04:41.219] [bmv2] [D] [thread 79933] Dumping entry 3
Match key:
* meta.to_send_to_ipv6.Addr0: EXACT     00000000000000000000000000010002
Action entry: MyIngress.setEgress - 1,

[17:04:41.220] [bmv2] [T] [thread 79933] bm_table_add_entry
[17:04:41.220] [bmv2] [D] [thread 79933] Entry 4 added to table 'MyIngress.forward'
[17:04:41.220] [bmv2] [D] [thread 79933] Dumping entry 4
Match key:
* meta.to_send_to_ipv6.Addr0: EXACT     00000000000000000000000000010004
Action entry: MyIngress.setEgress - 4,

[17:04:41.220] [bmv2] [T] [thread 79933] bm_table_add_entry
[17:04:41.220] [bmv2] [D] [thread 79933] Entry 5 added to table 'MyIngress.forward'
[17:04:41.220] [bmv2] [D] [thread 79933] Dumping entry 5
Match key:
* meta.to_send_to_ipv6.Addr0: EXACT     00000000000000000000000000010005
Action entry: MyIngress.setEgress - 3,

[17:04:41.220] [bmv2] [T] [thread 79933] bm_table_add_entry
[17:04:41.220] [bmv2] [D] [thread 79933] Entry 6 added to table 'MyIngress.forward'
[17:04:41.220] [bmv2] [D] [thread 79933] Dumping entry 6
Match key:
* meta.to_send_to_ipv6.Addr0: EXACT     00000000000000000000000000010006
Action entry: MyIngress.setEgress - 2,

[17:05:46.839] [bmv2] [D] [thread 79776] [6.0] [cxt 0] Processing packet received on port 2
[17:05:46.839] [bmv2] [D] [thread 79776] [6.0] [cxt 0] Parser 'parser': start
[17:05:46.839] [bmv2] [D] [thread 79776] [6.0] [cxt 0] Parser 'parser' entering state 'start'
[17:05:46.839] [bmv2] [D] [thread 79776] [6.0] [cxt 0] Parser set: setting field 'scalars.metadata._has_int_header1' to 0
[17:05:46.839] [bmv2] [D] [thread 79776] [6.0] [cxt 0] Extracting header 'ethernet'
[17:05:46.839] [bmv2] [D] [thread 79776] [6.0] [cxt 0] Parser state 'start': key is 7fff
[17:05:46.839] [bmv2] [T] [thread 79776] [6.0] [cxt 0] Bytes parsed: 14
[17:05:46.839] [bmv2] [D] [thread 79776] [6.0] [cxt 0] Parser 'parser' entering state 'parse_int_beg'
[17:05:46.839] [bmv2] [D] [thread 79776] [6.0] [cxt 0] Parser set: setting field 'scalars.metadata._has_int_header1' to 1
[17:05:46.839] [bmv2] [D] [thread 79776] [6.0] [cxt 0] Extracting header 'int_beg'
[17:05:46.839] [bmv2] [D] [thread 79776] [6.0] [cxt 0] Parser set: setting field 'scalars.metadata._matadata_to_parse3' from field 'int_beg.hop_ml' (3)
[17:05:46.839] [bmv2] [D] [thread 79776] [6.0] [cxt 0] Parser state 'parse_int_beg': key is 03
[17:05:46.839] [bmv2] [T] [thread 79776] [6.0] [cxt 0] Bytes parsed: 18
[17:05:46.839] [bmv2] [D] [thread 79776] [6.0] [cxt 0] Parser 'parser' entering state 'parse_int_end'
[17:05:46.839] [bmv2] [D] [thread 79776] [6.0] [cxt 0] Extracting to header stack 0, next header is 7
[17:05:46.839] [bmv2] [D] [thread 79776] [6.0] [cxt 0] Parser set: setting field 'scalars.metadata._matadata_to_parse3' from expression, new value is 2
[17:05:46.839] [bmv2] [D] [thread 79776] [6.0] [cxt 0] Parser state 'parse_int_end': key is 02
[17:05:46.839] [bmv2] [T] [thread 79776] [6.0] [cxt 0] Bytes parsed: 28
[17:05:46.839] [bmv2] [D] [thread 79776] [6.0] [cxt 0] Parser 'parser' entering state 'parse_int_end'
[17:05:46.839] [bmv2] [D] [thread 79776] [6.0] [cxt 0] Extracting to header stack 0, next header is 8
[17:05:46.839] [bmv2] [D] [thread 79776] [6.0] [cxt 0] Parser set: setting field 'scalars.metadata._matadata_to_parse3' from expression, new value is 1
[17:05:46.839] [bmv2] [D] [thread 79776] [6.0] [cxt 0] Parser state 'parse_int_end': key is 01
[17:05:46.839] [bmv2] [T] [thread 79776] [6.0] [cxt 0] Bytes parsed: 38
[17:05:46.839] [bmv2] [D] [thread 79776] [6.0] [cxt 0] Parser 'parser' entering state 'parse_int_end'
[17:05:46.839] [bmv2] [D] [thread 79776] [6.0] [cxt 0] Extracting to header stack 0, next header is 9
[17:05:46.839] [bmv2] [D] [thread 79776] [6.0] [cxt 0] Parser set: setting field 'scalars.metadata._matadata_to_parse3' from expression, new value is 0
[17:05:46.839] [bmv2] [D] [thread 79776] [6.0] [cxt 0] Parser state 'parse_int_end': key is 00
[17:05:46.839] [bmv2] [T] [thread 79776] [6.0] [cxt 0] Bytes parsed: 48
[17:05:46.839] [bmv2] [D] [thread 79776] [6.0] [cxt 0] Parser 'parser' entering state 'parse_ipv6'
[17:05:46.839] [bmv2] [D] [thread 79776] [6.0] [cxt 0] Extracting header 'ipv6'
[17:05:46.839] [bmv2] [D] [thread 79776] [6.0] [cxt 0] Parser state 'parse_ipv6': key is 01
[17:05:46.839] [bmv2] [T] [thread 79776] [6.0] [cxt 0] Bytes parsed: 88
[17:05:46.839] [bmv2] [D] [thread 79776] [6.0] [cxt 0] Parser 'parser' entering state 'parse_srh_beg'
[17:05:46.839] [bmv2] [D] [thread 79776] [6.0] [cxt 0] Extracting header 'srh_beg'
[17:05:46.840] [bmv2] [D] [thread 79776] [6.0] [cxt 0] Parser set: setting field 'scalars.metadata._segment_list_items_to_parse4' from field 'srh_beg.segments_left' (1)
[17:05:46.840] [bmv2] [D] [thread 79776] [6.0] [cxt 0] Parser state 'parse_srh_beg': key is 01
[17:05:46.840] [bmv2] [T] [thread 79776] [6.0] [cxt 0] Bytes parsed: 96
[17:05:46.840] [bmv2] [D] [thread 79776] [6.0] [cxt 0] Parser 'parser' entering state 'parse_srh_end'
[17:05:46.840] [bmv2] [D] [thread 79776] [6.0] [cxt 0] Extracting to header stack 1, next header is 19
[17:05:46.840] [bmv2] [D] [thread 79776] [6.0] [cxt 0] Parser set: setting field 'scalars.metadata._segment_list_items_to_parse4' from expression, new value is 0
[17:05:46.840] [bmv2] [D] [thread 79776] [6.0] [cxt 0] Parser state 'parse_srh_end': key is 00
[17:05:46.840] [bmv2] [T] [thread 79776] [6.0] [cxt 0] Bytes parsed: 112
[17:05:46.840] [bmv2] [D] [thread 79776] [6.0] [cxt 0] Parser 'parser': end
[17:05:46.840] [bmv2] [D] [thread 79776] [6.0] [cxt 0] Pipeline 'ingress': start
[17:05:46.840] [bmv2] [T] [thread 79776] [6.0] [cxt 0] Applying table 'tbl_p4src226'
[17:05:46.840] [bmv2] [D] [thread 79776] [6.0] [cxt 0] Looking up key:

[17:05:46.840] [bmv2] [D] [thread 79776] [6.0] [cxt 0] Table 'tbl_p4src226': miss
[17:05:46.840] [bmv2] [D] [thread 79776] [6.0] [cxt 0] Action entry is p4src226 - 
[17:05:46.840] [bmv2] [T] [thread 79776] [6.0] [cxt 0] Action p4src226
[17:05:46.840] [bmv2] [T] [thread 79776] [6.0] [cxt 0] /home/p4/projekt/network_telemetry/src/p4src.p4(226) Primitive meta.ingress_timestamp = standard_metadata.ingress_global_timestamp
[17:05:46.840] [bmv2] [T] [thread 79776] [6.0] [cxt 0] /home/p4/projekt/network_telemetry/src/p4src.p4(227) Primitive meta.have_processed = 0
[17:05:46.840] [bmv2] [T] [thread 79776] [6.0] [cxt 0] /home/p4/projekt/network_telemetry/src/p4src.p4(228) Condition "meta.has_int_header == 1" (node_3) is true
[17:05:46.840] [bmv2] [T] [thread 79776] [6.0] [cxt 0] Applying table 'tbl_p4src215'
[17:05:46.840] [bmv2] [D] [thread 79776] [6.0] [cxt 0] Looking up key:

[17:05:46.840] [bmv2] [D] [thread 79776] [6.0] [cxt 0] Table 'tbl_p4src215': miss
[17:05:46.840] [bmv2] [D] [thread 79776] [6.0] [cxt 0] Action entry is p4src215 - 
[17:05:46.840] [bmv2] [T] [thread 79776] [6.0] [cxt 0] Action p4src215
[17:05:46.840] [bmv2] [T] [thread 79776] [6.0] [cxt 0] /home/p4/projekt/network_telemetry/src/p4src.p4(215) Primitive hdr.srh_end[0]
[17:05:46.840] [bmv2] [T] [thread 79776] [6.0] [cxt 0] Applying table 'MyIngress.add_our_telemetry'
[17:05:46.840] [bmv2] [D] [thread 79776] [6.0] [cxt 0] Looking up key:
* hdr.srh_end[0].addr.Addr0: 00000000000000000000000000010003

[17:05:46.840] [bmv2] [D] [thread 79776] [6.0] [cxt 0] Table 'MyIngress.add_our_telemetry': hit with handle 0
[17:05:46.840] [bmv2] [D] [thread 79776] [6.0] [cxt 0] Dumping entry 0
Match key:
* hdr.srh_end[0].addr.Addr0: EXACT     00000000000000000000000000010003
Action entry: MyIngress.addMetadata - 3,

[17:05:46.840] [bmv2] [D] [thread 79776] [6.0] [cxt 0] Action entry is MyIngress.addMetadata - 3,
[17:05:46.840] [bmv2] [T] [thread 79776] [6.0] [cxt 0] Action MyIngress.addMetadata
[17:05:46.840] [bmv2] [T] [thread 79776] [6.0] [cxt 0] /home/p4/projekt/network_telemetry/src/p4src.p4(201) Primitive hdr.srh_end.pop_front(1)
[17:05:46.840] [bmv2] [T] [thread 79776] [6.0] [cxt 0] /home/p4/projekt/network_telemetry/src/p4src.p4(202) Primitive hdr.srh_beg.segments_left = hdr.srh_beg.segments_left - 1
[17:05:46.840] [bmv2] [T] [thread 79776] [6.0] [cxt 0] /home/p4/projekt/network_telemetry/src/p4src.p4(203) Primitive meta.have_processed = 1
[17:05:46.840] [bmv2] [T] [thread 79776] [6.0] [cxt 0] /home/p4/projekt/network_telemetry/src/p4src.p4(205) Primitive hdr.int_beg.hop_ml = hdr.int_beg.hop_ml + 1
[17:05:46.840] [bmv2] [T] [thread 79776] [6.0] [cxt 0] /home/p4/projekt/network_telemetry/src/p4src.p4(206) Primitive hdr.int_end.push_front(1)
[17:05:46.840] [bmv2] [T] [thread 79776] [6.0] [cxt 0] /home/p4/projekt/network_telemetry/src/p4src.p4(207) Primitive hdr.int_end[0].setValid()
[17:05:46.840] [bmv2] [T] [thread 79776] [6.0] [cxt 0] Primitive (no source info)
[17:05:46.840] [bmv2] [T] [thread 79776] [6.0] [cxt 0] /home/p4/projekt/network_telemetry/src/p4src.p4(236) Condition "hdr.srh_beg.segments_left == 0" (node_6) is true
[17:05:46.840] [bmv2] [T] [thread 79776] [6.0] [cxt 0] Applying table 'tbl_p4src237'
[17:05:46.840] [bmv2] [D] [thread 79776] [6.0] [cxt 0] Looking up key:

[17:05:46.840] [bmv2] [D] [thread 79776] [6.0] [cxt 0] Table 'tbl_p4src237': miss
[17:05:46.840] [bmv2] [D] [thread 79776] [6.0] [cxt 0] Action entry is p4src237 - 
[17:05:46.840] [bmv2] [T] [thread 79776] [6.0] [cxt 0] Action p4src237
[17:05:46.840] [bmv2] [T] [thread 79776] [6.0] [cxt 0] /home/p4/projekt/network_telemetry/src/p4src.p4(237) Primitive meta.to_send_to_ipv6 = hdr.ipv6
[17:05:46.840] [bmv2] [T] [thread 79776] [6.0] [cxt 0] /home/p4/projekt/network_telemetry/src/p4src.p4(238) Primitive hdr.ethernet.ethertype = 16w0x86DD
[17:05:46.840] [bmv2] [T] [thread 79776] [6.0] [cxt 0] /home/p4/projekt/network_telemetry/src/p4src.p4(239) Primitive hdr.ipv6_to_final_destination = hdr.ipv6
[17:05:46.840] [bmv2] [T] [thread 79776] [6.0] [cxt 0] /home/p4/projekt/network_telemetry/src/p4src.p4(240) Primitive hdr.ipv6_to_final_destination.nextHdr = 253
[17:05:46.840] [bmv2] [T] [thread 79776] [6.0] [cxt 0] /home/p4/projekt/network_telemetry/src/p4src.p4(241) Primitive hdr.ipv6.setInvalid()
[17:05:46.840] [bmv2] [T] [thread 79776] [6.0] [cxt 0] /home/p4/projekt/network_telemetry/src/p4src.p4(242) Primitive hdr.srh_beg.setInvalid()
[17:05:46.840] [bmv2] [T] [thread 79776] [6.0] [cxt 0] Applying table 'MyIngress.forward'
[17:05:46.840] [bmv2] [D] [thread 79776] [6.0] [cxt 0] Looking up key:
* meta.to_send_to_ipv6.Addr0: 00000000000000000000000000000002

[17:05:46.840] [bmv2] [D] [thread 79776] [6.0] [cxt 0] Table 'MyIngress.forward': hit with handle 1
[17:05:46.840] [bmv2] [D] [thread 79776] [6.0] [cxt 0] Dumping entry 1
Match key:
* meta.to_send_to_ipv6.Addr0: EXACT     00000000000000000000000000000002
Action entry: MyIngress.setEgress - 4,

[17:05:46.840] [bmv2] [D] [thread 79776] [6.0] [cxt 0] Action entry is MyIngress.setEgress - 4,
[17:05:46.840] [bmv2] [T] [thread 79776] [6.0] [cxt 0] Action MyIngress.setEgress
[17:05:46.840] [bmv2] [T] [thread 79776] [6.0] [cxt 0] /home/p4/projekt/network_telemetry/src/p4src.p4(185) Primitive standard_metadata.egress_spec = port
[17:05:46.840] [bmv2] [T] [thread 79776] [6.0] [cxt 0] /home/p4/projekt/network_telemetry/src/p4src.p4(251) Condition "meta.have_processed == 1" (node_11) is true
[17:05:46.840] [bmv2] [T] [thread 79776] [6.0] [cxt 0] /home/p4/projekt/network_telemetry/src/p4src.p4(252) Condition "hdr.int_beg.instruction_bitmap & 0b00000000010 != 0" (node_12) is true
[17:05:46.840] [bmv2] [T] [thread 79776] [6.0] [cxt 0] Applying table 'tbl_p4src253'
[17:05:46.840] [bmv2] [D] [thread 79776] [6.0] [cxt 0] Looking up key:

[17:05:46.840] [bmv2] [D] [thread 79776] [6.0] [cxt 0] Table 'tbl_p4src253': miss
[17:05:46.840] [bmv2] [D] [thread 79776] [6.0] [cxt 0] Action entry is p4src253 - 
[17:05:46.840] [bmv2] [T] [thread 79776] [6.0] [cxt 0] Action p4src253
[17:05:46.840] [bmv2] [T] [thread 79776] [6.0] [cxt 0] /home/p4/projekt/network_telemetry/src/p4src.p4(253) Primitive hdr.int_end[0].in_port_id = standard_metadata.ingress_port
[17:05:46.840] [bmv2] [T] [thread 79776] [6.0] [cxt 0] /home/p4/projekt/network_telemetry/src/p4src.p4(255) Condition "hdr.int_beg.instruction_bitmap & 0b00000000100 != 0" (node_14) is true
[17:05:46.840] [bmv2] [T] [thread 79776] [6.0] [cxt 0] Applying table 'tbl_p4src256'
[17:05:46.840] [bmv2] [D] [thread 79776] [6.0] [cxt 0] Looking up key:

[17:05:46.840] [bmv2] [D] [thread 79776] [6.0] [cxt 0] Table 'tbl_p4src256': miss
[17:05:46.840] [bmv2] [D] [thread 79776] [6.0] [cxt 0] Action entry is p4src256 - 
[17:05:46.840] [bmv2] [T] [thread 79776] [6.0] [cxt 0] Action p4src256
[17:05:46.840] [bmv2] [T] [thread 79776] [6.0] [cxt 0] /home/p4/projekt/network_telemetry/src/p4src.p4(256) Primitive hdr.int_end[0].e_port_id = standard_metadata.egress_spec
[17:05:46.840] [bmv2] [D] [thread 79776] [6.0] [cxt 0] Pipeline 'ingress': end
[17:05:46.840] [bmv2] [D] [thread 79776] [6.0] [cxt 0] Egress port is 4
[17:05:46.840] [bmv2] [D] [thread 79777] [6.0] [cxt 0] Pipeline 'egress': start
[17:05:46.840] [bmv2] [T] [thread 79777] [6.0] [cxt 0] /home/p4/projekt/network_telemetry/src/p4src.p4(271) Condition "meta.have_processed == 1" (node_18) is true
[17:05:46.840] [bmv2] [T] [thread 79777] [6.0] [cxt 0] /home/p4/projekt/network_telemetry/src/p4src.p4(272) Condition "hdr.int_beg.instruction_bitmap & 0b00000001000 != 0" (node_19) is true
[17:05:46.840] [bmv2] [T] [thread 79777] [6.0] [cxt 0] Applying table 'tbl_p4src273'
[17:05:46.840] [bmv2] [D] [thread 79777] [6.0] [cxt 0] Looking up key:

[17:05:46.840] [bmv2] [D] [thread 79777] [6.0] [cxt 0] Table 'tbl_p4src273': miss
[17:05:46.840] [bmv2] [D] [thread 79777] [6.0] [cxt 0] Action entry is p4src273 - 
[17:05:46.840] [bmv2] [T] [thread 79777] [6.0] [cxt 0] Action p4src273
[17:05:46.840] [bmv2] [T] [thread 79777] [6.0] [cxt 0] /home/p4/projekt/network_telemetry/src/p4src.p4(273) Primitive hdr.int_end[0].processed_time = standard_metadata.egress_global_timestamp - meta.ingress_timestamp
[17:05:46.840] [bmv2] [D] [thread 79777] [6.0] [cxt 0] Pipeline 'egress': end
[17:05:46.840] [bmv2] [D] [thread 79777] [6.0] [cxt 0] Deparser 'deparser': start
[17:05:46.840] [bmv2] [D] [thread 79777] [6.0] [cxt 0] Deparsing header 'ethernet'
[17:05:46.840] [bmv2] [D] [thread 79777] [6.0] [cxt 0] Deparsing header 'ipv6_to_final_destination'
[17:05:46.840] [bmv2] [D] [thread 79777] [6.0] [cxt 0] Deparsing header 'int_beg'
[17:05:46.840] [bmv2] [D] [thread 79777] [6.0] [cxt 0] Deparsing header 'int_end[0]'
[17:05:46.840] [bmv2] [D] [thread 79777] [6.0] [cxt 0] Deparsing header 'int_end[1]'
[17:05:46.840] [bmv2] [D] [thread 79777] [6.0] [cxt 0] Deparsing header 'int_end[2]'
[17:05:46.840] [bmv2] [D] [thread 79777] [6.0] [cxt 0] Deparsing header 'int_end[3]'
[17:05:46.840] [bmv2] [D] [thread 79777] [6.0] [cxt 0] Deparser 'deparser': end
[17:05:46.840] [bmv2] [D] [thread 79781] [6.0] [cxt 0] Transmitting packet of size 98 out of port 4
[17:08:14.925] [bmv2] [D] [thread 79776] [7.0] [cxt 0] Processing packet received on port 2
[17:08:14.925] [bmv2] [D] [thread 79776] [7.0] [cxt 0] Parser 'parser': start
[17:08:14.925] [bmv2] [D] [thread 79776] [7.0] [cxt 0] Parser 'parser' entering state 'start'
[17:08:14.925] [bmv2] [D] [thread 79776] [7.0] [cxt 0] Parser set: setting field 'scalars.metadata._has_int_header1' to 0
[17:08:14.925] [bmv2] [D] [thread 79776] [7.0] [cxt 0] Extracting header 'ethernet'
[17:08:14.925] [bmv2] [D] [thread 79776] [7.0] [cxt 0] Parser state 'start': key is 7fff
[17:08:14.925] [bmv2] [T] [thread 79776] [7.0] [cxt 0] Bytes parsed: 14
[17:08:14.925] [bmv2] [D] [thread 79776] [7.0] [cxt 0] Parser 'parser' entering state 'parse_int_beg'
[17:08:14.925] [bmv2] [D] [thread 79776] [7.0] [cxt 0] Parser set: setting field 'scalars.metadata._has_int_header1' to 1
[17:08:14.925] [bmv2] [D] [thread 79776] [7.0] [cxt 0] Extracting header 'int_beg'
[17:08:14.925] [bmv2] [D] [thread 79776] [7.0] [cxt 0] Parser set: setting field 'scalars.metadata._matadata_to_parse3' from field 'int_beg.hop_ml' (2)
[17:08:14.925] [bmv2] [D] [thread 79776] [7.0] [cxt 0] Parser state 'parse_int_beg': key is 02
[17:08:14.925] [bmv2] [T] [thread 79776] [7.0] [cxt 0] Bytes parsed: 18
[17:08:14.925] [bmv2] [D] [thread 79776] [7.0] [cxt 0] Parser 'parser' entering state 'parse_int_end'
[17:08:14.925] [bmv2] [D] [thread 79776] [7.0] [cxt 0] Extracting to header stack 0, next header is 7
[17:08:14.925] [bmv2] [D] [thread 79776] [7.0] [cxt 0] Parser set: setting field 'scalars.metadata._matadata_to_parse3' from expression, new value is 1
[17:08:14.925] [bmv2] [D] [thread 79776] [7.0] [cxt 0] Parser state 'parse_int_end': key is 01
[17:08:14.925] [bmv2] [T] [thread 79776] [7.0] [cxt 0] Bytes parsed: 28
[17:08:14.925] [bmv2] [D] [thread 79776] [7.0] [cxt 0] Parser 'parser' entering state 'parse_int_end'
[17:08:14.925] [bmv2] [D] [thread 79776] [7.0] [cxt 0] Extracting to header stack 0, next header is 8
[17:08:14.925] [bmv2] [D] [thread 79776] [7.0] [cxt 0] Parser set: setting field 'scalars.metadata._matadata_to_parse3' from expression, new value is 0
[17:08:14.925] [bmv2] [D] [thread 79776] [7.0] [cxt 0] Parser state 'parse_int_end': key is 00
[17:08:14.925] [bmv2] [T] [thread 79776] [7.0] [cxt 0] Bytes parsed: 38
[17:08:14.925] [bmv2] [D] [thread 79776] [7.0] [cxt 0] Parser 'parser' entering state 'parse_ipv6'
[17:08:14.925] [bmv2] [D] [thread 79776] [7.0] [cxt 0] Extracting header 'ipv6'
[17:08:14.925] [bmv2] [D] [thread 79776] [7.0] [cxt 0] Parser state 'parse_ipv6': key is 01
[17:08:14.925] [bmv2] [T] [thread 79776] [7.0] [cxt 0] Bytes parsed: 78
[17:08:14.925] [bmv2] [D] [thread 79776] [7.0] [cxt 0] Parser 'parser' entering state 'parse_srh_beg'
[17:08:14.925] [bmv2] [D] [thread 79776] [7.0] [cxt 0] Extracting header 'srh_beg'
[17:08:14.925] [bmv2] [D] [thread 79776] [7.0] [cxt 0] Parser set: setting field 'scalars.metadata._segment_list_items_to_parse4' from field 'srh_beg.segments_left' (1)
[17:08:14.925] [bmv2] [D] [thread 79776] [7.0] [cxt 0] Parser state 'parse_srh_beg': key is 01
[17:08:14.925] [bmv2] [T] [thread 79776] [7.0] [cxt 0] Bytes parsed: 86
[17:08:14.925] [bmv2] [D] [thread 79776] [7.0] [cxt 0] Parser 'parser' entering state 'parse_srh_end'
[17:08:14.925] [bmv2] [D] [thread 79776] [7.0] [cxt 0] Extracting to header stack 1, next header is 19
[17:08:14.925] [bmv2] [D] [thread 79776] [7.0] [cxt 0] Parser set: setting field 'scalars.metadata._segment_list_items_to_parse4' from expression, new value is 0
[17:08:14.925] [bmv2] [D] [thread 79776] [7.0] [cxt 0] Parser state 'parse_srh_end': key is 00
[17:08:14.925] [bmv2] [T] [thread 79776] [7.0] [cxt 0] Bytes parsed: 102
[17:08:14.925] [bmv2] [D] [thread 79776] [7.0] [cxt 0] Parser 'parser': end
[17:08:14.925] [bmv2] [D] [thread 79776] [7.0] [cxt 0] Pipeline 'ingress': start
[17:08:14.925] [bmv2] [T] [thread 79776] [7.0] [cxt 0] Applying table 'tbl_p4src226'
[17:08:14.925] [bmv2] [D] [thread 79776] [7.0] [cxt 0] Looking up key:

[17:08:14.925] [bmv2] [D] [thread 79776] [7.0] [cxt 0] Table 'tbl_p4src226': miss
[17:08:14.925] [bmv2] [D] [thread 79776] [7.0] [cxt 0] Action entry is p4src226 - 
[17:08:14.925] [bmv2] [T] [thread 79776] [7.0] [cxt 0] Action p4src226
[17:08:14.925] [bmv2] [T] [thread 79776] [7.0] [cxt 0] /home/p4/projekt/network_telemetry/src/p4src.p4(226) Primitive meta.ingress_timestamp = standard_metadata.ingress_global_timestamp
[17:08:14.925] [bmv2] [T] [thread 79776] [7.0] [cxt 0] /home/p4/projekt/network_telemetry/src/p4src.p4(227) Primitive meta.have_processed = 0
[17:08:14.925] [bmv2] [T] [thread 79776] [7.0] [cxt 0] /home/p4/projekt/network_telemetry/src/p4src.p4(228) Condition "meta.has_int_header == 1" (node_3) is true
[17:08:14.925] [bmv2] [T] [thread 79776] [7.0] [cxt 0] Applying table 'tbl_p4src215'
[17:08:14.925] [bmv2] [D] [thread 79776] [7.0] [cxt 0] Looking up key:

[17:08:14.925] [bmv2] [D] [thread 79776] [7.0] [cxt 0] Table 'tbl_p4src215': miss
[17:08:14.925] [bmv2] [D] [thread 79776] [7.0] [cxt 0] Action entry is p4src215 - 
[17:08:14.925] [bmv2] [T] [thread 79776] [7.0] [cxt 0] Action p4src215
[17:08:14.925] [bmv2] [T] [thread 79776] [7.0] [cxt 0] /home/p4/projekt/network_telemetry/src/p4src.p4(215) Primitive hdr.srh_end[0]
[17:08:14.925] [bmv2] [T] [thread 79776] [7.0] [cxt 0] Applying table 'MyIngress.add_our_telemetry'
[17:08:14.925] [bmv2] [D] [thread 79776] [7.0] [cxt 0] Looking up key:
* hdr.srh_end[0].addr.Addr0: 00000000000000000000000000010003

[17:08:14.925] [bmv2] [D] [thread 79776] [7.0] [cxt 0] Table 'MyIngress.add_our_telemetry': hit with handle 0
[17:08:14.926] [bmv2] [D] [thread 79776] [7.0] [cxt 0] Dumping entry 0
Match key:
* hdr.srh_end[0].addr.Addr0: EXACT     00000000000000000000000000010003
Action entry: MyIngress.addMetadata - 3,

[17:08:14.926] [bmv2] [D] [thread 79776] [7.0] [cxt 0] Action entry is MyIngress.addMetadata - 3,
[17:08:14.926] [bmv2] [T] [thread 79776] [7.0] [cxt 0] Action MyIngress.addMetadata
[17:08:14.926] [bmv2] [T] [thread 79776] [7.0] [cxt 0] /home/p4/projekt/network_telemetry/src/p4src.p4(201) Primitive hdr.srh_end.pop_front(1)
[17:08:14.926] [bmv2] [T] [thread 79776] [7.0] [cxt 0] /home/p4/projekt/network_telemetry/src/p4src.p4(202) Primitive hdr.srh_beg.segments_left = hdr.srh_beg.segments_left - 1
[17:08:14.926] [bmv2] [T] [thread 79776] [7.0] [cxt 0] /home/p4/projekt/network_telemetry/src/p4src.p4(203) Primitive meta.have_processed = 1
[17:08:14.926] [bmv2] [T] [thread 79776] [7.0] [cxt 0] /home/p4/projekt/network_telemetry/src/p4src.p4(205) Primitive hdr.int_beg.hop_ml = hdr.int_beg.hop_ml + 1
[17:08:14.926] [bmv2] [T] [thread 79776] [7.0] [cxt 0] /home/p4/projekt/network_telemetry/src/p4src.p4(206) Primitive hdr.int_end.push_front(1)
[17:08:14.926] [bmv2] [T] [thread 79776] [7.0] [cxt 0] /home/p4/projekt/network_telemetry/src/p4src.p4(207) Primitive hdr.int_end[0].setValid()
[17:08:14.926] [bmv2] [T] [thread 79776] [7.0] [cxt 0] Primitive (no source info)
[17:08:14.926] [bmv2] [T] [thread 79776] [7.0] [cxt 0] /home/p4/projekt/network_telemetry/src/p4src.p4(236) Condition "hdr.srh_beg.segments_left == 0" (node_6) is true
[17:08:14.926] [bmv2] [T] [thread 79776] [7.0] [cxt 0] Applying table 'tbl_p4src237'
[17:08:14.926] [bmv2] [D] [thread 79776] [7.0] [cxt 0] Looking up key:

[17:08:14.926] [bmv2] [D] [thread 79776] [7.0] [cxt 0] Table 'tbl_p4src237': miss
[17:08:14.926] [bmv2] [D] [thread 79776] [7.0] [cxt 0] Action entry is p4src237 - 
[17:08:14.926] [bmv2] [T] [thread 79776] [7.0] [cxt 0] Action p4src237
[17:08:14.926] [bmv2] [T] [thread 79776] [7.0] [cxt 0] /home/p4/projekt/network_telemetry/src/p4src.p4(237) Primitive meta.to_send_to_ipv6 = hdr.ipv6
[17:08:14.926] [bmv2] [T] [thread 79776] [7.0] [cxt 0] /home/p4/projekt/network_telemetry/src/p4src.p4(238) Primitive hdr.ethernet.ethertype = 16w0x86DD
[17:08:14.926] [bmv2] [T] [thread 79776] [7.0] [cxt 0] /home/p4/projekt/network_telemetry/src/p4src.p4(239) Primitive hdr.ipv6_to_final_destination = hdr.ipv6
[17:08:14.926] [bmv2] [T] [thread 79776] [7.0] [cxt 0] /home/p4/projekt/network_telemetry/src/p4src.p4(240) Primitive hdr.ipv6_to_final_destination.nextHdr = 253
[17:08:14.926] [bmv2] [T] [thread 79776] [7.0] [cxt 0] /home/p4/projekt/network_telemetry/src/p4src.p4(241) Primitive hdr.ipv6.setInvalid()
[17:08:14.926] [bmv2] [T] [thread 79776] [7.0] [cxt 0] /home/p4/projekt/network_telemetry/src/p4src.p4(242) Primitive hdr.srh_beg.setInvalid()
[17:08:14.926] [bmv2] [T] [thread 79776] [7.0] [cxt 0] Applying table 'MyIngress.forward'
[17:08:14.926] [bmv2] [D] [thread 79776] [7.0] [cxt 0] Looking up key:
* meta.to_send_to_ipv6.Addr0: 00000000000000000000000000000002

[17:08:14.926] [bmv2] [D] [thread 79776] [7.0] [cxt 0] Table 'MyIngress.forward': hit with handle 1
[17:08:14.926] [bmv2] [D] [thread 79776] [7.0] [cxt 0] Dumping entry 1
Match key:
* meta.to_send_to_ipv6.Addr0: EXACT     00000000000000000000000000000002
Action entry: MyIngress.setEgress - 4,

[17:08:14.926] [bmv2] [D] [thread 79776] [7.0] [cxt 0] Action entry is MyIngress.setEgress - 4,
[17:08:14.926] [bmv2] [T] [thread 79776] [7.0] [cxt 0] Action MyIngress.setEgress
[17:08:14.926] [bmv2] [T] [thread 79776] [7.0] [cxt 0] /home/p4/projekt/network_telemetry/src/p4src.p4(185) Primitive standard_metadata.egress_spec = port
[17:08:14.926] [bmv2] [T] [thread 79776] [7.0] [cxt 0] /home/p4/projekt/network_telemetry/src/p4src.p4(251) Condition "meta.have_processed == 1" (node_11) is true
[17:08:14.926] [bmv2] [T] [thread 79776] [7.0] [cxt 0] /home/p4/projekt/network_telemetry/src/p4src.p4(252) Condition "hdr.int_beg.instruction_bitmap & 0b00000000010 != 0" (node_12) is true
[17:08:14.926] [bmv2] [T] [thread 79776] [7.0] [cxt 0] Applying table 'tbl_p4src253'
[17:08:14.926] [bmv2] [D] [thread 79776] [7.0] [cxt 0] Looking up key:

[17:08:14.926] [bmv2] [D] [thread 79776] [7.0] [cxt 0] Table 'tbl_p4src253': miss
[17:08:14.926] [bmv2] [D] [thread 79776] [7.0] [cxt 0] Action entry is p4src253 - 
[17:08:14.926] [bmv2] [T] [thread 79776] [7.0] [cxt 0] Action p4src253
[17:08:14.926] [bmv2] [T] [thread 79776] [7.0] [cxt 0] /home/p4/projekt/network_telemetry/src/p4src.p4(253) Primitive hdr.int_end[0].in_port_id = standard_metadata.ingress_port
[17:08:14.926] [bmv2] [T] [thread 79776] [7.0] [cxt 0] /home/p4/projekt/network_telemetry/src/p4src.p4(255) Condition "hdr.int_beg.instruction_bitmap & 0b00000000100 != 0" (node_14) is true
[17:08:14.926] [bmv2] [T] [thread 79776] [7.0] [cxt 0] Applying table 'tbl_p4src256'
[17:08:14.926] [bmv2] [D] [thread 79776] [7.0] [cxt 0] Looking up key:

[17:08:14.926] [bmv2] [D] [thread 79776] [7.0] [cxt 0] Table 'tbl_p4src256': miss
[17:08:14.926] [bmv2] [D] [thread 79776] [7.0] [cxt 0] Action entry is p4src256 - 
[17:08:14.926] [bmv2] [T] [thread 79776] [7.0] [cxt 0] Action p4src256
[17:08:14.926] [bmv2] [T] [thread 79776] [7.0] [cxt 0] /home/p4/projekt/network_telemetry/src/p4src.p4(256) Primitive hdr.int_end[0].e_port_id = standard_metadata.egress_spec
[17:08:14.926] [bmv2] [D] [thread 79776] [7.0] [cxt 0] Pipeline 'ingress': end
[17:08:14.926] [bmv2] [D] [thread 79776] [7.0] [cxt 0] Egress port is 4
[17:08:14.926] [bmv2] [D] [thread 79777] [7.0] [cxt 0] Pipeline 'egress': start
[17:08:14.926] [bmv2] [T] [thread 79777] [7.0] [cxt 0] /home/p4/projekt/network_telemetry/src/p4src.p4(271) Condition "meta.have_processed == 1" (node_18) is true
[17:08:14.926] [bmv2] [T] [thread 79777] [7.0] [cxt 0] /home/p4/projekt/network_telemetry/src/p4src.p4(272) Condition "hdr.int_beg.instruction_bitmap & 0b00000001000 != 0" (node_19) is true
[17:08:14.926] [bmv2] [T] [thread 79777] [7.0] [cxt 0] Applying table 'tbl_p4src273'
[17:08:14.926] [bmv2] [D] [thread 79777] [7.0] [cxt 0] Looking up key:

[17:08:14.926] [bmv2] [D] [thread 79777] [7.0] [cxt 0] Table 'tbl_p4src273': miss
[17:08:14.926] [bmv2] [D] [thread 79777] [7.0] [cxt 0] Action entry is p4src273 - 
[17:08:14.926] [bmv2] [T] [thread 79777] [7.0] [cxt 0] Action p4src273
[17:08:14.926] [bmv2] [T] [thread 79777] [7.0] [cxt 0] /home/p4/projekt/network_telemetry/src/p4src.p4(273) Primitive hdr.int_end[0].processed_time = standard_metadata.egress_global_timestamp - meta.ingress_timestamp
[17:08:14.926] [bmv2] [D] [thread 79777] [7.0] [cxt 0] Pipeline 'egress': end
[17:08:14.926] [bmv2] [D] [thread 79777] [7.0] [cxt 0] Deparser 'deparser': start
[17:08:14.926] [bmv2] [D] [thread 79777] [7.0] [cxt 0] Deparsing header 'ethernet'
[17:08:14.926] [bmv2] [D] [thread 79777] [7.0] [cxt 0] Deparsing header 'ipv6_to_final_destination'
[17:08:14.926] [bmv2] [D] [thread 79777] [7.0] [cxt 0] Deparsing header 'int_beg'
[17:08:14.926] [bmv2] [D] [thread 79777] [7.0] [cxt 0] Deparsing header 'int_end[0]'
[17:08:14.926] [bmv2] [D] [thread 79777] [7.0] [cxt 0] Deparsing header 'int_end[1]'
[17:08:14.926] [bmv2] [D] [thread 79777] [7.0] [cxt 0] Deparsing header 'int_end[2]'
[17:08:14.926] [bmv2] [D] [thread 79777] [7.0] [cxt 0] Deparser 'deparser': end
[17:08:14.926] [bmv2] [D] [thread 79781] [7.0] [cxt 0] Transmitting packet of size 88 out of port 4
[17:11:26.065] [bmv2] [D] [thread 79776] [8.0] [cxt 0] Processing packet received on port 1
[17:11:26.065] [bmv2] [D] [thread 79776] [8.0] [cxt 0] Parser 'parser': start
[17:11:26.065] [bmv2] [D] [thread 79776] [8.0] [cxt 0] Parser 'parser' entering state 'start'
[17:11:26.065] [bmv2] [D] [thread 79776] [8.0] [cxt 0] Parser set: setting field 'scalars.metadata._has_int_header1' to 0
[17:11:26.065] [bmv2] [D] [thread 79776] [8.0] [cxt 0] Extracting header 'ethernet'
[17:11:26.065] [bmv2] [D] [thread 79776] [8.0] [cxt 0] Parser state 'start': key is 7fff
[17:11:26.065] [bmv2] [T] [thread 79776] [8.0] [cxt 0] Bytes parsed: 14
[17:11:26.065] [bmv2] [D] [thread 79776] [8.0] [cxt 0] Parser 'parser' entering state 'parse_int_beg'
[17:11:26.065] [bmv2] [D] [thread 79776] [8.0] [cxt 0] Parser set: setting field 'scalars.metadata._has_int_header1' to 1
[17:11:26.065] [bmv2] [D] [thread 79776] [8.0] [cxt 0] Extracting header 'int_beg'
[17:11:26.065] [bmv2] [D] [thread 79776] [8.0] [cxt 0] Parser set: setting field 'scalars.metadata._matadata_to_parse3' from field 'int_beg.hop_ml' (2)
[17:11:26.065] [bmv2] [D] [thread 79776] [8.0] [cxt 0] Parser state 'parse_int_beg': key is 02
[17:11:26.065] [bmv2] [T] [thread 79776] [8.0] [cxt 0] Bytes parsed: 18
[17:11:26.065] [bmv2] [D] [thread 79776] [8.0] [cxt 0] Parser 'parser' entering state 'parse_int_end'
[17:11:26.065] [bmv2] [D] [thread 79776] [8.0] [cxt 0] Extracting to header stack 0, next header is 7
[17:11:26.065] [bmv2] [D] [thread 79776] [8.0] [cxt 0] Parser set: setting field 'scalars.metadata._matadata_to_parse3' from expression, new value is 1
[17:11:26.065] [bmv2] [D] [thread 79776] [8.0] [cxt 0] Parser state 'parse_int_end': key is 01
[17:11:26.065] [bmv2] [T] [thread 79776] [8.0] [cxt 0] Bytes parsed: 28
[17:11:26.065] [bmv2] [D] [thread 79776] [8.0] [cxt 0] Parser 'parser' entering state 'parse_int_end'
[17:11:26.065] [bmv2] [D] [thread 79776] [8.0] [cxt 0] Extracting to header stack 0, next header is 8
[17:11:26.065] [bmv2] [D] [thread 79776] [8.0] [cxt 0] Parser set: setting field 'scalars.metadata._matadata_to_parse3' from expression, new value is 0
[17:11:26.065] [bmv2] [D] [thread 79776] [8.0] [cxt 0] Parser state 'parse_int_end': key is 00
[17:11:26.065] [bmv2] [T] [thread 79776] [8.0] [cxt 0] Bytes parsed: 38
[17:11:26.065] [bmv2] [D] [thread 79776] [8.0] [cxt 0] Parser 'parser' entering state 'parse_ipv6'
[17:11:26.065] [bmv2] [D] [thread 79776] [8.0] [cxt 0] Extracting header 'ipv6'
[17:11:26.065] [bmv2] [D] [thread 79776] [8.0] [cxt 0] Parser state 'parse_ipv6': key is 01
[17:11:26.065] [bmv2] [T] [thread 79776] [8.0] [cxt 0] Bytes parsed: 78
[17:11:26.065] [bmv2] [D] [thread 79776] [8.0] [cxt 0] Parser 'parser' entering state 'parse_srh_beg'
[17:11:26.065] [bmv2] [D] [thread 79776] [8.0] [cxt 0] Extracting header 'srh_beg'
[17:11:26.065] [bmv2] [D] [thread 79776] [8.0] [cxt 0] Parser set: setting field 'scalars.metadata._segment_list_items_to_parse4' from field 'srh_beg.segments_left' (4)
[17:11:26.065] [bmv2] [D] [thread 79776] [8.0] [cxt 0] Parser state 'parse_srh_beg': key is 04
[17:11:26.065] [bmv2] [T] [thread 79776] [8.0] [cxt 0] Bytes parsed: 86
[17:11:26.065] [bmv2] [D] [thread 79776] [8.0] [cxt 0] Parser 'parser' entering state 'parse_srh_end'
[17:11:26.065] [bmv2] [D] [thread 79776] [8.0] [cxt 0] Extracting to header stack 1, next header is 19
[17:11:26.065] [bmv2] [D] [thread 79776] [8.0] [cxt 0] Parser set: setting field 'scalars.metadata._segment_list_items_to_parse4' from expression, new value is 3
[17:11:26.065] [bmv2] [D] [thread 79776] [8.0] [cxt 0] Parser state 'parse_srh_end': key is 03
[17:11:26.065] [bmv2] [T] [thread 79776] [8.0] [cxt 0] Bytes parsed: 102
[17:11:26.065] [bmv2] [D] [thread 79776] [8.0] [cxt 0] Parser 'parser' entering state 'parse_srh_end'
[17:11:26.065] [bmv2] [D] [thread 79776] [8.0] [cxt 0] Extracting to header stack 1, next header is 20
[17:11:26.065] [bmv2] [D] [thread 79776] [8.0] [cxt 0] Parser set: setting field 'scalars.metadata._segment_list_items_to_parse4' from expression, new value is 2
[17:11:26.065] [bmv2] [D] [thread 79776] [8.0] [cxt 0] Parser state 'parse_srh_end': key is 02
[17:11:26.065] [bmv2] [T] [thread 79776] [8.0] [cxt 0] Bytes parsed: 118
[17:11:26.065] [bmv2] [D] [thread 79776] [8.0] [cxt 0] Parser 'parser' entering state 'parse_srh_end'
[17:11:26.065] [bmv2] [D] [thread 79776] [8.0] [cxt 0] Extracting to header stack 1, next header is 21
[17:11:26.065] [bmv2] [D] [thread 79776] [8.0] [cxt 0] Parser set: setting field 'scalars.metadata._segment_list_items_to_parse4' from expression, new value is 1
[17:11:26.065] [bmv2] [D] [thread 79776] [8.0] [cxt 0] Parser state 'parse_srh_end': key is 01
[17:11:26.065] [bmv2] [T] [thread 79776] [8.0] [cxt 0] Bytes parsed: 134
[17:11:26.065] [bmv2] [D] [thread 79776] [8.0] [cxt 0] Parser 'parser' entering state 'parse_srh_end'
[17:11:26.065] [bmv2] [D] [thread 79776] [8.0] [cxt 0] Extracting to header stack 1, next header is 22
[17:11:26.065] [bmv2] [D] [thread 79776] [8.0] [cxt 0] Parser set: setting field 'scalars.metadata._segment_list_items_to_parse4' from expression, new value is 0
[17:11:26.065] [bmv2] [D] [thread 79776] [8.0] [cxt 0] Parser state 'parse_srh_end': key is 00
[17:11:26.065] [bmv2] [T] [thread 79776] [8.0] [cxt 0] Bytes parsed: 150
[17:11:26.065] [bmv2] [D] [thread 79776] [8.0] [cxt 0] Parser 'parser': end
[17:11:26.065] [bmv2] [D] [thread 79776] [8.0] [cxt 0] Pipeline 'ingress': start
[17:11:26.065] [bmv2] [T] [thread 79776] [8.0] [cxt 0] Applying table 'tbl_p4src226'
[17:11:26.065] [bmv2] [D] [thread 79776] [8.0] [cxt 0] Looking up key:

[17:11:26.065] [bmv2] [D] [thread 79776] [8.0] [cxt 0] Table 'tbl_p4src226': miss
[17:11:26.065] [bmv2] [D] [thread 79776] [8.0] [cxt 0] Action entry is p4src226 - 
[17:11:26.065] [bmv2] [T] [thread 79776] [8.0] [cxt 0] Action p4src226
[17:11:26.065] [bmv2] [T] [thread 79776] [8.0] [cxt 0] /home/p4/projekt/network_telemetry/src/p4src.p4(226) Primitive meta.ingress_timestamp = standard_metadata.ingress_global_timestamp
[17:11:26.065] [bmv2] [T] [thread 79776] [8.0] [cxt 0] /home/p4/projekt/network_telemetry/src/p4src.p4(227) Primitive meta.have_processed = 0
[17:11:26.065] [bmv2] [T] [thread 79776] [8.0] [cxt 0] /home/p4/projekt/network_telemetry/src/p4src.p4(228) Condition "meta.has_int_header == 1" (node_3) is true
[17:11:26.065] [bmv2] [T] [thread 79776] [8.0] [cxt 0] Applying table 'tbl_p4src215'
[17:11:26.065] [bmv2] [D] [thread 79776] [8.0] [cxt 0] Looking up key:

[17:11:26.065] [bmv2] [D] [thread 79776] [8.0] [cxt 0] Table 'tbl_p4src215': miss
[17:11:26.065] [bmv2] [D] [thread 79776] [8.0] [cxt 0] Action entry is p4src215 - 
[17:11:26.065] [bmv2] [T] [thread 79776] [8.0] [cxt 0] Action p4src215
[17:11:26.065] [bmv2] [T] [thread 79776] [8.0] [cxt 0] /home/p4/projekt/network_telemetry/src/p4src.p4(215) Primitive hdr.srh_end[0]
[17:11:26.065] [bmv2] [T] [thread 79776] [8.0] [cxt 0] Applying table 'MyIngress.add_our_telemetry'
[17:11:26.065] [bmv2] [D] [thread 79776] [8.0] [cxt 0] Looking up key:
* hdr.srh_end[0].addr.Addr0: 00000000000000000000000000010003

[17:11:26.065] [bmv2] [D] [thread 79776] [8.0] [cxt 0] Table 'MyIngress.add_our_telemetry': hit with handle 0
[17:11:26.065] [bmv2] [D] [thread 79776] [8.0] [cxt 0] Dumping entry 0
Match key:
* hdr.srh_end[0].addr.Addr0: EXACT     00000000000000000000000000010003
Action entry: MyIngress.addMetadata - 3,

[17:11:26.065] [bmv2] [D] [thread 79776] [8.0] [cxt 0] Action entry is MyIngress.addMetadata - 3,
[17:11:26.065] [bmv2] [T] [thread 79776] [8.0] [cxt 0] Action MyIngress.addMetadata
[17:11:26.065] [bmv2] [T] [thread 79776] [8.0] [cxt 0] /home/p4/projekt/network_telemetry/src/p4src.p4(201) Primitive hdr.srh_end.pop_front(1)
[17:11:26.065] [bmv2] [T] [thread 79776] [8.0] [cxt 0] /home/p4/projekt/network_telemetry/src/p4src.p4(202) Primitive hdr.srh_beg.segments_left = hdr.srh_beg.segments_left - 1
[17:11:26.065] [bmv2] [T] [thread 79776] [8.0] [cxt 0] /home/p4/projekt/network_telemetry/src/p4src.p4(203) Primitive meta.have_processed = 1
[17:11:26.065] [bmv2] [T] [thread 79776] [8.0] [cxt 0] /home/p4/projekt/network_telemetry/src/p4src.p4(205) Primitive hdr.int_beg.hop_ml = hdr.int_beg.hop_ml + 1
[17:11:26.065] [bmv2] [T] [thread 79776] [8.0] [cxt 0] /home/p4/projekt/network_telemetry/src/p4src.p4(206) Primitive hdr.int_end.push_front(1)
[17:11:26.065] [bmv2] [T] [thread 79776] [8.0] [cxt 0] /home/p4/projekt/network_telemetry/src/p4src.p4(207) Primitive hdr.int_end[0].setValid()
[17:11:26.065] [bmv2] [T] [thread 79776] [8.0] [cxt 0] Primitive (no source info)
[17:11:26.065] [bmv2] [T] [thread 79776] [8.0] [cxt 0] /home/p4/projekt/network_telemetry/src/p4src.p4(236) Condition "hdr.srh_beg.segments_left == 0" (node_6) is false
[17:11:26.065] [bmv2] [T] [thread 79776] [8.0] [cxt 0] Applying table 'tbl_p4src245'
[17:11:26.065] [bmv2] [D] [thread 79776] [8.0] [cxt 0] Looking up key:

[17:11:26.065] [bmv2] [D] [thread 79776] [8.0] [cxt 0] Table 'tbl_p4src245': miss
[17:11:26.065] [bmv2] [D] [thread 79776] [8.0] [cxt 0] Action entry is p4src245 - 
[17:11:26.065] [bmv2] [T] [thread 79776] [8.0] [cxt 0] Action p4src245
[17:11:26.065] [bmv2] [T] [thread 79776] [8.0] [cxt 0] /home/p4/projekt/network_telemetry/src/p4src.p4(245) Primitive meta.to_send_to_ipv6 = hdr.srh_end[0]
[17:11:26.065] [bmv2] [T] [thread 79776] [8.0] [cxt 0] Applying table 'MyIngress.forward'
[17:11:26.065] [bmv2] [D] [thread 79776] [8.0] [cxt 0] Looking up key:
* meta.to_send_to_ipv6.Addr0: 00000000000000000000000000010004

[17:11:26.066] [bmv2] [D] [thread 79776] [8.0] [cxt 0] Table 'MyIngress.forward': hit with handle 4
[17:11:26.066] [bmv2] [D] [thread 79776] [8.0] [cxt 0] Dumping entry 4
Match key:
* meta.to_send_to_ipv6.Addr0: EXACT     00000000000000000000000000010004
Action entry: MyIngress.setEgress - 4,

[17:11:26.066] [bmv2] [D] [thread 79776] [8.0] [cxt 0] Action entry is MyIngress.setEgress - 4,
[17:11:26.066] [bmv2] [T] [thread 79776] [8.0] [cxt 0] Action MyIngress.setEgress
[17:11:26.066] [bmv2] [T] [thread 79776] [8.0] [cxt 0] /home/p4/projekt/network_telemetry/src/p4src.p4(185) Primitive standard_metadata.egress_spec = port
[17:11:26.066] [bmv2] [T] [thread 79776] [8.0] [cxt 0] /home/p4/projekt/network_telemetry/src/p4src.p4(251) Condition "meta.have_processed == 1" (node_11) is true
[17:11:26.066] [bmv2] [T] [thread 79776] [8.0] [cxt 0] /home/p4/projekt/network_telemetry/src/p4src.p4(252) Condition "hdr.int_beg.instruction_bitmap & 0b00000000010 != 0" (node_12) is true
[17:11:26.066] [bmv2] [T] [thread 79776] [8.0] [cxt 0] Applying table 'tbl_p4src253'
[17:11:26.066] [bmv2] [D] [thread 79776] [8.0] [cxt 0] Looking up key:

[17:11:26.066] [bmv2] [D] [thread 79776] [8.0] [cxt 0] Table 'tbl_p4src253': miss
[17:11:26.066] [bmv2] [D] [thread 79776] [8.0] [cxt 0] Action entry is p4src253 - 
[17:11:26.066] [bmv2] [T] [thread 79776] [8.0] [cxt 0] Action p4src253
[17:11:26.066] [bmv2] [T] [thread 79776] [8.0] [cxt 0] /home/p4/projekt/network_telemetry/src/p4src.p4(253) Primitive hdr.int_end[0].in_port_id = standard_metadata.ingress_port
[17:11:26.066] [bmv2] [T] [thread 79776] [8.0] [cxt 0] /home/p4/projekt/network_telemetry/src/p4src.p4(255) Condition "hdr.int_beg.instruction_bitmap & 0b00000000100 != 0" (node_14) is true
[17:11:26.066] [bmv2] [T] [thread 79776] [8.0] [cxt 0] Applying table 'tbl_p4src256'
[17:11:26.066] [bmv2] [D] [thread 79776] [8.0] [cxt 0] Looking up key:

[17:11:26.066] [bmv2] [D] [thread 79776] [8.0] [cxt 0] Table 'tbl_p4src256': miss
[17:11:26.066] [bmv2] [D] [thread 79776] [8.0] [cxt 0] Action entry is p4src256 - 
[17:11:26.066] [bmv2] [T] [thread 79776] [8.0] [cxt 0] Action p4src256
[17:11:26.066] [bmv2] [T] [thread 79776] [8.0] [cxt 0] /home/p4/projekt/network_telemetry/src/p4src.p4(256) Primitive hdr.int_end[0].e_port_id = standard_metadata.egress_spec
[17:11:26.066] [bmv2] [D] [thread 79776] [8.0] [cxt 0] Pipeline 'ingress': end
[17:11:26.066] [bmv2] [D] [thread 79776] [8.0] [cxt 0] Egress port is 4
[17:11:26.066] [bmv2] [D] [thread 79777] [8.0] [cxt 0] Pipeline 'egress': start
[17:11:26.066] [bmv2] [T] [thread 79777] [8.0] [cxt 0] /home/p4/projekt/network_telemetry/src/p4src.p4(271) Condition "meta.have_processed == 1" (node_18) is true
[17:11:26.066] [bmv2] [T] [thread 79777] [8.0] [cxt 0] /home/p4/projekt/network_telemetry/src/p4src.p4(272) Condition "hdr.int_beg.instruction_bitmap & 0b00000001000 != 0" (node_19) is true
[17:11:26.066] [bmv2] [T] [thread 79777] [8.0] [cxt 0] Applying table 'tbl_p4src273'
[17:11:26.066] [bmv2] [D] [thread 79777] [8.0] [cxt 0] Looking up key:

[17:11:26.066] [bmv2] [D] [thread 79777] [8.0] [cxt 0] Table 'tbl_p4src273': miss
[17:11:26.066] [bmv2] [D] [thread 79777] [8.0] [cxt 0] Action entry is p4src273 - 
[17:11:26.066] [bmv2] [T] [thread 79777] [8.0] [cxt 0] Action p4src273
[17:11:26.066] [bmv2] [T] [thread 79777] [8.0] [cxt 0] /home/p4/projekt/network_telemetry/src/p4src.p4(273) Primitive hdr.int_end[0].processed_time = standard_metadata.egress_global_timestamp - meta.ingress_timestamp
[17:11:26.066] [bmv2] [D] [thread 79777] [8.0] [cxt 0] Pipeline 'egress': end
[17:11:26.066] [bmv2] [D] [thread 79777] [8.0] [cxt 0] Deparser 'deparser': start
[17:11:26.066] [bmv2] [D] [thread 79777] [8.0] [cxt 0] Deparsing header 'ethernet'
[17:11:26.066] [bmv2] [D] [thread 79777] [8.0] [cxt 0] Deparsing header 'int_beg'
[17:11:26.066] [bmv2] [D] [thread 79777] [8.0] [cxt 0] Deparsing header 'int_end[0]'
[17:11:26.066] [bmv2] [D] [thread 79777] [8.0] [cxt 0] Deparsing header 'int_end[1]'
[17:11:26.066] [bmv2] [D] [thread 79777] [8.0] [cxt 0] Deparsing header 'int_end[2]'
[17:11:26.066] [bmv2] [D] [thread 79777] [8.0] [cxt 0] Deparsing header 'ipv6'
[17:11:26.066] [bmv2] [D] [thread 79777] [8.0] [cxt 0] Deparsing header 'srh_beg'
[17:11:26.066] [bmv2] [D] [thread 79777] [8.0] [cxt 0] Deparsing header 'srh_end[0]'
[17:11:26.066] [bmv2] [D] [thread 79777] [8.0] [cxt 0] Deparsing header 'srh_end[1]'
[17:11:26.066] [bmv2] [D] [thread 79777] [8.0] [cxt 0] Deparsing header 'srh_end[2]'
[17:11:26.066] [bmv2] [D] [thread 79777] [8.0] [cxt 0] Deparser 'deparser': end
[17:11:26.066] [bmv2] [D] [thread 79781] [8.0] [cxt 0] Transmitting packet of size 144 out of port 4
open: No such file or directory
open: No such file or directory
open: No such file or directory
open: No such file or directory
open: No such file or directory
open: No such file or directory
open: No such file or directory
open: No such file or directory
open: No such file or directory
open: No such file or directory
