Warning: you requested the nanomsg event logger, but bmv2 was compiled without -DBMELOG, and the event logger cannot be activated
Calling target program-options parser
[09:13:37.267] [bmv2] [D] [thread 2153] Set default default entry for table 'tbl_p4src226': p4src226 - 
[09:13:37.267] [bmv2] [D] [thread 2153] Set default default entry for table 'tbl_p4src215': p4src215 - 
[09:13:37.267] [bmv2] [D] [thread 2153] Set default default entry for table 'MyIngress.add_our_telemetry': NoAction - 
[09:13:37.267] [bmv2] [D] [thread 2153] Set default default entry for table 'tbl_p4src237': p4src237 - 
[09:13:37.267] [bmv2] [D] [thread 2153] Set default default entry for table 'tbl_p4src245': p4src245 - 
[09:13:37.267] [bmv2] [D] [thread 2153] Set default default entry for table 'tbl_p4src248': p4src248 - 
[09:13:37.267] [bmv2] [D] [thread 2153] Set default default entry for table 'MyIngress.forward': NoAction - 
[09:13:37.267] [bmv2] [D] [thread 2153] Set default default entry for table 'tbl_p4src253': p4src253 - 
[09:13:37.267] [bmv2] [D] [thread 2153] Set default default entry for table 'tbl_p4src256': p4src256 - 
[09:13:37.267] [bmv2] [D] [thread 2153] Set default default entry for table 'tbl_p4src273': p4src273 - 
Adding interface s5-eth1 as port 1
[09:13:37.271] [bmv2] [D] [thread 2153] Adding interface s5-eth1 as port 1
Adding interface s5-eth2 as port 2
[09:13:37.311] [bmv2] [D] [thread 2153] Adding interface s5-eth2 as port 2
Adding interface s5-eth3 as port 3
[09:13:37.342] [bmv2] [D] [thread 2153] Adding interface s5-eth3 as port 3
Adding interface s5-eth4 as port 4
[09:13:37.379] [bmv2] [D] [thread 2153] Adding interface s5-eth4 as port 4
[09:13:37.415] [bmv2] [I] [thread 2153] Starting Thrift server on port 9094
[09:13:37.415] [bmv2] [I] [thread 2153] Thrift server was started
[09:13:37.416] [bmv2] [D] [thread 2159] [0.0] [cxt 0] Processing packet received on port 1
[09:13:37.416] [bmv2] [D] [thread 2159] [0.0] [cxt 0] Parser 'parser': start
[09:13:37.416] [bmv2] [D] [thread 2159] [0.0] [cxt 0] Parser 'parser' entering state 'start'
[09:13:37.416] [bmv2] [D] [thread 2159] [0.0] [cxt 0] Parser set: setting field 'scalars.metadata._has_int_header1' to 0
[09:13:37.416] [bmv2] [D] [thread 2159] [0.0] [cxt 0] Extracting header 'ethernet'
[09:13:37.416] [bmv2] [D] [thread 2159] [0.0] [cxt 0] Parser state 'start': key is 86dd
[09:13:37.416] [bmv2] [T] [thread 2159] [0.0] [cxt 0] Bytes parsed: 14
[09:13:37.416] [bmv2] [D] [thread 2159] [0.0] [cxt 0] Parser 'parser' entering state 'parse_ipv6'
[09:13:37.416] [bmv2] [D] [thread 2159] [0.0] [cxt 0] Extracting header 'ipv6'
[09:13:37.416] [bmv2] [D] [thread 2159] [0.0] [cxt 0] Parser state 'parse_ipv6': key is 00
[09:13:37.416] [bmv2] [T] [thread 2159] [0.0] [cxt 0] Bytes parsed: 54
[09:13:37.416] [bmv2] [D] [thread 2159] [0.0] [cxt 0] Parser 'parser': end
[09:13:37.416] [bmv2] [D] [thread 2159] [0.0] [cxt 0] Pipeline 'ingress': start
[09:13:37.416] [bmv2] [T] [thread 2159] [0.0] [cxt 0] Applying table 'tbl_p4src226'
[09:13:37.416] [bmv2] [D] [thread 2159] [0.0] [cxt 0] Looking up key:

[09:13:37.416] [bmv2] [D] [thread 2159] [0.0] [cxt 0] Table 'tbl_p4src226': miss
[09:13:37.416] [bmv2] [D] [thread 2159] [0.0] [cxt 0] Action entry is p4src226 - 
[09:13:37.416] [bmv2] [T] [thread 2159] [0.0] [cxt 0] Action p4src226
[09:13:37.416] [bmv2] [T] [thread 2159] [0.0] [cxt 0] /home/p4/projekt/network_telemetry/src/p4src.p4(226) Primitive meta.ingress_timestamp = standard_metadata.ingress_global_timestamp
[09:13:37.416] [bmv2] [T] [thread 2159] [0.0] [cxt 0] /home/p4/projekt/network_telemetry/src/p4src.p4(227) Primitive meta.have_processed = 0
[09:13:37.416] [bmv2] [T] [thread 2159] [0.0] [cxt 0] /home/p4/projekt/network_telemetry/src/p4src.p4(228) Condition "meta.has_int_header == 1" (node_3) is false
[09:13:37.416] [bmv2] [T] [thread 2159] [0.0] [cxt 0] Applying table 'tbl_p4src248'
[09:13:37.416] [bmv2] [D] [thread 2159] [0.0] [cxt 0] Looking up key:

[09:13:37.416] [bmv2] [D] [thread 2159] [0.0] [cxt 0] Table 'tbl_p4src248': miss
[09:13:37.416] [bmv2] [D] [thread 2159] [0.0] [cxt 0] Action entry is p4src248 - 
[09:13:37.416] [bmv2] [T] [thread 2159] [0.0] [cxt 0] Action p4src248
[09:13:37.416] [bmv2] [T] [thread 2159] [0.0] [cxt 0] /home/p4/projekt/network_telemetry/src/p4src.p4(248) Primitive meta.to_send_to_ipv6 = hdr.ipv6
[09:13:37.417] [bmv2] [T] [thread 2159] [0.0] [cxt 0] Applying table 'MyIngress.forward'
[09:13:37.417] [bmv2] [D] [thread 2159] [0.0] [cxt 0] Looking up key:
* meta.to_send_to_ipv6.Addr0: ff0200000000000000000001ff3240e6

[09:13:37.417] [bmv2] [D] [thread 2159] [0.0] [cxt 0] Table 'MyIngress.forward': miss
[09:13:37.417] [bmv2] [D] [thread 2159] [0.0] [cxt 0] Action entry is NoAction - 
[09:13:37.417] [bmv2] [T] [thread 2159] [0.0] [cxt 0] Action NoAction
[09:13:37.417] [bmv2] [T] [thread 2159] [0.0] [cxt 0] /home/p4/projekt/network_telemetry/src/p4src.p4(251) Condition "meta.have_processed == 1" (node_11) is false
[09:13:37.417] [bmv2] [D] [thread 2159] [0.0] [cxt 0] Pipeline 'ingress': end
[09:13:37.417] [bmv2] [D] [thread 2159] [0.0] [cxt 0] Egress port is 0
[09:13:37.417] [bmv2] [D] [thread 2159] [1.0] [cxt 0] Processing packet received on port 2
[09:13:37.417] [bmv2] [D] [thread 2159] [1.0] [cxt 0] Parser 'parser': start
[09:13:37.417] [bmv2] [D] [thread 2159] [1.0] [cxt 0] Parser 'parser' entering state 'start'
[09:13:37.417] [bmv2] [D] [thread 2159] [1.0] [cxt 0] Parser set: setting field 'scalars.metadata._has_int_header1' to 0
[09:13:37.417] [bmv2] [D] [thread 2159] [1.0] [cxt 0] Extracting header 'ethernet'
[09:13:37.417] [bmv2] [D] [thread 2159] [1.0] [cxt 0] Parser state 'start': key is 86dd
[09:13:37.417] [bmv2] [T] [thread 2159] [1.0] [cxt 0] Bytes parsed: 14
[09:13:37.417] [bmv2] [D] [thread 2160] [0.0] [cxt 0] Pipeline 'egress': start
[09:13:37.417] [bmv2] [D] [thread 2159] [1.0] [cxt 0] Parser 'parser' entering state 'parse_ipv6'
[09:13:37.417] [bmv2] [D] [thread 2159] [1.0] [cxt 0] Extracting header 'ipv6'
[09:13:37.417] [bmv2] [T] [thread 2160] [0.0] [cxt 0] /home/p4/projekt/network_telemetry/src/p4src.p4(271) Condition "meta.have_processed == 1" (node_18) is false
[09:13:37.417] [bmv2] [D] [thread 2159] [1.0] [cxt 0] Parser state 'parse_ipv6': key is 00
[09:13:37.417] [bmv2] [D] [thread 2160] [0.0] [cxt 0] Pipeline 'egress': end
[09:13:37.417] [bmv2] [T] [thread 2159] [1.0] [cxt 0] Bytes parsed: 54
[09:13:37.417] [bmv2] [D] [thread 2160] [0.0] [cxt 0] Deparser 'deparser': start
[09:13:37.417] [bmv2] [D] [thread 2159] [1.0] [cxt 0] Parser 'parser': end
[09:13:37.417] [bmv2] [D] [thread 2160] [0.0] [cxt 0] Deparsing header 'ethernet'
[09:13:37.417] [bmv2] [D] [thread 2159] [1.0] [cxt 0] Pipeline 'ingress': start
[09:13:37.417] [bmv2] [D] [thread 2160] [0.0] [cxt 0] Deparsing header 'ipv6'
[09:13:37.417] [bmv2] [T] [thread 2159] [1.0] [cxt 0] Applying table 'tbl_p4src226'
[09:13:37.417] [bmv2] [D] [thread 2160] [0.0] [cxt 0] Deparser 'deparser': end
[09:13:37.417] [bmv2] [D] [thread 2159] [1.0] [cxt 0] Looking up key:

[09:13:37.417] [bmv2] [D] [thread 2159] [1.0] [cxt 0] Table 'tbl_p4src226': miss
[09:13:37.417] [bmv2] [D] [thread 2159] [1.0] [cxt 0] Action entry is p4src226 - 
[09:13:37.417] [bmv2] [T] [thread 2159] [1.0] [cxt 0] Action p4src226
[09:13:37.417] [bmv2] [T] [thread 2159] [1.0] [cxt 0] /home/p4/projekt/network_telemetry/src/p4src.p4(226) Primitive meta.ingress_timestamp = standard_metadata.ingress_global_timestamp
[09:13:37.417] [bmv2] [T] [thread 2159] [1.0] [cxt 0] /home/p4/projekt/network_telemetry/src/p4src.p4(227) Primitive meta.have_processed = 0
[09:13:37.417] [bmv2] [D] [thread 2164] [0.0] [cxt 0] Transmitting packet of size 86 out of port 0
[09:13:37.417] [bmv2] [T] [thread 2159] [1.0] [cxt 0] /home/p4/projekt/network_telemetry/src/p4src.p4(228) Condition "meta.has_int_header == 1" (node_3) is false
[09:13:37.417] [bmv2] [T] [thread 2159] [1.0] [cxt 0] Applying table 'tbl_p4src248'
[09:13:37.417] [bmv2] [D] [thread 2159] [1.0] [cxt 0] Looking up key:

[09:13:37.417] [bmv2] [D] [thread 2159] [1.0] [cxt 0] Table 'tbl_p4src248': miss
[09:13:37.417] [bmv2] [D] [thread 2159] [1.0] [cxt 0] Action entry is p4src248 - 
[09:13:37.417] [bmv2] [T] [thread 2159] [1.0] [cxt 0] Action p4src248
[09:13:37.417] [bmv2] [T] [thread 2159] [1.0] [cxt 0] /home/p4/projekt/network_telemetry/src/p4src.p4(248) Primitive meta.to_send_to_ipv6 = hdr.ipv6
[09:13:37.417] [bmv2] [T] [thread 2159] [1.0] [cxt 0] Applying table 'MyIngress.forward'
[09:13:37.417] [bmv2] [D] [thread 2159] [1.0] [cxt 0] Looking up key:
* meta.to_send_to_ipv6.Addr0: ff0200000000000000000001ffc1c2b0

[09:13:37.417] [bmv2] [D] [thread 2159] [1.0] [cxt 0] Table 'MyIngress.forward': miss
[09:13:37.417] [bmv2] [D] [thread 2159] [1.0] [cxt 0] Action entry is NoAction - 
[09:13:37.417] [bmv2] [T] [thread 2159] [1.0] [cxt 0] Action NoAction
[09:13:37.417] [bmv2] [T] [thread 2159] [1.0] [cxt 0] /home/p4/projekt/network_telemetry/src/p4src.p4(251) Condition "meta.have_processed == 1" (node_11) is false
[09:13:37.417] [bmv2] [D] [thread 2159] [1.0] [cxt 0] Pipeline 'ingress': end
[09:13:37.417] [bmv2] [D] [thread 2159] [1.0] [cxt 0] Egress port is 0
[09:13:37.417] [bmv2] [D] [thread 2160] [1.0] [cxt 0] Pipeline 'egress': start
[09:13:37.417] [bmv2] [T] [thread 2160] [1.0] [cxt 0] /home/p4/projekt/network_telemetry/src/p4src.p4(271) Condition "meta.have_processed == 1" (node_18) is false
[09:13:37.417] [bmv2] [D] [thread 2160] [1.0] [cxt 0] Pipeline 'egress': end
[09:13:37.417] [bmv2] [D] [thread 2160] [1.0] [cxt 0] Deparser 'deparser': start
[09:13:37.417] [bmv2] [D] [thread 2160] [1.0] [cxt 0] Deparsing header 'ethernet'
[09:13:37.417] [bmv2] [D] [thread 2160] [1.0] [cxt 0] Deparsing header 'ipv6'
[09:13:37.417] [bmv2] [D] [thread 2160] [1.0] [cxt 0] Deparser 'deparser': end
[09:13:37.417] [bmv2] [D] [thread 2164] [1.0] [cxt 0] Transmitting packet of size 86 out of port 0
[09:13:37.499] [bmv2] [D] [thread 2159] [2.0] [cxt 0] Processing packet received on port 3
[09:13:37.499] [bmv2] [D] [thread 2159] [2.0] [cxt 0] Parser 'parser': start
[09:13:37.499] [bmv2] [D] [thread 2159] [2.0] [cxt 0] Parser 'parser' entering state 'start'
[09:13:37.499] [bmv2] [D] [thread 2159] [2.0] [cxt 0] Parser set: setting field 'scalars.metadata._has_int_header1' to 0
[09:13:37.499] [bmv2] [D] [thread 2159] [2.0] [cxt 0] Extracting header 'ethernet'
[09:13:37.499] [bmv2] [D] [thread 2159] [2.0] [cxt 0] Parser state 'start': key is 86dd
[09:13:37.499] [bmv2] [T] [thread 2159] [2.0] [cxt 0] Bytes parsed: 14
[09:13:37.499] [bmv2] [D] [thread 2159] [2.0] [cxt 0] Parser 'parser' entering state 'parse_ipv6'
[09:13:37.499] [bmv2] [D] [thread 2159] [2.0] [cxt 0] Extracting header 'ipv6'
[09:13:37.499] [bmv2] [D] [thread 2159] [2.0] [cxt 0] Parser state 'parse_ipv6': key is 00
[09:13:37.499] [bmv2] [T] [thread 2159] [2.0] [cxt 0] Bytes parsed: 54
[09:13:37.499] [bmv2] [D] [thread 2159] [2.0] [cxt 0] Parser 'parser': end
[09:13:37.499] [bmv2] [D] [thread 2159] [2.0] [cxt 0] Pipeline 'ingress': start
[09:13:37.499] [bmv2] [T] [thread 2159] [2.0] [cxt 0] Applying table 'tbl_p4src226'
[09:13:37.499] [bmv2] [D] [thread 2159] [2.0] [cxt 0] Looking up key:

[09:13:37.499] [bmv2] [D] [thread 2159] [2.0] [cxt 0] Table 'tbl_p4src226': miss
[09:13:37.499] [bmv2] [D] [thread 2159] [2.0] [cxt 0] Action entry is p4src226 - 
[09:13:37.499] [bmv2] [T] [thread 2159] [2.0] [cxt 0] Action p4src226
[09:13:37.499] [bmv2] [T] [thread 2159] [2.0] [cxt 0] /home/p4/projekt/network_telemetry/src/p4src.p4(226) Primitive meta.ingress_timestamp = standard_metadata.ingress_global_timestamp
[09:13:37.499] [bmv2] [T] [thread 2159] [2.0] [cxt 0] /home/p4/projekt/network_telemetry/src/p4src.p4(227) Primitive meta.have_processed = 0
[09:13:37.499] [bmv2] [T] [thread 2159] [2.0] [cxt 0] /home/p4/projekt/network_telemetry/src/p4src.p4(228) Condition "meta.has_int_header == 1" (node_3) is false
[09:13:37.499] [bmv2] [T] [thread 2159] [2.0] [cxt 0] Applying table 'tbl_p4src248'
[09:13:37.499] [bmv2] [D] [thread 2159] [2.0] [cxt 0] Looking up key:

[09:13:37.499] [bmv2] [D] [thread 2159] [2.0] [cxt 0] Table 'tbl_p4src248': miss
[09:13:37.499] [bmv2] [D] [thread 2159] [2.0] [cxt 0] Action entry is p4src248 - 
[09:13:37.499] [bmv2] [T] [thread 2159] [2.0] [cxt 0] Action p4src248
[09:13:37.499] [bmv2] [T] [thread 2159] [2.0] [cxt 0] /home/p4/projekt/network_telemetry/src/p4src.p4(248) Primitive meta.to_send_to_ipv6 = hdr.ipv6
[09:13:37.499] [bmv2] [T] [thread 2159] [2.0] [cxt 0] Applying table 'MyIngress.forward'
[09:13:37.499] [bmv2] [D] [thread 2159] [2.0] [cxt 0] Looking up key:
* meta.to_send_to_ipv6.Addr0: ff0200000000000000000001ff1283ef

[09:13:37.499] [bmv2] [D] [thread 2159] [2.0] [cxt 0] Table 'MyIngress.forward': miss
[09:13:37.499] [bmv2] [D] [thread 2159] [2.0] [cxt 0] Action entry is NoAction - 
[09:13:37.499] [bmv2] [T] [thread 2159] [2.0] [cxt 0] Action NoAction
[09:13:37.499] [bmv2] [T] [thread 2159] [2.0] [cxt 0] /home/p4/projekt/network_telemetry/src/p4src.p4(251) Condition "meta.have_processed == 1" (node_11) is false
[09:13:37.499] [bmv2] [D] [thread 2159] [2.0] [cxt 0] Pipeline 'ingress': end
[09:13:37.499] [bmv2] [D] [thread 2159] [2.0] [cxt 0] Egress port is 0
[09:13:37.499] [bmv2] [D] [thread 2160] [2.0] [cxt 0] Pipeline 'egress': start
[09:13:37.499] [bmv2] [T] [thread 2160] [2.0] [cxt 0] /home/p4/projekt/network_telemetry/src/p4src.p4(271) Condition "meta.have_processed == 1" (node_18) is false
[09:13:37.499] [bmv2] [D] [thread 2160] [2.0] [cxt 0] Pipeline 'egress': end
[09:13:37.499] [bmv2] [D] [thread 2160] [2.0] [cxt 0] Deparser 'deparser': start
[09:13:37.499] [bmv2] [D] [thread 2160] [2.0] [cxt 0] Deparsing header 'ethernet'
[09:13:37.499] [bmv2] [D] [thread 2160] [2.0] [cxt 0] Deparsing header 'ipv6'
[09:13:37.499] [bmv2] [D] [thread 2160] [2.0] [cxt 0] Deparser 'deparser': end
[09:13:37.499] [bmv2] [D] [thread 2164] [2.0] [cxt 0] Transmitting packet of size 86 out of port 0
[09:13:37.563] [bmv2] [D] [thread 2159] [3.0] [cxt 0] Processing packet received on port 3
[09:13:37.563] [bmv2] [D] [thread 2159] [3.0] [cxt 0] Parser 'parser': start
[09:13:37.563] [bmv2] [D] [thread 2159] [3.0] [cxt 0] Parser 'parser' entering state 'start'
[09:13:37.563] [bmv2] [D] [thread 2159] [3.0] [cxt 0] Parser set: setting field 'scalars.metadata._has_int_header1' to 0
[09:13:37.563] [bmv2] [D] [thread 2159] [3.0] [cxt 0] Extracting header 'ethernet'
[09:13:37.563] [bmv2] [D] [thread 2159] [3.0] [cxt 0] Parser state 'start': key is 86dd
[09:13:37.563] [bmv2] [T] [thread 2159] [3.0] [cxt 0] Bytes parsed: 14
[09:13:37.563] [bmv2] [D] [thread 2159] [3.0] [cxt 0] Parser 'parser' entering state 'parse_ipv6'
[09:13:37.563] [bmv2] [D] [thread 2159] [3.0] [cxt 0] Extracting header 'ipv6'
[09:13:37.563] [bmv2] [D] [thread 2159] [3.0] [cxt 0] Parser state 'parse_ipv6': key is 00
[09:13:37.563] [bmv2] [T] [thread 2159] [3.0] [cxt 0] Bytes parsed: 54
[09:13:37.563] [bmv2] [D] [thread 2159] [3.0] [cxt 0] Parser 'parser': end
[09:13:37.563] [bmv2] [D] [thread 2159] [3.0] [cxt 0] Pipeline 'ingress': start
[09:13:37.563] [bmv2] [T] [thread 2159] [3.0] [cxt 0] Applying table 'tbl_p4src226'
[09:13:37.563] [bmv2] [D] [thread 2159] [3.0] [cxt 0] Looking up key:

[09:13:37.563] [bmv2] [D] [thread 2159] [3.0] [cxt 0] Table 'tbl_p4src226': miss
[09:13:37.563] [bmv2] [D] [thread 2159] [3.0] [cxt 0] Action entry is p4src226 - 
[09:13:37.563] [bmv2] [T] [thread 2159] [3.0] [cxt 0] Action p4src226
[09:13:37.563] [bmv2] [T] [thread 2159] [3.0] [cxt 0] /home/p4/projekt/network_telemetry/src/p4src.p4(226) Primitive meta.ingress_timestamp = standard_metadata.ingress_global_timestamp
[09:13:37.563] [bmv2] [T] [thread 2159] [3.0] [cxt 0] /home/p4/projekt/network_telemetry/src/p4src.p4(227) Primitive meta.have_processed = 0
[09:13:37.563] [bmv2] [T] [thread 2159] [3.0] [cxt 0] /home/p4/projekt/network_telemetry/src/p4src.p4(228) Condition "meta.has_int_header == 1" (node_3) is false
[09:13:37.563] [bmv2] [T] [thread 2159] [3.0] [cxt 0] Applying table 'tbl_p4src248'
[09:13:37.563] [bmv2] [D] [thread 2159] [3.0] [cxt 0] Looking up key:

[09:13:37.563] [bmv2] [D] [thread 2159] [3.0] [cxt 0] Table 'tbl_p4src248': miss
[09:13:37.563] [bmv2] [D] [thread 2159] [3.0] [cxt 0] Action entry is p4src248 - 
[09:13:37.563] [bmv2] [T] [thread 2159] [3.0] [cxt 0] Action p4src248
[09:13:37.563] [bmv2] [T] [thread 2159] [3.0] [cxt 0] /home/p4/projekt/network_telemetry/src/p4src.p4(248) Primitive meta.to_send_to_ipv6 = hdr.ipv6
[09:13:37.563] [bmv2] [T] [thread 2159] [3.0] [cxt 0] Applying table 'MyIngress.forward'
[09:13:37.563] [bmv2] [D] [thread 2159] [3.0] [cxt 0] Looking up key:
* meta.to_send_to_ipv6.Addr0: ff020000000000000000000000000016

[09:13:37.563] [bmv2] [D] [thread 2159] [3.0] [cxt 0] Table 'MyIngress.forward': miss
[09:13:37.563] [bmv2] [D] [thread 2159] [3.0] [cxt 0] Action entry is NoAction - 
[09:13:37.563] [bmv2] [T] [thread 2159] [3.0] [cxt 0] Action NoAction
[09:13:37.563] [bmv2] [T] [thread 2159] [3.0] [cxt 0] /home/p4/projekt/network_telemetry/src/p4src.p4(251) Condition "meta.have_processed == 1" (node_11) is false
[09:13:37.563] [bmv2] [D] [thread 2159] [3.0] [cxt 0] Pipeline 'ingress': end
[09:13:37.563] [bmv2] [D] [thread 2159] [3.0] [cxt 0] Egress port is 0
[09:13:37.564] [bmv2] [D] [thread 2160] [3.0] [cxt 0] Pipeline 'egress': start
[09:13:37.564] [bmv2] [T] [thread 2160] [3.0] [cxt 0] /home/p4/projekt/network_telemetry/src/p4src.p4(271) Condition "meta.have_processed == 1" (node_18) is false
[09:13:37.564] [bmv2] [D] [thread 2160] [3.0] [cxt 0] Pipeline 'egress': end
[09:13:37.564] [bmv2] [D] [thread 2160] [3.0] [cxt 0] Deparser 'deparser': start
[09:13:37.564] [bmv2] [D] [thread 2160] [3.0] [cxt 0] Deparsing header 'ethernet'
[09:13:37.564] [bmv2] [D] [thread 2160] [3.0] [cxt 0] Deparsing header 'ipv6'
[09:13:37.564] [bmv2] [D] [thread 2160] [3.0] [cxt 0] Deparser 'deparser': end
[09:13:37.564] [bmv2] [D] [thread 2164] [3.0] [cxt 0] Transmitting packet of size 90 out of port 0
[09:13:38.006] [bmv2] [T] [thread 2286] bm_get_config
[09:13:38.008] [bmv2] [T] [thread 2286] bm_table_add_entry
[09:13:38.008] [bmv2] [D] [thread 2286] Entry 0 added to table 'MyIngress.add_our_telemetry'
[09:13:38.008] [bmv2] [D] [thread 2286] Dumping entry 0
Match key:
* hdr.srh_end[0].addr.Addr0: EXACT     00000000000000000000000000010005
Action entry: MyIngress.addMetadata - 5,

[09:13:38.009] [bmv2] [T] [thread 2286] bm_table_add_entry
[09:13:38.009] [bmv2] [D] [thread 2286] Entry 0 added to table 'MyIngress.forward'
[09:13:38.009] [bmv2] [D] [thread 2286] Dumping entry 0
Match key:
* meta.to_send_to_ipv6.Addr0: EXACT     00000000000000000000000000000001
Action entry: MyIngress.setEgress - 1,

[09:13:38.009] [bmv2] [T] [thread 2286] bm_table_add_entry
[09:13:38.009] [bmv2] [D] [thread 2286] Entry 1 added to table 'MyIngress.forward'
[09:13:38.009] [bmv2] [D] [thread 2286] Dumping entry 1
Match key:
* meta.to_send_to_ipv6.Addr0: EXACT     00000000000000000000000000000002
Action entry: MyIngress.setEgress - 4,

[09:13:38.009] [bmv2] [T] [thread 2286] bm_table_add_entry
[09:13:38.009] [bmv2] [D] [thread 2286] Entry 2 added to table 'MyIngress.forward'
[09:13:38.009] [bmv2] [D] [thread 2286] Dumping entry 2
Match key:
* meta.to_send_to_ipv6.Addr0: EXACT     00000000000000000000000000010001
Action entry: MyIngress.setEgress - 1,

[09:13:38.009] [bmv2] [T] [thread 2286] bm_table_add_entry
[09:13:38.009] [bmv2] [D] [thread 2286] Entry 3 added to table 'MyIngress.forward'
[09:13:38.009] [bmv2] [D] [thread 2286] Dumping entry 3
Match key:
* meta.to_send_to_ipv6.Addr0: EXACT     00000000000000000000000000010002
Action entry: MyIngress.setEgress - 2,

[09:13:38.009] [bmv2] [T] [thread 2286] bm_table_add_entry
[09:13:38.009] [bmv2] [D] [thread 2286] Entry 4 added to table 'MyIngress.forward'
[09:13:38.009] [bmv2] [D] [thread 2286] Dumping entry 4
Match key:
* meta.to_send_to_ipv6.Addr0: EXACT     00000000000000000000000000010003
Action entry: MyIngress.setEgress - 3,

[09:13:38.010] [bmv2] [T] [thread 2286] bm_table_add_entry
[09:13:38.010] [bmv2] [D] [thread 2286] Entry 5 added to table 'MyIngress.forward'
[09:13:38.010] [bmv2] [D] [thread 2286] Dumping entry 5
Match key:
* meta.to_send_to_ipv6.Addr0: EXACT     00000000000000000000000000010004
Action entry: MyIngress.setEgress - 4,

[09:13:38.010] [bmv2] [T] [thread 2286] bm_table_add_entry
[09:13:38.010] [bmv2] [D] [thread 2286] Entry 6 added to table 'MyIngress.forward'
[09:13:38.010] [bmv2] [D] [thread 2286] Dumping entry 6
Match key:
* meta.to_send_to_ipv6.Addr0: EXACT     00000000000000000000000000010006
Action entry: MyIngress.setEgress - 1,

open: No such file or directory
open: No such file or directory
open: No such file or directory
open: No such file or directory
open: No such file or directory
open: No such file or directory
open: No such file or directory
open: No such file or directory
open: No such file or directory
open: No such file or directory
open: No such file or directory
open: No such file or directory
open: No such file or directory
