Warning: you requested the nanomsg event logger, but bmv2 was compiled without -DBMELOG, and the event logger cannot be activated
Calling target program-options parser
[09:13:37.428] [bmv2] [D] [thread 2166] Set default default entry for table 'tbl_p4src226': p4src226 - 
[09:13:37.428] [bmv2] [D] [thread 2166] Set default default entry for table 'tbl_p4src215': p4src215 - 
[09:13:37.428] [bmv2] [D] [thread 2166] Set default default entry for table 'MyIngress.add_our_telemetry': NoAction - 
[09:13:37.428] [bmv2] [D] [thread 2166] Set default default entry for table 'tbl_p4src237': p4src237 - 
[09:13:37.428] [bmv2] [D] [thread 2166] Set default default entry for table 'tbl_p4src245': p4src245 - 
[09:13:37.428] [bmv2] [D] [thread 2166] Set default default entry for table 'tbl_p4src248': p4src248 - 
[09:13:37.428] [bmv2] [D] [thread 2166] Set default default entry for table 'MyIngress.forward': NoAction - 
[09:13:37.428] [bmv2] [D] [thread 2166] Set default default entry for table 'tbl_p4src253': p4src253 - 
[09:13:37.428] [bmv2] [D] [thread 2166] Set default default entry for table 'tbl_p4src256': p4src256 - 
[09:13:37.428] [bmv2] [D] [thread 2166] Set default default entry for table 'tbl_p4src273': p4src273 - 
Adding interface s6-eth1 as port 1
[09:13:37.432] [bmv2] [D] [thread 2166] Adding interface s6-eth1 as port 1
Adding interface s6-eth2 as port 2
[09:13:37.456] [bmv2] [D] [thread 2166] Adding interface s6-eth2 as port 2
Adding interface s6-eth3 as port 3
[09:13:37.507] [bmv2] [D] [thread 2166] Adding interface s6-eth3 as port 3
Adding interface s6-eth4 as port 4
[09:13:37.559] [bmv2] [D] [thread 2166] Adding interface s6-eth4 as port 4
[09:13:37.584] [bmv2] [I] [thread 2166] Starting Thrift server on port 9095
[09:13:37.584] [bmv2] [I] [thread 2166] Thrift server was started
[09:13:37.585] [bmv2] [D] [thread 2172] [0.0] [cxt 0] Processing packet received on port 1
[09:13:37.585] [bmv2] [D] [thread 2172] [0.0] [cxt 0] Parser 'parser': start
[09:13:37.585] [bmv2] [D] [thread 2172] [0.0] [cxt 0] Parser 'parser' entering state 'start'
[09:13:37.585] [bmv2] [D] [thread 2172] [0.0] [cxt 0] Parser set: setting field 'scalars.metadata._has_int_header1' to 0
[09:13:37.585] [bmv2] [D] [thread 2172] [0.0] [cxt 0] Extracting header 'ethernet'
[09:13:37.585] [bmv2] [D] [thread 2172] [0.0] [cxt 0] Parser state 'start': key is 86dd
[09:13:37.585] [bmv2] [T] [thread 2172] [0.0] [cxt 0] Bytes parsed: 14
[09:13:37.585] [bmv2] [D] [thread 2172] [0.0] [cxt 0] Parser 'parser' entering state 'parse_ipv6'
[09:13:37.585] [bmv2] [D] [thread 2172] [0.0] [cxt 0] Extracting header 'ipv6'
[09:13:37.585] [bmv2] [D] [thread 2172] [0.0] [cxt 0] Parser state 'parse_ipv6': key is 00
[09:13:37.585] [bmv2] [T] [thread 2172] [0.0] [cxt 0] Bytes parsed: 54
[09:13:37.585] [bmv2] [D] [thread 2172] [0.0] [cxt 0] Parser 'parser': end
[09:13:37.585] [bmv2] [D] [thread 2172] [0.0] [cxt 0] Pipeline 'ingress': start
[09:13:37.585] [bmv2] [T] [thread 2172] [0.0] [cxt 0] Applying table 'tbl_p4src226'
[09:13:37.585] [bmv2] [D] [thread 2172] [0.0] [cxt 0] Looking up key:

[09:13:37.585] [bmv2] [D] [thread 2172] [0.0] [cxt 0] Table 'tbl_p4src226': miss
[09:13:37.585] [bmv2] [D] [thread 2172] [0.0] [cxt 0] Action entry is p4src226 - 
[09:13:37.585] [bmv2] [T] [thread 2172] [0.0] [cxt 0] Action p4src226
[09:13:37.585] [bmv2] [T] [thread 2172] [0.0] [cxt 0] /home/p4/projekt/network_telemetry/src/p4src.p4(226) Primitive meta.ingress_timestamp = standard_metadata.ingress_global_timestamp
[09:13:37.585] [bmv2] [T] [thread 2172] [0.0] [cxt 0] /home/p4/projekt/network_telemetry/src/p4src.p4(227) Primitive meta.have_processed = 0
[09:13:37.585] [bmv2] [T] [thread 2172] [0.0] [cxt 0] /home/p4/projekt/network_telemetry/src/p4src.p4(228) Condition "meta.has_int_header == 1" (node_3) is false
[09:13:37.585] [bmv2] [T] [thread 2172] [0.0] [cxt 0] Applying table 'tbl_p4src248'
[09:13:37.585] [bmv2] [D] [thread 2172] [0.0] [cxt 0] Looking up key:

[09:13:37.585] [bmv2] [D] [thread 2172] [0.0] [cxt 0] Table 'tbl_p4src248': miss
[09:13:37.585] [bmv2] [D] [thread 2172] [0.0] [cxt 0] Action entry is p4src248 - 
[09:13:37.585] [bmv2] [T] [thread 2172] [0.0] [cxt 0] Action p4src248
[09:13:37.585] [bmv2] [T] [thread 2172] [0.0] [cxt 0] /home/p4/projekt/network_telemetry/src/p4src.p4(248) Primitive meta.to_send_to_ipv6 = hdr.ipv6
[09:13:37.585] [bmv2] [T] [thread 2172] [0.0] [cxt 0] Applying table 'MyIngress.forward'
[09:13:37.585] [bmv2] [D] [thread 2172] [0.0] [cxt 0] Looking up key:
* meta.to_send_to_ipv6.Addr0: ff020000000000000000000000000016

[09:13:37.585] [bmv2] [D] [thread 2172] [0.0] [cxt 0] Table 'MyIngress.forward': miss
[09:13:37.585] [bmv2] [D] [thread 2172] [0.0] [cxt 0] Action entry is NoAction - 
[09:13:37.585] [bmv2] [T] [thread 2172] [0.0] [cxt 0] Action NoAction
[09:13:37.585] [bmv2] [T] [thread 2172] [0.0] [cxt 0] /home/p4/projekt/network_telemetry/src/p4src.p4(251) Condition "meta.have_processed == 1" (node_11) is false
[09:13:37.585] [bmv2] [D] [thread 2172] [0.0] [cxt 0] Pipeline 'ingress': end
[09:13:37.585] [bmv2] [D] [thread 2172] [0.0] [cxt 0] Egress port is 0
[09:13:37.585] [bmv2] [D] [thread 2173] [0.0] [cxt 0] Pipeline 'egress': start
[09:13:37.585] [bmv2] [T] [thread 2173] [0.0] [cxt 0] /home/p4/projekt/network_telemetry/src/p4src.p4(271) Condition "meta.have_processed == 1" (node_18) is false
[09:13:37.586] [bmv2] [D] [thread 2173] [0.0] [cxt 0] Pipeline 'egress': end
[09:13:37.586] [bmv2] [D] [thread 2173] [0.0] [cxt 0] Deparser 'deparser': start
[09:13:37.586] [bmv2] [D] [thread 2173] [0.0] [cxt 0] Deparsing header 'ethernet'
[09:13:37.586] [bmv2] [D] [thread 2173] [0.0] [cxt 0] Deparsing header 'ipv6'
[09:13:37.586] [bmv2] [D] [thread 2173] [0.0] [cxt 0] Deparser 'deparser': end
[09:13:37.586] [bmv2] [D] [thread 2177] [0.0] [cxt 0] Transmitting packet of size 90 out of port 0
[09:13:38.073] [bmv2] [T] [thread 2288] bm_get_config
[09:13:38.076] [bmv2] [T] [thread 2288] bm_table_add_entry
[09:13:38.076] [bmv2] [D] [thread 2288] Entry 0 added to table 'MyIngress.add_our_telemetry'
[09:13:38.077] [bmv2] [D] [thread 2288] Dumping entry 0
Match key:
* hdr.srh_end[0].addr.Addr0: EXACT     00000000000000000000000000010006
Action entry: MyIngress.addMetadata - 6,

[09:13:38.077] [bmv2] [T] [thread 2288] bm_table_add_entry
[09:13:38.077] [bmv2] [D] [thread 2288] Entry 0 added to table 'MyIngress.forward'
[09:13:38.077] [bmv2] [D] [thread 2288] Dumping entry 0
Match key:
* meta.to_send_to_ipv6.Addr0: EXACT     00000000000000000000000000000001
Action entry: MyIngress.setEgress - 1,

[09:13:38.077] [bmv2] [T] [thread 2288] bm_table_add_entry
[09:13:38.077] [bmv2] [D] [thread 2288] Entry 1 added to table 'MyIngress.forward'
[09:13:38.077] [bmv2] [D] [thread 2288] Dumping entry 1
Match key:
* meta.to_send_to_ipv6.Addr0: EXACT     00000000000000000000000000000002
Action entry: MyIngress.setEgress - 4,

[09:13:38.077] [bmv2] [T] [thread 2288] bm_table_add_entry
[09:13:38.077] [bmv2] [D] [thread 2288] Entry 2 added to table 'MyIngress.forward'
[09:13:38.077] [bmv2] [D] [thread 2288] Dumping entry 2
Match key:
* meta.to_send_to_ipv6.Addr0: EXACT     00000000000000000000000000010001
Action entry: MyIngress.setEgress - 1,

[09:13:38.077] [bmv2] [T] [thread 2288] bm_table_add_entry
[09:13:38.077] [bmv2] [D] [thread 2288] Entry 3 added to table 'MyIngress.forward'
[09:13:38.077] [bmv2] [D] [thread 2288] Dumping entry 3
Match key:
* meta.to_send_to_ipv6.Addr0: EXACT     00000000000000000000000000010002
Action entry: MyIngress.setEgress - 2,

[09:13:38.078] [bmv2] [T] [thread 2288] bm_table_add_entry
[09:13:38.078] [bmv2] [D] [thread 2288] Entry 4 added to table 'MyIngress.forward'
[09:13:38.078] [bmv2] [D] [thread 2288] Dumping entry 4
Match key:
* meta.to_send_to_ipv6.Addr0: EXACT     00000000000000000000000000010003
Action entry: MyIngress.setEgress - 3,

[09:13:38.078] [bmv2] [T] [thread 2288] bm_table_add_entry
[09:13:38.078] [bmv2] [D] [thread 2288] Entry 5 added to table 'MyIngress.forward'
[09:13:38.078] [bmv2] [D] [thread 2288] Dumping entry 5
Match key:
* meta.to_send_to_ipv6.Addr0: EXACT     00000000000000000000000000010004
Action entry: MyIngress.setEgress - 4,

[09:13:38.078] [bmv2] [T] [thread 2288] bm_table_add_entry
[09:13:38.078] [bmv2] [D] [thread 2288] Entry 6 added to table 'MyIngress.forward'
[09:13:38.078] [bmv2] [D] [thread 2288] Dumping entry 6
Match key:
* meta.to_send_to_ipv6.Addr0: EXACT     00000000000000000000000000010005
Action entry: MyIngress.setEgress - 4,

[09:14:30.325] [bmv2] [D] [thread 2172] [1.0] [cxt 0] Processing packet received on port 1
[09:14:30.325] [bmv2] [D] [thread 2172] [1.0] [cxt 0] Parser 'parser': start
[09:14:30.325] [bmv2] [D] [thread 2172] [1.0] [cxt 0] Parser 'parser' entering state 'start'
[09:14:30.325] [bmv2] [D] [thread 2172] [1.0] [cxt 0] Parser set: setting field 'scalars.metadata._has_int_header1' to 0
[09:14:30.325] [bmv2] [D] [thread 2172] [1.0] [cxt 0] Extracting header 'ethernet'
[09:14:30.325] [bmv2] [D] [thread 2172] [1.0] [cxt 0] Parser state 'start': key is 7fff
[09:14:30.325] [bmv2] [T] [thread 2172] [1.0] [cxt 0] Bytes parsed: 14
[09:14:30.325] [bmv2] [D] [thread 2172] [1.0] [cxt 0] Parser 'parser' entering state 'parse_int_beg'
[09:14:30.325] [bmv2] [D] [thread 2172] [1.0] [cxt 0] Parser set: setting field 'scalars.metadata._has_int_header1' to 1
[09:14:30.325] [bmv2] [D] [thread 2172] [1.0] [cxt 0] Extracting header 'int_beg'
[09:14:30.325] [bmv2] [D] [thread 2172] [1.0] [cxt 0] Parser set: setting field 'scalars.metadata._matadata_to_parse3' from field 'int_beg.hop_ml' (1)
[09:14:30.325] [bmv2] [D] [thread 2172] [1.0] [cxt 0] Parser state 'parse_int_beg': key is 01
[09:14:30.325] [bmv2] [T] [thread 2172] [1.0] [cxt 0] Bytes parsed: 18
[09:14:30.325] [bmv2] [D] [thread 2172] [1.0] [cxt 0] Parser 'parser' entering state 'parse_int_end'
[09:14:30.325] [bmv2] [D] [thread 2172] [1.0] [cxt 0] Extracting to header stack 0, next header is 7
[09:14:30.325] [bmv2] [D] [thread 2172] [1.0] [cxt 0] Parser set: setting field 'scalars.metadata._matadata_to_parse3' from expression, new value is 0
[09:14:30.325] [bmv2] [D] [thread 2172] [1.0] [cxt 0] Parser state 'parse_int_end': key is 00
[09:14:30.325] [bmv2] [T] [thread 2172] [1.0] [cxt 0] Bytes parsed: 28
[09:14:30.325] [bmv2] [D] [thread 2172] [1.0] [cxt 0] Parser 'parser' entering state 'parse_ipv6'
[09:14:30.325] [bmv2] [D] [thread 2172] [1.0] [cxt 0] Extracting header 'ipv6'
[09:14:30.325] [bmv2] [D] [thread 2172] [1.0] [cxt 0] Parser state 'parse_ipv6': key is 01
[09:14:30.325] [bmv2] [T] [thread 2172] [1.0] [cxt 0] Bytes parsed: 68
[09:14:30.325] [bmv2] [D] [thread 2172] [1.0] [cxt 0] Parser 'parser' entering state 'parse_srh_beg'
[09:14:30.325] [bmv2] [D] [thread 2172] [1.0] [cxt 0] Extracting header 'srh_beg'
[09:14:30.325] [bmv2] [D] [thread 2172] [1.0] [cxt 0] Parser set: setting field 'scalars.metadata._segment_list_items_to_parse4' from field 'srh_beg.segments_left' (2)
[09:14:30.325] [bmv2] [D] [thread 2172] [1.0] [cxt 0] Parser state 'parse_srh_beg': key is 02
[09:14:30.325] [bmv2] [T] [thread 2172] [1.0] [cxt 0] Bytes parsed: 76
[09:14:30.325] [bmv2] [D] [thread 2172] [1.0] [cxt 0] Parser 'parser' entering state 'parse_srh_end'
[09:14:30.325] [bmv2] [D] [thread 2172] [1.0] [cxt 0] Extracting to header stack 1, next header is 19
[09:14:30.325] [bmv2] [D] [thread 2172] [1.0] [cxt 0] Parser set: setting field 'scalars.metadata._segment_list_items_to_parse4' from expression, new value is 1
[09:14:30.325] [bmv2] [D] [thread 2172] [1.0] [cxt 0] Parser state 'parse_srh_end': key is 01
[09:14:30.325] [bmv2] [T] [thread 2172] [1.0] [cxt 0] Bytes parsed: 92
[09:14:30.325] [bmv2] [D] [thread 2172] [1.0] [cxt 0] Parser 'parser' entering state 'parse_srh_end'
[09:14:30.325] [bmv2] [D] [thread 2172] [1.0] [cxt 0] Extracting to header stack 1, next header is 20
[09:14:30.325] [bmv2] [D] [thread 2172] [1.0] [cxt 0] Parser set: setting field 'scalars.metadata._segment_list_items_to_parse4' from expression, new value is 0
[09:14:30.325] [bmv2] [D] [thread 2172] [1.0] [cxt 0] Parser state 'parse_srh_end': key is 00
[09:14:30.326] [bmv2] [T] [thread 2172] [1.0] [cxt 0] Bytes parsed: 108
[09:14:30.326] [bmv2] [D] [thread 2172] [1.0] [cxt 0] Parser 'parser': end
[09:14:30.326] [bmv2] [D] [thread 2172] [1.0] [cxt 0] Pipeline 'ingress': start
[09:14:30.326] [bmv2] [T] [thread 2172] [1.0] [cxt 0] Applying table 'tbl_p4src226'
[09:14:30.326] [bmv2] [D] [thread 2172] [1.0] [cxt 0] Looking up key:

[09:14:30.326] [bmv2] [D] [thread 2172] [1.0] [cxt 0] Table 'tbl_p4src226': miss
[09:14:30.326] [bmv2] [D] [thread 2172] [1.0] [cxt 0] Action entry is p4src226 - 
[09:14:30.326] [bmv2] [T] [thread 2172] [1.0] [cxt 0] Action p4src226
[09:14:30.326] [bmv2] [T] [thread 2172] [1.0] [cxt 0] /home/p4/projekt/network_telemetry/src/p4src.p4(226) Primitive meta.ingress_timestamp = standard_metadata.ingress_global_timestamp
[09:14:30.326] [bmv2] [T] [thread 2172] [1.0] [cxt 0] /home/p4/projekt/network_telemetry/src/p4src.p4(227) Primitive meta.have_processed = 0
[09:14:30.326] [bmv2] [T] [thread 2172] [1.0] [cxt 0] /home/p4/projekt/network_telemetry/src/p4src.p4(228) Condition "meta.has_int_header == 1" (node_3) is true
[09:14:30.326] [bmv2] [T] [thread 2172] [1.0] [cxt 0] Applying table 'tbl_p4src215'
[09:14:30.326] [bmv2] [D] [thread 2172] [1.0] [cxt 0] Looking up key:

[09:14:30.326] [bmv2] [D] [thread 2172] [1.0] [cxt 0] Table 'tbl_p4src215': miss
[09:14:30.326] [bmv2] [D] [thread 2172] [1.0] [cxt 0] Action entry is p4src215 - 
[09:14:30.326] [bmv2] [T] [thread 2172] [1.0] [cxt 0] Action p4src215
[09:14:30.326] [bmv2] [T] [thread 2172] [1.0] [cxt 0] /home/p4/projekt/network_telemetry/src/p4src.p4(215) Primitive hdr.srh_end[0]
[09:14:30.326] [bmv2] [T] [thread 2172] [1.0] [cxt 0] Applying table 'MyIngress.add_our_telemetry'
[09:14:30.326] [bmv2] [D] [thread 2172] [1.0] [cxt 0] Looking up key:
* hdr.srh_end[0].addr.Addr0: 00000000000000000000000000010006

[09:14:30.326] [bmv2] [D] [thread 2172] [1.0] [cxt 0] Table 'MyIngress.add_our_telemetry': hit with handle 0
[09:14:30.326] [bmv2] [D] [thread 2172] [1.0] [cxt 0] Dumping entry 0
Match key:
* hdr.srh_end[0].addr.Addr0: EXACT     00000000000000000000000000010006
Action entry: MyIngress.addMetadata - 6,

[09:14:30.326] [bmv2] [D] [thread 2172] [1.0] [cxt 0] Action entry is MyIngress.addMetadata - 6,
[09:14:30.326] [bmv2] [T] [thread 2172] [1.0] [cxt 0] Action MyIngress.addMetadata
[09:14:30.326] [bmv2] [T] [thread 2172] [1.0] [cxt 0] /home/p4/projekt/network_telemetry/src/p4src.p4(201) Primitive hdr.srh_end.pop_front(1)
[09:14:30.326] [bmv2] [T] [thread 2172] [1.0] [cxt 0] /home/p4/projekt/network_telemetry/src/p4src.p4(202) Primitive hdr.srh_beg.segments_left = hdr.srh_beg.segments_left - 1
[09:14:30.326] [bmv2] [T] [thread 2172] [1.0] [cxt 0] /home/p4/projekt/network_telemetry/src/p4src.p4(203) Primitive meta.have_processed = 1
[09:14:30.326] [bmv2] [T] [thread 2172] [1.0] [cxt 0] /home/p4/projekt/network_telemetry/src/p4src.p4(205) Primitive hdr.int_beg.hop_ml = hdr.int_beg.hop_ml + 1
[09:14:30.326] [bmv2] [T] [thread 2172] [1.0] [cxt 0] /home/p4/projekt/network_telemetry/src/p4src.p4(206) Primitive hdr.int_end.push_front(1)
[09:14:30.326] [bmv2] [T] [thread 2172] [1.0] [cxt 0] /home/p4/projekt/network_telemetry/src/p4src.p4(207) Primitive hdr.int_end[0].setValid()
[09:14:30.326] [bmv2] [T] [thread 2172] [1.0] [cxt 0] Primitive (no source info)
[09:14:30.326] [bmv2] [T] [thread 2172] [1.0] [cxt 0] /home/p4/projekt/network_telemetry/src/p4src.p4(236) Condition "hdr.srh_beg.segments_left == 0" (node_6) is false
[09:14:30.326] [bmv2] [T] [thread 2172] [1.0] [cxt 0] Applying table 'tbl_p4src245'
[09:14:30.326] [bmv2] [D] [thread 2172] [1.0] [cxt 0] Looking up key:

[09:14:30.326] [bmv2] [D] [thread 2172] [1.0] [cxt 0] Table 'tbl_p4src245': miss
[09:14:30.326] [bmv2] [D] [thread 2172] [1.0] [cxt 0] Action entry is p4src245 - 
[09:14:30.326] [bmv2] [T] [thread 2172] [1.0] [cxt 0] Action p4src245
[09:14:30.326] [bmv2] [T] [thread 2172] [1.0] [cxt 0] /home/p4/projekt/network_telemetry/src/p4src.p4(245) Primitive meta.to_send_to_ipv6 = hdr.srh_end[0]
[09:14:30.326] [bmv2] [T] [thread 2172] [1.0] [cxt 0] Applying table 'MyIngress.forward'
[09:14:30.326] [bmv2] [D] [thread 2172] [1.0] [cxt 0] Looking up key:
* meta.to_send_to_ipv6.Addr0: 00000000000000000000000000010003

[09:14:30.326] [bmv2] [D] [thread 2172] [1.0] [cxt 0] Table 'MyIngress.forward': hit with handle 4
[09:14:30.326] [bmv2] [D] [thread 2172] [1.0] [cxt 0] Dumping entry 4
Match key:
* meta.to_send_to_ipv6.Addr0: EXACT     00000000000000000000000000010003
Action entry: MyIngress.setEgress - 3,

[09:14:30.326] [bmv2] [D] [thread 2172] [1.0] [cxt 0] Action entry is MyIngress.setEgress - 3,
[09:14:30.326] [bmv2] [T] [thread 2172] [1.0] [cxt 0] Action MyIngress.setEgress
[09:14:30.326] [bmv2] [T] [thread 2172] [1.0] [cxt 0] /home/p4/projekt/network_telemetry/src/p4src.p4(185) Primitive standard_metadata.egress_spec = port
[09:14:30.326] [bmv2] [T] [thread 2172] [1.0] [cxt 0] /home/p4/projekt/network_telemetry/src/p4src.p4(251) Condition "meta.have_processed == 1" (node_11) is true
[09:14:30.326] [bmv2] [T] [thread 2172] [1.0] [cxt 0] /home/p4/projekt/network_telemetry/src/p4src.p4(252) Condition "hdr.int_beg.instruction_bitmap & 0b00000000010 != 0" (node_12) is true
[09:14:30.326] [bmv2] [T] [thread 2172] [1.0] [cxt 0] Applying table 'tbl_p4src253'
[09:14:30.326] [bmv2] [D] [thread 2172] [1.0] [cxt 0] Looking up key:

[09:14:30.326] [bmv2] [D] [thread 2172] [1.0] [cxt 0] Table 'tbl_p4src253': miss
[09:14:30.326] [bmv2] [D] [thread 2172] [1.0] [cxt 0] Action entry is p4src253 - 
[09:14:30.326] [bmv2] [T] [thread 2172] [1.0] [cxt 0] Action p4src253
[09:14:30.326] [bmv2] [T] [thread 2172] [1.0] [cxt 0] /home/p4/projekt/network_telemetry/src/p4src.p4(253) Primitive hdr.int_end[0].in_port_id = standard_metadata.ingress_port
[09:14:30.326] [bmv2] [T] [thread 2172] [1.0] [cxt 0] /home/p4/projekt/network_telemetry/src/p4src.p4(255) Condition "hdr.int_beg.instruction_bitmap & 0b00000000100 != 0" (node_14) is true
[09:14:30.326] [bmv2] [T] [thread 2172] [1.0] [cxt 0] Applying table 'tbl_p4src256'
[09:14:30.326] [bmv2] [D] [thread 2172] [1.0] [cxt 0] Looking up key:

[09:14:30.326] [bmv2] [D] [thread 2172] [1.0] [cxt 0] Table 'tbl_p4src256': miss
[09:14:30.326] [bmv2] [D] [thread 2172] [1.0] [cxt 0] Action entry is p4src256 - 
[09:14:30.326] [bmv2] [T] [thread 2172] [1.0] [cxt 0] Action p4src256
[09:14:30.326] [bmv2] [T] [thread 2172] [1.0] [cxt 0] /home/p4/projekt/network_telemetry/src/p4src.p4(256) Primitive hdr.int_end[0].e_port_id = standard_metadata.egress_spec
[09:14:30.326] [bmv2] [D] [thread 2172] [1.0] [cxt 0] Pipeline 'ingress': end
[09:14:30.326] [bmv2] [D] [thread 2172] [1.0] [cxt 0] Egress port is 3
[09:14:30.326] [bmv2] [D] [thread 2176] [1.0] [cxt 0] Pipeline 'egress': start
[09:14:30.326] [bmv2] [T] [thread 2176] [1.0] [cxt 0] /home/p4/projekt/network_telemetry/src/p4src.p4(271) Condition "meta.have_processed == 1" (node_18) is true
[09:14:30.326] [bmv2] [T] [thread 2176] [1.0] [cxt 0] /home/p4/projekt/network_telemetry/src/p4src.p4(272) Condition "hdr.int_beg.instruction_bitmap & 0b00000001000 != 0" (node_19) is true
[09:14:30.326] [bmv2] [T] [thread 2176] [1.0] [cxt 0] Applying table 'tbl_p4src273'
[09:14:30.326] [bmv2] [D] [thread 2176] [1.0] [cxt 0] Looking up key:

[09:14:30.326] [bmv2] [D] [thread 2176] [1.0] [cxt 0] Table 'tbl_p4src273': miss
[09:14:30.326] [bmv2] [D] [thread 2176] [1.0] [cxt 0] Action entry is p4src273 - 
[09:14:30.326] [bmv2] [T] [thread 2176] [1.0] [cxt 0] Action p4src273
[09:14:30.326] [bmv2] [T] [thread 2176] [1.0] [cxt 0] /home/p4/projekt/network_telemetry/src/p4src.p4(273) Primitive hdr.int_end[0].processed_time = standard_metadata.egress_global_timestamp - meta.ingress_timestamp
[09:14:30.326] [bmv2] [D] [thread 2176] [1.0] [cxt 0] Pipeline 'egress': end
[09:14:30.326] [bmv2] [D] [thread 2176] [1.0] [cxt 0] Deparser 'deparser': start
[09:14:30.326] [bmv2] [D] [thread 2176] [1.0] [cxt 0] Deparsing header 'ethernet'
[09:14:30.326] [bmv2] [D] [thread 2176] [1.0] [cxt 0] Deparsing header 'int_beg'
[09:14:30.326] [bmv2] [D] [thread 2176] [1.0] [cxt 0] Deparsing header 'int_end[0]'
[09:14:30.326] [bmv2] [D] [thread 2176] [1.0] [cxt 0] Deparsing header 'int_end[1]'
[09:14:30.326] [bmv2] [D] [thread 2176] [1.0] [cxt 0] Deparsing header 'ipv6'
[09:14:30.326] [bmv2] [D] [thread 2176] [1.0] [cxt 0] Deparsing header 'srh_beg'
[09:14:30.326] [bmv2] [D] [thread 2176] [1.0] [cxt 0] Deparsing header 'srh_end[0]'
[09:14:30.326] [bmv2] [D] [thread 2176] [1.0] [cxt 0] Deparser 'deparser': end
[09:14:30.326] [bmv2] [D] [thread 2177] [1.0] [cxt 0] Transmitting packet of size 102 out of port 3
[09:15:20.375] [bmv2] [D] [thread 2172] [2.0] [cxt 0] Processing packet received on port 1
[09:15:20.375] [bmv2] [D] [thread 2172] [2.0] [cxt 0] Parser 'parser': start
[09:15:20.375] [bmv2] [D] [thread 2172] [2.0] [cxt 0] Parser 'parser' entering state 'start'
[09:15:20.375] [bmv2] [D] [thread 2172] [2.0] [cxt 0] Parser set: setting field 'scalars.metadata._has_int_header1' to 0
[09:15:20.375] [bmv2] [D] [thread 2172] [2.0] [cxt 0] Extracting header 'ethernet'
[09:15:20.375] [bmv2] [D] [thread 2172] [2.0] [cxt 0] Parser state 'start': key is 7fff
[09:15:20.375] [bmv2] [T] [thread 2172] [2.0] [cxt 0] Bytes parsed: 14
[09:15:20.375] [bmv2] [D] [thread 2172] [2.0] [cxt 0] Parser 'parser' entering state 'parse_int_beg'
[09:15:20.375] [bmv2] [D] [thread 2172] [2.0] [cxt 0] Parser set: setting field 'scalars.metadata._has_int_header1' to 1
[09:15:20.375] [bmv2] [D] [thread 2172] [2.0] [cxt 0] Extracting header 'int_beg'
[09:15:20.375] [bmv2] [D] [thread 2172] [2.0] [cxt 0] Parser set: setting field 'scalars.metadata._matadata_to_parse3' from field 'int_beg.hop_ml' (1)
[09:15:20.375] [bmv2] [D] [thread 2172] [2.0] [cxt 0] Parser state 'parse_int_beg': key is 01
[09:15:20.375] [bmv2] [T] [thread 2172] [2.0] [cxt 0] Bytes parsed: 18
[09:15:20.375] [bmv2] [D] [thread 2172] [2.0] [cxt 0] Parser 'parser' entering state 'parse_int_end'
[09:15:20.375] [bmv2] [D] [thread 2172] [2.0] [cxt 0] Extracting to header stack 0, next header is 7
[09:15:20.375] [bmv2] [D] [thread 2172] [2.0] [cxt 0] Parser set: setting field 'scalars.metadata._matadata_to_parse3' from expression, new value is 0
[09:15:20.375] [bmv2] [D] [thread 2172] [2.0] [cxt 0] Parser state 'parse_int_end': key is 00
[09:15:20.375] [bmv2] [T] [thread 2172] [2.0] [cxt 0] Bytes parsed: 28
[09:15:20.375] [bmv2] [D] [thread 2172] [2.0] [cxt 0] Parser 'parser' entering state 'parse_ipv6'
[09:15:20.375] [bmv2] [D] [thread 2172] [2.0] [cxt 0] Extracting header 'ipv6'
[09:15:20.375] [bmv2] [D] [thread 2172] [2.0] [cxt 0] Parser state 'parse_ipv6': key is 01
[09:15:20.375] [bmv2] [T] [thread 2172] [2.0] [cxt 0] Bytes parsed: 68
[09:15:20.375] [bmv2] [D] [thread 2172] [2.0] [cxt 0] Parser 'parser' entering state 'parse_srh_beg'
[09:15:20.375] [bmv2] [D] [thread 2172] [2.0] [cxt 0] Extracting header 'srh_beg'
[09:15:20.375] [bmv2] [D] [thread 2172] [2.0] [cxt 0] Parser set: setting field 'scalars.metadata._segment_list_items_to_parse4' from field 'srh_beg.segments_left' (2)
[09:15:20.375] [bmv2] [D] [thread 2172] [2.0] [cxt 0] Parser state 'parse_srh_beg': key is 02
[09:15:20.375] [bmv2] [T] [thread 2172] [2.0] [cxt 0] Bytes parsed: 76
[09:15:20.375] [bmv2] [D] [thread 2172] [2.0] [cxt 0] Parser 'parser' entering state 'parse_srh_end'
[09:15:20.375] [bmv2] [D] [thread 2172] [2.0] [cxt 0] Extracting to header stack 1, next header is 19
[09:15:20.375] [bmv2] [D] [thread 2172] [2.0] [cxt 0] Parser set: setting field 'scalars.metadata._segment_list_items_to_parse4' from expression, new value is 1
[09:15:20.375] [bmv2] [D] [thread 2172] [2.0] [cxt 0] Parser state 'parse_srh_end': key is 01
[09:15:20.375] [bmv2] [T] [thread 2172] [2.0] [cxt 0] Bytes parsed: 92
[09:15:20.375] [bmv2] [D] [thread 2172] [2.0] [cxt 0] Parser 'parser' entering state 'parse_srh_end'
[09:15:20.375] [bmv2] [D] [thread 2172] [2.0] [cxt 0] Extracting to header stack 1, next header is 20
[09:15:20.375] [bmv2] [D] [thread 2172] [2.0] [cxt 0] Parser set: setting field 'scalars.metadata._segment_list_items_to_parse4' from expression, new value is 0
[09:15:20.375] [bmv2] [D] [thread 2172] [2.0] [cxt 0] Parser state 'parse_srh_end': key is 00
[09:15:20.375] [bmv2] [T] [thread 2172] [2.0] [cxt 0] Bytes parsed: 108
[09:15:20.375] [bmv2] [D] [thread 2172] [2.0] [cxt 0] Parser 'parser': end
[09:15:20.375] [bmv2] [D] [thread 2172] [2.0] [cxt 0] Pipeline 'ingress': start
[09:15:20.375] [bmv2] [T] [thread 2172] [2.0] [cxt 0] Applying table 'tbl_p4src226'
[09:15:20.375] [bmv2] [D] [thread 2172] [2.0] [cxt 0] Looking up key:

[09:15:20.375] [bmv2] [D] [thread 2172] [2.0] [cxt 0] Table 'tbl_p4src226': miss
[09:15:20.375] [bmv2] [D] [thread 2172] [2.0] [cxt 0] Action entry is p4src226 - 
[09:15:20.375] [bmv2] [T] [thread 2172] [2.0] [cxt 0] Action p4src226
[09:15:20.375] [bmv2] [T] [thread 2172] [2.0] [cxt 0] /home/p4/projekt/network_telemetry/src/p4src.p4(226) Primitive meta.ingress_timestamp = standard_metadata.ingress_global_timestamp
[09:15:20.375] [bmv2] [T] [thread 2172] [2.0] [cxt 0] /home/p4/projekt/network_telemetry/src/p4src.p4(227) Primitive meta.have_processed = 0
[09:15:20.375] [bmv2] [T] [thread 2172] [2.0] [cxt 0] /home/p4/projekt/network_telemetry/src/p4src.p4(228) Condition "meta.has_int_header == 1" (node_3) is true
[09:15:20.375] [bmv2] [T] [thread 2172] [2.0] [cxt 0] Applying table 'tbl_p4src215'
[09:15:20.375] [bmv2] [D] [thread 2172] [2.0] [cxt 0] Looking up key:

[09:15:20.375] [bmv2] [D] [thread 2172] [2.0] [cxt 0] Table 'tbl_p4src215': miss
[09:15:20.375] [bmv2] [D] [thread 2172] [2.0] [cxt 0] Action entry is p4src215 - 
[09:15:20.375] [bmv2] [T] [thread 2172] [2.0] [cxt 0] Action p4src215
[09:15:20.375] [bmv2] [T] [thread 2172] [2.0] [cxt 0] /home/p4/projekt/network_telemetry/src/p4src.p4(215) Primitive hdr.srh_end[0]
[09:15:20.375] [bmv2] [T] [thread 2172] [2.0] [cxt 0] Applying table 'MyIngress.add_our_telemetry'
[09:15:20.375] [bmv2] [D] [thread 2172] [2.0] [cxt 0] Looking up key:
* hdr.srh_end[0].addr.Addr0: 00000000000000000000000000010006

[09:15:20.375] [bmv2] [D] [thread 2172] [2.0] [cxt 0] Table 'MyIngress.add_our_telemetry': hit with handle 0
[09:15:20.375] [bmv2] [D] [thread 2172] [2.0] [cxt 0] Dumping entry 0
Match key:
* hdr.srh_end[0].addr.Addr0: EXACT     00000000000000000000000000010006
Action entry: MyIngress.addMetadata - 6,

[09:15:20.375] [bmv2] [D] [thread 2172] [2.0] [cxt 0] Action entry is MyIngress.addMetadata - 6,
[09:15:20.375] [bmv2] [T] [thread 2172] [2.0] [cxt 0] Action MyIngress.addMetadata
[09:15:20.375] [bmv2] [T] [thread 2172] [2.0] [cxt 0] /home/p4/projekt/network_telemetry/src/p4src.p4(201) Primitive hdr.srh_end.pop_front(1)
[09:15:20.375] [bmv2] [T] [thread 2172] [2.0] [cxt 0] /home/p4/projekt/network_telemetry/src/p4src.p4(202) Primitive hdr.srh_beg.segments_left = hdr.srh_beg.segments_left - 1
[09:15:20.375] [bmv2] [T] [thread 2172] [2.0] [cxt 0] /home/p4/projekt/network_telemetry/src/p4src.p4(203) Primitive meta.have_processed = 1
[09:15:20.375] [bmv2] [T] [thread 2172] [2.0] [cxt 0] /home/p4/projekt/network_telemetry/src/p4src.p4(205) Primitive hdr.int_beg.hop_ml = hdr.int_beg.hop_ml + 1
[09:15:20.375] [bmv2] [T] [thread 2172] [2.0] [cxt 0] /home/p4/projekt/network_telemetry/src/p4src.p4(206) Primitive hdr.int_end.push_front(1)
[09:15:20.376] [bmv2] [T] [thread 2172] [2.0] [cxt 0] /home/p4/projekt/network_telemetry/src/p4src.p4(207) Primitive hdr.int_end[0].setValid()
[09:15:20.376] [bmv2] [T] [thread 2172] [2.0] [cxt 0] Primitive (no source info)
[09:15:20.376] [bmv2] [T] [thread 2172] [2.0] [cxt 0] /home/p4/projekt/network_telemetry/src/p4src.p4(236) Condition "hdr.srh_beg.segments_left == 0" (node_6) is false
[09:15:20.376] [bmv2] [T] [thread 2172] [2.0] [cxt 0] Applying table 'tbl_p4src245'
[09:15:20.376] [bmv2] [D] [thread 2172] [2.0] [cxt 0] Looking up key:

[09:15:20.376] [bmv2] [D] [thread 2172] [2.0] [cxt 0] Table 'tbl_p4src245': miss
[09:15:20.376] [bmv2] [D] [thread 2172] [2.0] [cxt 0] Action entry is p4src245 - 
[09:15:20.376] [bmv2] [T] [thread 2172] [2.0] [cxt 0] Action p4src245
[09:15:20.376] [bmv2] [T] [thread 2172] [2.0] [cxt 0] /home/p4/projekt/network_telemetry/src/p4src.p4(245) Primitive meta.to_send_to_ipv6 = hdr.srh_end[0]
[09:15:20.376] [bmv2] [T] [thread 2172] [2.0] [cxt 0] Applying table 'MyIngress.forward'
[09:15:20.376] [bmv2] [D] [thread 2172] [2.0] [cxt 0] Looking up key:
* meta.to_send_to_ipv6.Addr0: 00000000000000000000000000010003

[09:15:20.376] [bmv2] [D] [thread 2172] [2.0] [cxt 0] Table 'MyIngress.forward': hit with handle 4
[09:15:20.376] [bmv2] [D] [thread 2172] [2.0] [cxt 0] Dumping entry 4
Match key:
* meta.to_send_to_ipv6.Addr0: EXACT     00000000000000000000000000010003
Action entry: MyIngress.setEgress - 3,

[09:15:20.376] [bmv2] [D] [thread 2172] [2.0] [cxt 0] Action entry is MyIngress.setEgress - 3,
[09:15:20.376] [bmv2] [T] [thread 2172] [2.0] [cxt 0] Action MyIngress.setEgress
[09:15:20.376] [bmv2] [T] [thread 2172] [2.0] [cxt 0] /home/p4/projekt/network_telemetry/src/p4src.p4(185) Primitive standard_metadata.egress_spec = port
[09:15:20.376] [bmv2] [T] [thread 2172] [2.0] [cxt 0] /home/p4/projekt/network_telemetry/src/p4src.p4(251) Condition "meta.have_processed == 1" (node_11) is true
[09:15:20.376] [bmv2] [T] [thread 2172] [2.0] [cxt 0] /home/p4/projekt/network_telemetry/src/p4src.p4(252) Condition "hdr.int_beg.instruction_bitmap & 0b00000000010 != 0" (node_12) is true
[09:15:20.376] [bmv2] [T] [thread 2172] [2.0] [cxt 0] Applying table 'tbl_p4src253'
[09:15:20.376] [bmv2] [D] [thread 2172] [2.0] [cxt 0] Looking up key:

[09:15:20.376] [bmv2] [D] [thread 2172] [2.0] [cxt 0] Table 'tbl_p4src253': miss
[09:15:20.376] [bmv2] [D] [thread 2172] [2.0] [cxt 0] Action entry is p4src253 - 
[09:15:20.376] [bmv2] [T] [thread 2172] [2.0] [cxt 0] Action p4src253
[09:15:20.376] [bmv2] [T] [thread 2172] [2.0] [cxt 0] /home/p4/projekt/network_telemetry/src/p4src.p4(253) Primitive hdr.int_end[0].in_port_id = standard_metadata.ingress_port
[09:15:20.376] [bmv2] [T] [thread 2172] [2.0] [cxt 0] /home/p4/projekt/network_telemetry/src/p4src.p4(255) Condition "hdr.int_beg.instruction_bitmap & 0b00000000100 != 0" (node_14) is true
[09:15:20.376] [bmv2] [T] [thread 2172] [2.0] [cxt 0] Applying table 'tbl_p4src256'
[09:15:20.376] [bmv2] [D] [thread 2172] [2.0] [cxt 0] Looking up key:

[09:15:20.376] [bmv2] [D] [thread 2172] [2.0] [cxt 0] Table 'tbl_p4src256': miss
[09:15:20.376] [bmv2] [D] [thread 2172] [2.0] [cxt 0] Action entry is p4src256 - 
[09:15:20.376] [bmv2] [T] [thread 2172] [2.0] [cxt 0] Action p4src256
[09:15:20.376] [bmv2] [T] [thread 2172] [2.0] [cxt 0] /home/p4/projekt/network_telemetry/src/p4src.p4(256) Primitive hdr.int_end[0].e_port_id = standard_metadata.egress_spec
[09:15:20.376] [bmv2] [D] [thread 2172] [2.0] [cxt 0] Pipeline 'ingress': end
[09:15:20.376] [bmv2] [D] [thread 2172] [2.0] [cxt 0] Egress port is 3
[09:15:20.376] [bmv2] [D] [thread 2176] [2.0] [cxt 0] Pipeline 'egress': start
[09:15:20.376] [bmv2] [T] [thread 2176] [2.0] [cxt 0] /home/p4/projekt/network_telemetry/src/p4src.p4(271) Condition "meta.have_processed == 1" (node_18) is true
[09:15:20.376] [bmv2] [T] [thread 2176] [2.0] [cxt 0] /home/p4/projekt/network_telemetry/src/p4src.p4(272) Condition "hdr.int_beg.instruction_bitmap & 0b00000001000 != 0" (node_19) is true
[09:15:20.376] [bmv2] [T] [thread 2176] [2.0] [cxt 0] Applying table 'tbl_p4src273'
[09:15:20.376] [bmv2] [D] [thread 2176] [2.0] [cxt 0] Looking up key:

[09:15:20.376] [bmv2] [D] [thread 2176] [2.0] [cxt 0] Table 'tbl_p4src273': miss
[09:15:20.376] [bmv2] [D] [thread 2176] [2.0] [cxt 0] Action entry is p4src273 - 
[09:15:20.376] [bmv2] [T] [thread 2176] [2.0] [cxt 0] Action p4src273
[09:15:20.376] [bmv2] [T] [thread 2176] [2.0] [cxt 0] /home/p4/projekt/network_telemetry/src/p4src.p4(273) Primitive hdr.int_end[0].processed_time = standard_metadata.egress_global_timestamp - meta.ingress_timestamp
[09:15:20.376] [bmv2] [D] [thread 2176] [2.0] [cxt 0] Pipeline 'egress': end
[09:15:20.376] [bmv2] [D] [thread 2176] [2.0] [cxt 0] Deparser 'deparser': start
[09:15:20.376] [bmv2] [D] [thread 2176] [2.0] [cxt 0] Deparsing header 'ethernet'
[09:15:20.376] [bmv2] [D] [thread 2176] [2.0] [cxt 0] Deparsing header 'int_beg'
[09:15:20.376] [bmv2] [D] [thread 2176] [2.0] [cxt 0] Deparsing header 'int_end[0]'
[09:15:20.376] [bmv2] [D] [thread 2176] [2.0] [cxt 0] Deparsing header 'int_end[1]'
[09:15:20.376] [bmv2] [D] [thread 2176] [2.0] [cxt 0] Deparsing header 'ipv6'
[09:15:20.376] [bmv2] [D] [thread 2176] [2.0] [cxt 0] Deparsing header 'srh_beg'
[09:15:20.376] [bmv2] [D] [thread 2176] [2.0] [cxt 0] Deparsing header 'srh_end[0]'
[09:15:20.376] [bmv2] [D] [thread 2176] [2.0] [cxt 0] Deparser 'deparser': end
[09:15:20.376] [bmv2] [D] [thread 2177] [2.0] [cxt 0] Transmitting packet of size 102 out of port 3
[09:15:40.332] [bmv2] [D] [thread 2172] [3.0] [cxt 0] Processing packet received on port 1
[09:15:40.332] [bmv2] [D] [thread 2172] [3.0] [cxt 0] Parser 'parser': start
[09:15:40.332] [bmv2] [D] [thread 2172] [3.0] [cxt 0] Parser 'parser' entering state 'start'
[09:15:40.332] [bmv2] [D] [thread 2172] [3.0] [cxt 0] Parser set: setting field 'scalars.metadata._has_int_header1' to 0
[09:15:40.332] [bmv2] [D] [thread 2172] [3.0] [cxt 0] Extracting header 'ethernet'
[09:15:40.332] [bmv2] [D] [thread 2172] [3.0] [cxt 0] Parser state 'start': key is 7fff
[09:15:40.332] [bmv2] [T] [thread 2172] [3.0] [cxt 0] Bytes parsed: 14
[09:15:40.332] [bmv2] [D] [thread 2172] [3.0] [cxt 0] Parser 'parser' entering state 'parse_int_beg'
[09:15:40.332] [bmv2] [D] [thread 2172] [3.0] [cxt 0] Parser set: setting field 'scalars.metadata._has_int_header1' to 1
[09:15:40.332] [bmv2] [D] [thread 2172] [3.0] [cxt 0] Extracting header 'int_beg'
[09:15:40.332] [bmv2] [D] [thread 2172] [3.0] [cxt 0] Parser set: setting field 'scalars.metadata._matadata_to_parse3' from field 'int_beg.hop_ml' (1)
[09:15:40.332] [bmv2] [D] [thread 2172] [3.0] [cxt 0] Parser state 'parse_int_beg': key is 01
[09:15:40.332] [bmv2] [T] [thread 2172] [3.0] [cxt 0] Bytes parsed: 18
[09:15:40.332] [bmv2] [D] [thread 2172] [3.0] [cxt 0] Parser 'parser' entering state 'parse_int_end'
[09:15:40.332] [bmv2] [D] [thread 2172] [3.0] [cxt 0] Extracting to header stack 0, next header is 7
[09:15:40.332] [bmv2] [D] [thread 2172] [3.0] [cxt 0] Parser set: setting field 'scalars.metadata._matadata_to_parse3' from expression, new value is 0
[09:15:40.332] [bmv2] [D] [thread 2172] [3.0] [cxt 0] Parser state 'parse_int_end': key is 00
[09:15:40.332] [bmv2] [T] [thread 2172] [3.0] [cxt 0] Bytes parsed: 28
[09:15:40.332] [bmv2] [D] [thread 2172] [3.0] [cxt 0] Parser 'parser' entering state 'parse_ipv6'
[09:15:40.332] [bmv2] [D] [thread 2172] [3.0] [cxt 0] Extracting header 'ipv6'
[09:15:40.332] [bmv2] [D] [thread 2172] [3.0] [cxt 0] Parser state 'parse_ipv6': key is 01
[09:15:40.332] [bmv2] [T] [thread 2172] [3.0] [cxt 0] Bytes parsed: 68
[09:15:40.332] [bmv2] [D] [thread 2172] [3.0] [cxt 0] Parser 'parser' entering state 'parse_srh_beg'
[09:15:40.332] [bmv2] [D] [thread 2172] [3.0] [cxt 0] Extracting header 'srh_beg'
[09:15:40.332] [bmv2] [D] [thread 2172] [3.0] [cxt 0] Parser set: setting field 'scalars.metadata._segment_list_items_to_parse4' from field 'srh_beg.segments_left' (2)
[09:15:40.332] [bmv2] [D] [thread 2172] [3.0] [cxt 0] Parser state 'parse_srh_beg': key is 02
[09:15:40.332] [bmv2] [T] [thread 2172] [3.0] [cxt 0] Bytes parsed: 76
[09:15:40.332] [bmv2] [D] [thread 2172] [3.0] [cxt 0] Parser 'parser' entering state 'parse_srh_end'
[09:15:40.332] [bmv2] [D] [thread 2172] [3.0] [cxt 0] Extracting to header stack 1, next header is 19
[09:15:40.332] [bmv2] [D] [thread 2172] [3.0] [cxt 0] Parser set: setting field 'scalars.metadata._segment_list_items_to_parse4' from expression, new value is 1
[09:15:40.332] [bmv2] [D] [thread 2172] [3.0] [cxt 0] Parser state 'parse_srh_end': key is 01
[09:15:40.332] [bmv2] [T] [thread 2172] [3.0] [cxt 0] Bytes parsed: 92
[09:15:40.332] [bmv2] [D] [thread 2172] [3.0] [cxt 0] Parser 'parser' entering state 'parse_srh_end'
[09:15:40.332] [bmv2] [D] [thread 2172] [3.0] [cxt 0] Extracting to header stack 1, next header is 20
[09:15:40.332] [bmv2] [D] [thread 2172] [3.0] [cxt 0] Parser set: setting field 'scalars.metadata._segment_list_items_to_parse4' from expression, new value is 0
[09:15:40.332] [bmv2] [D] [thread 2172] [3.0] [cxt 0] Parser state 'parse_srh_end': key is 00
[09:15:40.332] [bmv2] [T] [thread 2172] [3.0] [cxt 0] Bytes parsed: 108
[09:15:40.332] [bmv2] [D] [thread 2172] [3.0] [cxt 0] Parser 'parser': end
[09:15:40.332] [bmv2] [D] [thread 2172] [3.0] [cxt 0] Pipeline 'ingress': start
[09:15:40.332] [bmv2] [T] [thread 2172] [3.0] [cxt 0] Applying table 'tbl_p4src226'
[09:15:40.332] [bmv2] [D] [thread 2172] [3.0] [cxt 0] Looking up key:

[09:15:40.332] [bmv2] [D] [thread 2172] [3.0] [cxt 0] Table 'tbl_p4src226': miss
[09:15:40.332] [bmv2] [D] [thread 2172] [3.0] [cxt 0] Action entry is p4src226 - 
[09:15:40.332] [bmv2] [T] [thread 2172] [3.0] [cxt 0] Action p4src226
[09:15:40.332] [bmv2] [T] [thread 2172] [3.0] [cxt 0] /home/p4/projekt/network_telemetry/src/p4src.p4(226) Primitive meta.ingress_timestamp = standard_metadata.ingress_global_timestamp
[09:15:40.332] [bmv2] [T] [thread 2172] [3.0] [cxt 0] /home/p4/projekt/network_telemetry/src/p4src.p4(227) Primitive meta.have_processed = 0
[09:15:40.332] [bmv2] [T] [thread 2172] [3.0] [cxt 0] /home/p4/projekt/network_telemetry/src/p4src.p4(228) Condition "meta.has_int_header == 1" (node_3) is true
[09:15:40.332] [bmv2] [T] [thread 2172] [3.0] [cxt 0] Applying table 'tbl_p4src215'
[09:15:40.332] [bmv2] [D] [thread 2172] [3.0] [cxt 0] Looking up key:

[09:15:40.332] [bmv2] [D] [thread 2172] [3.0] [cxt 0] Table 'tbl_p4src215': miss
[09:15:40.332] [bmv2] [D] [thread 2172] [3.0] [cxt 0] Action entry is p4src215 - 
[09:15:40.332] [bmv2] [T] [thread 2172] [3.0] [cxt 0] Action p4src215
[09:15:40.332] [bmv2] [T] [thread 2172] [3.0] [cxt 0] /home/p4/projekt/network_telemetry/src/p4src.p4(215) Primitive hdr.srh_end[0]
[09:15:40.332] [bmv2] [T] [thread 2172] [3.0] [cxt 0] Applying table 'MyIngress.add_our_telemetry'
[09:15:40.332] [bmv2] [D] [thread 2172] [3.0] [cxt 0] Looking up key:
* hdr.srh_end[0].addr.Addr0: 00000000000000000000000000010006

[09:15:40.332] [bmv2] [D] [thread 2172] [3.0] [cxt 0] Table 'MyIngress.add_our_telemetry': hit with handle 0
[09:15:40.332] [bmv2] [D] [thread 2172] [3.0] [cxt 0] Dumping entry 0
Match key:
* hdr.srh_end[0].addr.Addr0: EXACT     00000000000000000000000000010006
Action entry: MyIngress.addMetadata - 6,

[09:15:40.332] [bmv2] [D] [thread 2172] [3.0] [cxt 0] Action entry is MyIngress.addMetadata - 6,
[09:15:40.332] [bmv2] [T] [thread 2172] [3.0] [cxt 0] Action MyIngress.addMetadata
[09:15:40.332] [bmv2] [T] [thread 2172] [3.0] [cxt 0] /home/p4/projekt/network_telemetry/src/p4src.p4(201) Primitive hdr.srh_end.pop_front(1)
[09:15:40.332] [bmv2] [T] [thread 2172] [3.0] [cxt 0] /home/p4/projekt/network_telemetry/src/p4src.p4(202) Primitive hdr.srh_beg.segments_left = hdr.srh_beg.segments_left - 1
[09:15:40.332] [bmv2] [T] [thread 2172] [3.0] [cxt 0] /home/p4/projekt/network_telemetry/src/p4src.p4(203) Primitive meta.have_processed = 1
[09:15:40.332] [bmv2] [T] [thread 2172] [3.0] [cxt 0] /home/p4/projekt/network_telemetry/src/p4src.p4(205) Primitive hdr.int_beg.hop_ml = hdr.int_beg.hop_ml + 1
[09:15:40.332] [bmv2] [T] [thread 2172] [3.0] [cxt 0] /home/p4/projekt/network_telemetry/src/p4src.p4(206) Primitive hdr.int_end.push_front(1)
[09:15:40.332] [bmv2] [T] [thread 2172] [3.0] [cxt 0] /home/p4/projekt/network_telemetry/src/p4src.p4(207) Primitive hdr.int_end[0].setValid()
[09:15:40.332] [bmv2] [T] [thread 2172] [3.0] [cxt 0] Primitive (no source info)
[09:15:40.332] [bmv2] [T] [thread 2172] [3.0] [cxt 0] /home/p4/projekt/network_telemetry/src/p4src.p4(236) Condition "hdr.srh_beg.segments_left == 0" (node_6) is false
[09:15:40.332] [bmv2] [T] [thread 2172] [3.0] [cxt 0] Applying table 'tbl_p4src245'
[09:15:40.332] [bmv2] [D] [thread 2172] [3.0] [cxt 0] Looking up key:

[09:15:40.332] [bmv2] [D] [thread 2172] [3.0] [cxt 0] Table 'tbl_p4src245': miss
[09:15:40.332] [bmv2] [D] [thread 2172] [3.0] [cxt 0] Action entry is p4src245 - 
[09:15:40.332] [bmv2] [T] [thread 2172] [3.0] [cxt 0] Action p4src245
[09:15:40.332] [bmv2] [T] [thread 2172] [3.0] [cxt 0] /home/p4/projekt/network_telemetry/src/p4src.p4(245) Primitive meta.to_send_to_ipv6 = hdr.srh_end[0]
[09:15:40.332] [bmv2] [T] [thread 2172] [3.0] [cxt 0] Applying table 'MyIngress.forward'
[09:15:40.332] [bmv2] [D] [thread 2172] [3.0] [cxt 0] Looking up key:
* meta.to_send_to_ipv6.Addr0: 00000000000000000000000000010003

[09:15:40.332] [bmv2] [D] [thread 2172] [3.0] [cxt 0] Table 'MyIngress.forward': hit with handle 4
[09:15:40.332] [bmv2] [D] [thread 2172] [3.0] [cxt 0] Dumping entry 4
Match key:
* meta.to_send_to_ipv6.Addr0: EXACT     00000000000000000000000000010003
Action entry: MyIngress.setEgress - 3,

[09:15:40.332] [bmv2] [D] [thread 2172] [3.0] [cxt 0] Action entry is MyIngress.setEgress - 3,
[09:15:40.332] [bmv2] [T] [thread 2172] [3.0] [cxt 0] Action MyIngress.setEgress
[09:15:40.332] [bmv2] [T] [thread 2172] [3.0] [cxt 0] /home/p4/projekt/network_telemetry/src/p4src.p4(185) Primitive standard_metadata.egress_spec = port
[09:15:40.332] [bmv2] [T] [thread 2172] [3.0] [cxt 0] /home/p4/projekt/network_telemetry/src/p4src.p4(251) Condition "meta.have_processed == 1" (node_11) is true
[09:15:40.332] [bmv2] [T] [thread 2172] [3.0] [cxt 0] /home/p4/projekt/network_telemetry/src/p4src.p4(252) Condition "hdr.int_beg.instruction_bitmap & 0b00000000010 != 0" (node_12) is true
[09:15:40.332] [bmv2] [T] [thread 2172] [3.0] [cxt 0] Applying table 'tbl_p4src253'
[09:15:40.332] [bmv2] [D] [thread 2172] [3.0] [cxt 0] Looking up key:

[09:15:40.332] [bmv2] [D] [thread 2172] [3.0] [cxt 0] Table 'tbl_p4src253': miss
[09:15:40.332] [bmv2] [D] [thread 2172] [3.0] [cxt 0] Action entry is p4src253 - 
[09:15:40.332] [bmv2] [T] [thread 2172] [3.0] [cxt 0] Action p4src253
[09:15:40.332] [bmv2] [T] [thread 2172] [3.0] [cxt 0] /home/p4/projekt/network_telemetry/src/p4src.p4(253) Primitive hdr.int_end[0].in_port_id = standard_metadata.ingress_port
[09:15:40.332] [bmv2] [T] [thread 2172] [3.0] [cxt 0] /home/p4/projekt/network_telemetry/src/p4src.p4(255) Condition "hdr.int_beg.instruction_bitmap & 0b00000000100 != 0" (node_14) is true
[09:15:40.332] [bmv2] [T] [thread 2172] [3.0] [cxt 0] Applying table 'tbl_p4src256'
[09:15:40.333] [bmv2] [D] [thread 2172] [3.0] [cxt 0] Looking up key:

[09:15:40.333] [bmv2] [D] [thread 2172] [3.0] [cxt 0] Table 'tbl_p4src256': miss
[09:15:40.333] [bmv2] [D] [thread 2172] [3.0] [cxt 0] Action entry is p4src256 - 
[09:15:40.333] [bmv2] [T] [thread 2172] [3.0] [cxt 0] Action p4src256
[09:15:40.333] [bmv2] [T] [thread 2172] [3.0] [cxt 0] /home/p4/projekt/network_telemetry/src/p4src.p4(256) Primitive hdr.int_end[0].e_port_id = standard_metadata.egress_spec
[09:15:40.333] [bmv2] [D] [thread 2172] [3.0] [cxt 0] Pipeline 'ingress': end
[09:15:40.333] [bmv2] [D] [thread 2172] [3.0] [cxt 0] Egress port is 3
[09:15:40.333] [bmv2] [D] [thread 2176] [3.0] [cxt 0] Pipeline 'egress': start
[09:15:40.333] [bmv2] [T] [thread 2176] [3.0] [cxt 0] /home/p4/projekt/network_telemetry/src/p4src.p4(271) Condition "meta.have_processed == 1" (node_18) is true
[09:15:40.333] [bmv2] [T] [thread 2176] [3.0] [cxt 0] /home/p4/projekt/network_telemetry/src/p4src.p4(272) Condition "hdr.int_beg.instruction_bitmap & 0b00000001000 != 0" (node_19) is true
[09:15:40.333] [bmv2] [T] [thread 2176] [3.0] [cxt 0] Applying table 'tbl_p4src273'
[09:15:40.333] [bmv2] [D] [thread 2176] [3.0] [cxt 0] Looking up key:

[09:15:40.333] [bmv2] [D] [thread 2176] [3.0] [cxt 0] Table 'tbl_p4src273': miss
[09:15:40.333] [bmv2] [D] [thread 2176] [3.0] [cxt 0] Action entry is p4src273 - 
[09:15:40.333] [bmv2] [T] [thread 2176] [3.0] [cxt 0] Action p4src273
[09:15:40.333] [bmv2] [T] [thread 2176] [3.0] [cxt 0] /home/p4/projekt/network_telemetry/src/p4src.p4(273) Primitive hdr.int_end[0].processed_time = standard_metadata.egress_global_timestamp - meta.ingress_timestamp
[09:15:40.333] [bmv2] [D] [thread 2176] [3.0] [cxt 0] Pipeline 'egress': end
[09:15:40.333] [bmv2] [D] [thread 2176] [3.0] [cxt 0] Deparser 'deparser': start
[09:15:40.333] [bmv2] [D] [thread 2176] [3.0] [cxt 0] Deparsing header 'ethernet'
[09:15:40.333] [bmv2] [D] [thread 2176] [3.0] [cxt 0] Deparsing header 'int_beg'
[09:15:40.333] [bmv2] [D] [thread 2176] [3.0] [cxt 0] Deparsing header 'int_end[0]'
[09:15:40.333] [bmv2] [D] [thread 2176] [3.0] [cxt 0] Deparsing header 'int_end[1]'
[09:15:40.333] [bmv2] [D] [thread 2176] [3.0] [cxt 0] Deparsing header 'ipv6'
[09:15:40.333] [bmv2] [D] [thread 2176] [3.0] [cxt 0] Deparsing header 'srh_beg'
[09:15:40.333] [bmv2] [D] [thread 2176] [3.0] [cxt 0] Deparsing header 'srh_end[0]'
[09:15:40.333] [bmv2] [D] [thread 2176] [3.0] [cxt 0] Deparser 'deparser': end
[09:15:40.333] [bmv2] [D] [thread 2177] [3.0] [cxt 0] Transmitting packet of size 102 out of port 3
[09:15:57.239] [bmv2] [D] [thread 2172] [4.0] [cxt 0] Processing packet received on port 1
[09:15:57.239] [bmv2] [D] [thread 2172] [4.0] [cxt 0] Parser 'parser': start
[09:15:57.239] [bmv2] [D] [thread 2172] [4.0] [cxt 0] Parser 'parser' entering state 'start'
[09:15:57.239] [bmv2] [D] [thread 2172] [4.0] [cxt 0] Parser set: setting field 'scalars.metadata._has_int_header1' to 0
[09:15:57.239] [bmv2] [D] [thread 2172] [4.0] [cxt 0] Extracting header 'ethernet'
[09:15:57.239] [bmv2] [D] [thread 2172] [4.0] [cxt 0] Parser state 'start': key is 7fff
[09:15:57.239] [bmv2] [T] [thread 2172] [4.0] [cxt 0] Bytes parsed: 14
[09:15:57.239] [bmv2] [D] [thread 2172] [4.0] [cxt 0] Parser 'parser' entering state 'parse_int_beg'
[09:15:57.239] [bmv2] [D] [thread 2172] [4.0] [cxt 0] Parser set: setting field 'scalars.metadata._has_int_header1' to 1
[09:15:57.239] [bmv2] [D] [thread 2172] [4.0] [cxt 0] Extracting header 'int_beg'
[09:15:57.239] [bmv2] [D] [thread 2172] [4.0] [cxt 0] Parser set: setting field 'scalars.metadata._matadata_to_parse3' from field 'int_beg.hop_ml' (1)
[09:15:57.239] [bmv2] [D] [thread 2172] [4.0] [cxt 0] Parser state 'parse_int_beg': key is 01
[09:15:57.239] [bmv2] [T] [thread 2172] [4.0] [cxt 0] Bytes parsed: 18
[09:15:57.239] [bmv2] [D] [thread 2172] [4.0] [cxt 0] Parser 'parser' entering state 'parse_int_end'
[09:15:57.239] [bmv2] [D] [thread 2172] [4.0] [cxt 0] Extracting to header stack 0, next header is 7
[09:15:57.239] [bmv2] [D] [thread 2172] [4.0] [cxt 0] Parser set: setting field 'scalars.metadata._matadata_to_parse3' from expression, new value is 0
[09:15:57.239] [bmv2] [D] [thread 2172] [4.0] [cxt 0] Parser state 'parse_int_end': key is 00
[09:15:57.239] [bmv2] [T] [thread 2172] [4.0] [cxt 0] Bytes parsed: 28
[09:15:57.239] [bmv2] [D] [thread 2172] [4.0] [cxt 0] Parser 'parser' entering state 'parse_ipv6'
[09:15:57.239] [bmv2] [D] [thread 2172] [4.0] [cxt 0] Extracting header 'ipv6'
[09:15:57.239] [bmv2] [D] [thread 2172] [4.0] [cxt 0] Parser state 'parse_ipv6': key is 01
[09:15:57.239] [bmv2] [T] [thread 2172] [4.0] [cxt 0] Bytes parsed: 68
[09:15:57.239] [bmv2] [D] [thread 2172] [4.0] [cxt 0] Parser 'parser' entering state 'parse_srh_beg'
[09:15:57.239] [bmv2] [D] [thread 2172] [4.0] [cxt 0] Extracting header 'srh_beg'
[09:15:57.239] [bmv2] [D] [thread 2172] [4.0] [cxt 0] Parser set: setting field 'scalars.metadata._segment_list_items_to_parse4' from field 'srh_beg.segments_left' (2)
[09:15:57.239] [bmv2] [D] [thread 2172] [4.0] [cxt 0] Parser state 'parse_srh_beg': key is 02
[09:15:57.239] [bmv2] [T] [thread 2172] [4.0] [cxt 0] Bytes parsed: 76
[09:15:57.239] [bmv2] [D] [thread 2172] [4.0] [cxt 0] Parser 'parser' entering state 'parse_srh_end'
[09:15:57.239] [bmv2] [D] [thread 2172] [4.0] [cxt 0] Extracting to header stack 1, next header is 19
[09:15:57.239] [bmv2] [D] [thread 2172] [4.0] [cxt 0] Parser set: setting field 'scalars.metadata._segment_list_items_to_parse4' from expression, new value is 1
[09:15:57.239] [bmv2] [D] [thread 2172] [4.0] [cxt 0] Parser state 'parse_srh_end': key is 01
[09:15:57.239] [bmv2] [T] [thread 2172] [4.0] [cxt 0] Bytes parsed: 92
[09:15:57.239] [bmv2] [D] [thread 2172] [4.0] [cxt 0] Parser 'parser' entering state 'parse_srh_end'
[09:15:57.239] [bmv2] [D] [thread 2172] [4.0] [cxt 0] Extracting to header stack 1, next header is 20
[09:15:57.239] [bmv2] [D] [thread 2172] [4.0] [cxt 0] Parser set: setting field 'scalars.metadata._segment_list_items_to_parse4' from expression, new value is 0
[09:15:57.239] [bmv2] [D] [thread 2172] [4.0] [cxt 0] Parser state 'parse_srh_end': key is 00
[09:15:57.239] [bmv2] [T] [thread 2172] [4.0] [cxt 0] Bytes parsed: 108
[09:15:57.239] [bmv2] [D] [thread 2172] [4.0] [cxt 0] Parser 'parser': end
[09:15:57.239] [bmv2] [D] [thread 2172] [4.0] [cxt 0] Pipeline 'ingress': start
[09:15:57.239] [bmv2] [T] [thread 2172] [4.0] [cxt 0] Applying table 'tbl_p4src226'
[09:15:57.239] [bmv2] [D] [thread 2172] [4.0] [cxt 0] Looking up key:

[09:15:57.239] [bmv2] [D] [thread 2172] [4.0] [cxt 0] Table 'tbl_p4src226': miss
[09:15:57.239] [bmv2] [D] [thread 2172] [4.0] [cxt 0] Action entry is p4src226 - 
[09:15:57.239] [bmv2] [T] [thread 2172] [4.0] [cxt 0] Action p4src226
[09:15:57.239] [bmv2] [T] [thread 2172] [4.0] [cxt 0] /home/p4/projekt/network_telemetry/src/p4src.p4(226) Primitive meta.ingress_timestamp = standard_metadata.ingress_global_timestamp
[09:15:57.239] [bmv2] [T] [thread 2172] [4.0] [cxt 0] /home/p4/projekt/network_telemetry/src/p4src.p4(227) Primitive meta.have_processed = 0
[09:15:57.239] [bmv2] [T] [thread 2172] [4.0] [cxt 0] /home/p4/projekt/network_telemetry/src/p4src.p4(228) Condition "meta.has_int_header == 1" (node_3) is true
[09:15:57.239] [bmv2] [T] [thread 2172] [4.0] [cxt 0] Applying table 'tbl_p4src215'
[09:15:57.239] [bmv2] [D] [thread 2172] [4.0] [cxt 0] Looking up key:

[09:15:57.239] [bmv2] [D] [thread 2172] [4.0] [cxt 0] Table 'tbl_p4src215': miss
[09:15:57.239] [bmv2] [D] [thread 2172] [4.0] [cxt 0] Action entry is p4src215 - 
[09:15:57.239] [bmv2] [T] [thread 2172] [4.0] [cxt 0] Action p4src215
[09:15:57.239] [bmv2] [T] [thread 2172] [4.0] [cxt 0] /home/p4/projekt/network_telemetry/src/p4src.p4(215) Primitive hdr.srh_end[0]
[09:15:57.239] [bmv2] [T] [thread 2172] [4.0] [cxt 0] Applying table 'MyIngress.add_our_telemetry'
[09:15:57.239] [bmv2] [D] [thread 2172] [4.0] [cxt 0] Looking up key:
* hdr.srh_end[0].addr.Addr0: 00000000000000000000000000010006

[09:15:57.239] [bmv2] [D] [thread 2172] [4.0] [cxt 0] Table 'MyIngress.add_our_telemetry': hit with handle 0
[09:15:57.239] [bmv2] [D] [thread 2172] [4.0] [cxt 0] Dumping entry 0
Match key:
* hdr.srh_end[0].addr.Addr0: EXACT     00000000000000000000000000010006
Action entry: MyIngress.addMetadata - 6,

[09:15:57.239] [bmv2] [D] [thread 2172] [4.0] [cxt 0] Action entry is MyIngress.addMetadata - 6,
[09:15:57.239] [bmv2] [T] [thread 2172] [4.0] [cxt 0] Action MyIngress.addMetadata
[09:15:57.239] [bmv2] [T] [thread 2172] [4.0] [cxt 0] /home/p4/projekt/network_telemetry/src/p4src.p4(201) Primitive hdr.srh_end.pop_front(1)
[09:15:57.239] [bmv2] [T] [thread 2172] [4.0] [cxt 0] /home/p4/projekt/network_telemetry/src/p4src.p4(202) Primitive hdr.srh_beg.segments_left = hdr.srh_beg.segments_left - 1
[09:15:57.239] [bmv2] [T] [thread 2172] [4.0] [cxt 0] /home/p4/projekt/network_telemetry/src/p4src.p4(203) Primitive meta.have_processed = 1
[09:15:57.239] [bmv2] [T] [thread 2172] [4.0] [cxt 0] /home/p4/projekt/network_telemetry/src/p4src.p4(205) Primitive hdr.int_beg.hop_ml = hdr.int_beg.hop_ml + 1
[09:15:57.239] [bmv2] [T] [thread 2172] [4.0] [cxt 0] /home/p4/projekt/network_telemetry/src/p4src.p4(206) Primitive hdr.int_end.push_front(1)
[09:15:57.239] [bmv2] [T] [thread 2172] [4.0] [cxt 0] /home/p4/projekt/network_telemetry/src/p4src.p4(207) Primitive hdr.int_end[0].setValid()
[09:15:57.239] [bmv2] [T] [thread 2172] [4.0] [cxt 0] Primitive (no source info)
[09:15:57.239] [bmv2] [T] [thread 2172] [4.0] [cxt 0] /home/p4/projekt/network_telemetry/src/p4src.p4(236) Condition "hdr.srh_beg.segments_left == 0" (node_6) is false
[09:15:57.239] [bmv2] [T] [thread 2172] [4.0] [cxt 0] Applying table 'tbl_p4src245'
[09:15:57.239] [bmv2] [D] [thread 2172] [4.0] [cxt 0] Looking up key:

[09:15:57.239] [bmv2] [D] [thread 2172] [4.0] [cxt 0] Table 'tbl_p4src245': miss
[09:15:57.239] [bmv2] [D] [thread 2172] [4.0] [cxt 0] Action entry is p4src245 - 
[09:15:57.239] [bmv2] [T] [thread 2172] [4.0] [cxt 0] Action p4src245
[09:15:57.239] [bmv2] [T] [thread 2172] [4.0] [cxt 0] /home/p4/projekt/network_telemetry/src/p4src.p4(245) Primitive meta.to_send_to_ipv6 = hdr.srh_end[0]
[09:15:57.239] [bmv2] [T] [thread 2172] [4.0] [cxt 0] Applying table 'MyIngress.forward'
[09:15:57.239] [bmv2] [D] [thread 2172] [4.0] [cxt 0] Looking up key:
* meta.to_send_to_ipv6.Addr0: 00000000000000000000000000010003

[09:15:57.239] [bmv2] [D] [thread 2172] [4.0] [cxt 0] Table 'MyIngress.forward': hit with handle 4
[09:15:57.239] [bmv2] [D] [thread 2172] [4.0] [cxt 0] Dumping entry 4
Match key:
* meta.to_send_to_ipv6.Addr0: EXACT     00000000000000000000000000010003
Action entry: MyIngress.setEgress - 3,

[09:15:57.239] [bmv2] [D] [thread 2172] [4.0] [cxt 0] Action entry is MyIngress.setEgress - 3,
[09:15:57.239] [bmv2] [T] [thread 2172] [4.0] [cxt 0] Action MyIngress.setEgress
[09:15:57.239] [bmv2] [T] [thread 2172] [4.0] [cxt 0] /home/p4/projekt/network_telemetry/src/p4src.p4(185) Primitive standard_metadata.egress_spec = port
[09:15:57.240] [bmv2] [T] [thread 2172] [4.0] [cxt 0] /home/p4/projekt/network_telemetry/src/p4src.p4(251) Condition "meta.have_processed == 1" (node_11) is true
[09:15:57.240] [bmv2] [T] [thread 2172] [4.0] [cxt 0] /home/p4/projekt/network_telemetry/src/p4src.p4(252) Condition "hdr.int_beg.instruction_bitmap & 0b00000000010 != 0" (node_12) is true
[09:15:57.240] [bmv2] [T] [thread 2172] [4.0] [cxt 0] Applying table 'tbl_p4src253'
[09:15:57.240] [bmv2] [D] [thread 2172] [4.0] [cxt 0] Looking up key:

[09:15:57.240] [bmv2] [D] [thread 2172] [4.0] [cxt 0] Table 'tbl_p4src253': miss
[09:15:57.240] [bmv2] [D] [thread 2172] [4.0] [cxt 0] Action entry is p4src253 - 
[09:15:57.240] [bmv2] [T] [thread 2172] [4.0] [cxt 0] Action p4src253
[09:15:57.240] [bmv2] [T] [thread 2172] [4.0] [cxt 0] /home/p4/projekt/network_telemetry/src/p4src.p4(253) Primitive hdr.int_end[0].in_port_id = standard_metadata.ingress_port
[09:15:57.240] [bmv2] [T] [thread 2172] [4.0] [cxt 0] /home/p4/projekt/network_telemetry/src/p4src.p4(255) Condition "hdr.int_beg.instruction_bitmap & 0b00000000100 != 0" (node_14) is true
[09:15:57.240] [bmv2] [T] [thread 2172] [4.0] [cxt 0] Applying table 'tbl_p4src256'
[09:15:57.240] [bmv2] [D] [thread 2172] [4.0] [cxt 0] Looking up key:

[09:15:57.240] [bmv2] [D] [thread 2172] [4.0] [cxt 0] Table 'tbl_p4src256': miss
[09:15:57.240] [bmv2] [D] [thread 2172] [4.0] [cxt 0] Action entry is p4src256 - 
[09:15:57.240] [bmv2] [T] [thread 2172] [4.0] [cxt 0] Action p4src256
[09:15:57.240] [bmv2] [T] [thread 2172] [4.0] [cxt 0] /home/p4/projekt/network_telemetry/src/p4src.p4(256) Primitive hdr.int_end[0].e_port_id = standard_metadata.egress_spec
[09:15:57.240] [bmv2] [D] [thread 2172] [4.0] [cxt 0] Pipeline 'ingress': end
[09:15:57.240] [bmv2] [D] [thread 2172] [4.0] [cxt 0] Egress port is 3
[09:15:57.240] [bmv2] [D] [thread 2176] [4.0] [cxt 0] Pipeline 'egress': start
[09:15:57.240] [bmv2] [T] [thread 2176] [4.0] [cxt 0] /home/p4/projekt/network_telemetry/src/p4src.p4(271) Condition "meta.have_processed == 1" (node_18) is true
[09:15:57.240] [bmv2] [T] [thread 2176] [4.0] [cxt 0] /home/p4/projekt/network_telemetry/src/p4src.p4(272) Condition "hdr.int_beg.instruction_bitmap & 0b00000001000 != 0" (node_19) is true
[09:15:57.240] [bmv2] [T] [thread 2176] [4.0] [cxt 0] Applying table 'tbl_p4src273'
[09:15:57.240] [bmv2] [D] [thread 2176] [4.0] [cxt 0] Looking up key:

[09:15:57.240] [bmv2] [D] [thread 2176] [4.0] [cxt 0] Table 'tbl_p4src273': miss
[09:15:57.240] [bmv2] [D] [thread 2176] [4.0] [cxt 0] Action entry is p4src273 - 
[09:15:57.240] [bmv2] [T] [thread 2176] [4.0] [cxt 0] Action p4src273
[09:15:57.240] [bmv2] [T] [thread 2176] [4.0] [cxt 0] /home/p4/projekt/network_telemetry/src/p4src.p4(273) Primitive hdr.int_end[0].processed_time = standard_metadata.egress_global_timestamp - meta.ingress_timestamp
[09:15:57.240] [bmv2] [D] [thread 2176] [4.0] [cxt 0] Pipeline 'egress': end
[09:15:57.240] [bmv2] [D] [thread 2176] [4.0] [cxt 0] Deparser 'deparser': start
[09:15:57.240] [bmv2] [D] [thread 2176] [4.0] [cxt 0] Deparsing header 'ethernet'
[09:15:57.240] [bmv2] [D] [thread 2176] [4.0] [cxt 0] Deparsing header 'int_beg'
[09:15:57.240] [bmv2] [D] [thread 2176] [4.0] [cxt 0] Deparsing header 'int_end[0]'
[09:15:57.240] [bmv2] [D] [thread 2176] [4.0] [cxt 0] Deparsing header 'int_end[1]'
[09:15:57.240] [bmv2] [D] [thread 2176] [4.0] [cxt 0] Deparsing header 'ipv6'
[09:15:57.240] [bmv2] [D] [thread 2176] [4.0] [cxt 0] Deparsing header 'srh_beg'
[09:15:57.240] [bmv2] [D] [thread 2176] [4.0] [cxt 0] Deparsing header 'srh_end[0]'
[09:15:57.240] [bmv2] [D] [thread 2176] [4.0] [cxt 0] Deparser 'deparser': end
[09:15:57.240] [bmv2] [D] [thread 2177] [4.0] [cxt 0] Transmitting packet of size 102 out of port 3
[09:16:13.531] [bmv2] [D] [thread 2172] [5.0] [cxt 0] Processing packet received on port 1
[09:16:13.531] [bmv2] [D] [thread 2172] [5.0] [cxt 0] Parser 'parser': start
[09:16:13.531] [bmv2] [D] [thread 2172] [5.0] [cxt 0] Parser 'parser' entering state 'start'
[09:16:13.531] [bmv2] [D] [thread 2172] [5.0] [cxt 0] Parser set: setting field 'scalars.metadata._has_int_header1' to 0
[09:16:13.531] [bmv2] [D] [thread 2172] [5.0] [cxt 0] Extracting header 'ethernet'
[09:16:13.531] [bmv2] [D] [thread 2172] [5.0] [cxt 0] Parser state 'start': key is 7fff
[09:16:13.531] [bmv2] [T] [thread 2172] [5.0] [cxt 0] Bytes parsed: 14
[09:16:13.531] [bmv2] [D] [thread 2172] [5.0] [cxt 0] Parser 'parser' entering state 'parse_int_beg'
[09:16:13.531] [bmv2] [D] [thread 2172] [5.0] [cxt 0] Parser set: setting field 'scalars.metadata._has_int_header1' to 1
[09:16:13.531] [bmv2] [D] [thread 2172] [5.0] [cxt 0] Extracting header 'int_beg'
[09:16:13.531] [bmv2] [D] [thread 2172] [5.0] [cxt 0] Parser set: setting field 'scalars.metadata._matadata_to_parse3' from field 'int_beg.hop_ml' (1)
[09:16:13.531] [bmv2] [D] [thread 2172] [5.0] [cxt 0] Parser state 'parse_int_beg': key is 01
[09:16:13.531] [bmv2] [T] [thread 2172] [5.0] [cxt 0] Bytes parsed: 18
[09:16:13.531] [bmv2] [D] [thread 2172] [5.0] [cxt 0] Parser 'parser' entering state 'parse_int_end'
[09:16:13.531] [bmv2] [D] [thread 2172] [5.0] [cxt 0] Extracting to header stack 0, next header is 7
[09:16:13.531] [bmv2] [D] [thread 2172] [5.0] [cxt 0] Parser set: setting field 'scalars.metadata._matadata_to_parse3' from expression, new value is 0
[09:16:13.531] [bmv2] [D] [thread 2172] [5.0] [cxt 0] Parser state 'parse_int_end': key is 00
[09:16:13.531] [bmv2] [T] [thread 2172] [5.0] [cxt 0] Bytes parsed: 28
[09:16:13.531] [bmv2] [D] [thread 2172] [5.0] [cxt 0] Parser 'parser' entering state 'parse_ipv6'
[09:16:13.531] [bmv2] [D] [thread 2172] [5.0] [cxt 0] Extracting header 'ipv6'
[09:16:13.531] [bmv2] [D] [thread 2172] [5.0] [cxt 0] Parser state 'parse_ipv6': key is 01
[09:16:13.531] [bmv2] [T] [thread 2172] [5.0] [cxt 0] Bytes parsed: 68
[09:16:13.531] [bmv2] [D] [thread 2172] [5.0] [cxt 0] Parser 'parser' entering state 'parse_srh_beg'
[09:16:13.531] [bmv2] [D] [thread 2172] [5.0] [cxt 0] Extracting header 'srh_beg'
[09:16:13.531] [bmv2] [D] [thread 2172] [5.0] [cxt 0] Parser set: setting field 'scalars.metadata._segment_list_items_to_parse4' from field 'srh_beg.segments_left' (2)
[09:16:13.531] [bmv2] [D] [thread 2172] [5.0] [cxt 0] Parser state 'parse_srh_beg': key is 02
[09:16:13.531] [bmv2] [T] [thread 2172] [5.0] [cxt 0] Bytes parsed: 76
[09:16:13.531] [bmv2] [D] [thread 2172] [5.0] [cxt 0] Parser 'parser' entering state 'parse_srh_end'
[09:16:13.531] [bmv2] [D] [thread 2172] [5.0] [cxt 0] Extracting to header stack 1, next header is 19
[09:16:13.531] [bmv2] [D] [thread 2172] [5.0] [cxt 0] Parser set: setting field 'scalars.metadata._segment_list_items_to_parse4' from expression, new value is 1
[09:16:13.531] [bmv2] [D] [thread 2172] [5.0] [cxt 0] Parser state 'parse_srh_end': key is 01
[09:16:13.531] [bmv2] [T] [thread 2172] [5.0] [cxt 0] Bytes parsed: 92
[09:16:13.531] [bmv2] [D] [thread 2172] [5.0] [cxt 0] Parser 'parser' entering state 'parse_srh_end'
[09:16:13.531] [bmv2] [D] [thread 2172] [5.0] [cxt 0] Extracting to header stack 1, next header is 20
[09:16:13.531] [bmv2] [D] [thread 2172] [5.0] [cxt 0] Parser set: setting field 'scalars.metadata._segment_list_items_to_parse4' from expression, new value is 0
[09:16:13.531] [bmv2] [D] [thread 2172] [5.0] [cxt 0] Parser state 'parse_srh_end': key is 00
[09:16:13.531] [bmv2] [T] [thread 2172] [5.0] [cxt 0] Bytes parsed: 108
[09:16:13.531] [bmv2] [D] [thread 2172] [5.0] [cxt 0] Parser 'parser': end
[09:16:13.531] [bmv2] [D] [thread 2172] [5.0] [cxt 0] Pipeline 'ingress': start
[09:16:13.531] [bmv2] [T] [thread 2172] [5.0] [cxt 0] Applying table 'tbl_p4src226'
[09:16:13.531] [bmv2] [D] [thread 2172] [5.0] [cxt 0] Looking up key:

[09:16:13.531] [bmv2] [D] [thread 2172] [5.0] [cxt 0] Table 'tbl_p4src226': miss
[09:16:13.531] [bmv2] [D] [thread 2172] [5.0] [cxt 0] Action entry is p4src226 - 
[09:16:13.531] [bmv2] [T] [thread 2172] [5.0] [cxt 0] Action p4src226
[09:16:13.531] [bmv2] [T] [thread 2172] [5.0] [cxt 0] /home/p4/projekt/network_telemetry/src/p4src.p4(226) Primitive meta.ingress_timestamp = standard_metadata.ingress_global_timestamp
[09:16:13.531] [bmv2] [T] [thread 2172] [5.0] [cxt 0] /home/p4/projekt/network_telemetry/src/p4src.p4(227) Primitive meta.have_processed = 0
[09:16:13.531] [bmv2] [T] [thread 2172] [5.0] [cxt 0] /home/p4/projekt/network_telemetry/src/p4src.p4(228) Condition "meta.has_int_header == 1" (node_3) is true
[09:16:13.531] [bmv2] [T] [thread 2172] [5.0] [cxt 0] Applying table 'tbl_p4src215'
[09:16:13.531] [bmv2] [D] [thread 2172] [5.0] [cxt 0] Looking up key:

[09:16:13.531] [bmv2] [D] [thread 2172] [5.0] [cxt 0] Table 'tbl_p4src215': miss
[09:16:13.531] [bmv2] [D] [thread 2172] [5.0] [cxt 0] Action entry is p4src215 - 
[09:16:13.531] [bmv2] [T] [thread 2172] [5.0] [cxt 0] Action p4src215
[09:16:13.531] [bmv2] [T] [thread 2172] [5.0] [cxt 0] /home/p4/projekt/network_telemetry/src/p4src.p4(215) Primitive hdr.srh_end[0]
[09:16:13.531] [bmv2] [T] [thread 2172] [5.0] [cxt 0] Applying table 'MyIngress.add_our_telemetry'
[09:16:13.531] [bmv2] [D] [thread 2172] [5.0] [cxt 0] Looking up key:
* hdr.srh_end[0].addr.Addr0: 00000000000000000000000000010006

[09:16:13.531] [bmv2] [D] [thread 2172] [5.0] [cxt 0] Table 'MyIngress.add_our_telemetry': hit with handle 0
[09:16:13.531] [bmv2] [D] [thread 2172] [5.0] [cxt 0] Dumping entry 0
Match key:
* hdr.srh_end[0].addr.Addr0: EXACT     00000000000000000000000000010006
Action entry: MyIngress.addMetadata - 6,

[09:16:13.531] [bmv2] [D] [thread 2172] [5.0] [cxt 0] Action entry is MyIngress.addMetadata - 6,
[09:16:13.531] [bmv2] [T] [thread 2172] [5.0] [cxt 0] Action MyIngress.addMetadata
[09:16:13.531] [bmv2] [T] [thread 2172] [5.0] [cxt 0] /home/p4/projekt/network_telemetry/src/p4src.p4(201) Primitive hdr.srh_end.pop_front(1)
[09:16:13.531] [bmv2] [T] [thread 2172] [5.0] [cxt 0] /home/p4/projekt/network_telemetry/src/p4src.p4(202) Primitive hdr.srh_beg.segments_left = hdr.srh_beg.segments_left - 1
[09:16:13.531] [bmv2] [T] [thread 2172] [5.0] [cxt 0] /home/p4/projekt/network_telemetry/src/p4src.p4(203) Primitive meta.have_processed = 1
[09:16:13.531] [bmv2] [T] [thread 2172] [5.0] [cxt 0] /home/p4/projekt/network_telemetry/src/p4src.p4(205) Primitive hdr.int_beg.hop_ml = hdr.int_beg.hop_ml + 1
[09:16:13.531] [bmv2] [T] [thread 2172] [5.0] [cxt 0] /home/p4/projekt/network_telemetry/src/p4src.p4(206) Primitive hdr.int_end.push_front(1)
[09:16:13.531] [bmv2] [T] [thread 2172] [5.0] [cxt 0] /home/p4/projekt/network_telemetry/src/p4src.p4(207) Primitive hdr.int_end[0].setValid()
[09:16:13.531] [bmv2] [T] [thread 2172] [5.0] [cxt 0] Primitive (no source info)
[09:16:13.531] [bmv2] [T] [thread 2172] [5.0] [cxt 0] /home/p4/projekt/network_telemetry/src/p4src.p4(236) Condition "hdr.srh_beg.segments_left == 0" (node_6) is false
[09:16:13.531] [bmv2] [T] [thread 2172] [5.0] [cxt 0] Applying table 'tbl_p4src245'
[09:16:13.531] [bmv2] [D] [thread 2172] [5.0] [cxt 0] Looking up key:

[09:16:13.531] [bmv2] [D] [thread 2172] [5.0] [cxt 0] Table 'tbl_p4src245': miss
[09:16:13.531] [bmv2] [D] [thread 2172] [5.0] [cxt 0] Action entry is p4src245 - 
[09:16:13.531] [bmv2] [T] [thread 2172] [5.0] [cxt 0] Action p4src245
[09:16:13.531] [bmv2] [T] [thread 2172] [5.0] [cxt 0] /home/p4/projekt/network_telemetry/src/p4src.p4(245) Primitive meta.to_send_to_ipv6 = hdr.srh_end[0]
[09:16:13.531] [bmv2] [T] [thread 2172] [5.0] [cxt 0] Applying table 'MyIngress.forward'
[09:16:13.531] [bmv2] [D] [thread 2172] [5.0] [cxt 0] Looking up key:
* meta.to_send_to_ipv6.Addr0: 00000000000000000000000000010003

[09:16:13.531] [bmv2] [D] [thread 2172] [5.0] [cxt 0] Table 'MyIngress.forward': hit with handle 4
[09:16:13.531] [bmv2] [D] [thread 2172] [5.0] [cxt 0] Dumping entry 4
Match key:
* meta.to_send_to_ipv6.Addr0: EXACT     00000000000000000000000000010003
Action entry: MyIngress.setEgress - 3,

[09:16:13.531] [bmv2] [D] [thread 2172] [5.0] [cxt 0] Action entry is MyIngress.setEgress - 3,
[09:16:13.531] [bmv2] [T] [thread 2172] [5.0] [cxt 0] Action MyIngress.setEgress
[09:16:13.531] [bmv2] [T] [thread 2172] [5.0] [cxt 0] /home/p4/projekt/network_telemetry/src/p4src.p4(185) Primitive standard_metadata.egress_spec = port
[09:16:13.531] [bmv2] [T] [thread 2172] [5.0] [cxt 0] /home/p4/projekt/network_telemetry/src/p4src.p4(251) Condition "meta.have_processed == 1" (node_11) is true
[09:16:13.531] [bmv2] [T] [thread 2172] [5.0] [cxt 0] /home/p4/projekt/network_telemetry/src/p4src.p4(252) Condition "hdr.int_beg.instruction_bitmap & 0b00000000010 != 0" (node_12) is true
[09:16:13.531] [bmv2] [T] [thread 2172] [5.0] [cxt 0] Applying table 'tbl_p4src253'
[09:16:13.531] [bmv2] [D] [thread 2172] [5.0] [cxt 0] Looking up key:

[09:16:13.531] [bmv2] [D] [thread 2172] [5.0] [cxt 0] Table 'tbl_p4src253': miss
[09:16:13.531] [bmv2] [D] [thread 2172] [5.0] [cxt 0] Action entry is p4src253 - 
[09:16:13.531] [bmv2] [T] [thread 2172] [5.0] [cxt 0] Action p4src253
[09:16:13.531] [bmv2] [T] [thread 2172] [5.0] [cxt 0] /home/p4/projekt/network_telemetry/src/p4src.p4(253) Primitive hdr.int_end[0].in_port_id = standard_metadata.ingress_port
[09:16:13.531] [bmv2] [T] [thread 2172] [5.0] [cxt 0] /home/p4/projekt/network_telemetry/src/p4src.p4(255) Condition "hdr.int_beg.instruction_bitmap & 0b00000000100 != 0" (node_14) is true
[09:16:13.532] [bmv2] [T] [thread 2172] [5.0] [cxt 0] Applying table 'tbl_p4src256'
[09:16:13.532] [bmv2] [D] [thread 2172] [5.0] [cxt 0] Looking up key:

[09:16:13.532] [bmv2] [D] [thread 2172] [5.0] [cxt 0] Table 'tbl_p4src256': miss
[09:16:13.532] [bmv2] [D] [thread 2172] [5.0] [cxt 0] Action entry is p4src256 - 
[09:16:13.532] [bmv2] [T] [thread 2172] [5.0] [cxt 0] Action p4src256
[09:16:13.532] [bmv2] [T] [thread 2172] [5.0] [cxt 0] /home/p4/projekt/network_telemetry/src/p4src.p4(256) Primitive hdr.int_end[0].e_port_id = standard_metadata.egress_spec
[09:16:13.532] [bmv2] [D] [thread 2172] [5.0] [cxt 0] Pipeline 'ingress': end
[09:16:13.532] [bmv2] [D] [thread 2172] [5.0] [cxt 0] Egress port is 3
[09:16:13.532] [bmv2] [D] [thread 2176] [5.0] [cxt 0] Pipeline 'egress': start
[09:16:13.532] [bmv2] [T] [thread 2176] [5.0] [cxt 0] /home/p4/projekt/network_telemetry/src/p4src.p4(271) Condition "meta.have_processed == 1" (node_18) is true
[09:16:13.532] [bmv2] [T] [thread 2176] [5.0] [cxt 0] /home/p4/projekt/network_telemetry/src/p4src.p4(272) Condition "hdr.int_beg.instruction_bitmap & 0b00000001000 != 0" (node_19) is true
[09:16:13.532] [bmv2] [T] [thread 2176] [5.0] [cxt 0] Applying table 'tbl_p4src273'
[09:16:13.532] [bmv2] [D] [thread 2176] [5.0] [cxt 0] Looking up key:

[09:16:13.532] [bmv2] [D] [thread 2176] [5.0] [cxt 0] Table 'tbl_p4src273': miss
[09:16:13.532] [bmv2] [D] [thread 2176] [5.0] [cxt 0] Action entry is p4src273 - 
[09:16:13.532] [bmv2] [T] [thread 2176] [5.0] [cxt 0] Action p4src273
[09:16:13.532] [bmv2] [T] [thread 2176] [5.0] [cxt 0] /home/p4/projekt/network_telemetry/src/p4src.p4(273) Primitive hdr.int_end[0].processed_time = standard_metadata.egress_global_timestamp - meta.ingress_timestamp
[09:16:13.532] [bmv2] [D] [thread 2176] [5.0] [cxt 0] Pipeline 'egress': end
[09:16:13.532] [bmv2] [D] [thread 2176] [5.0] [cxt 0] Deparser 'deparser': start
[09:16:13.532] [bmv2] [D] [thread 2176] [5.0] [cxt 0] Deparsing header 'ethernet'
[09:16:13.532] [bmv2] [D] [thread 2176] [5.0] [cxt 0] Deparsing header 'int_beg'
[09:16:13.532] [bmv2] [D] [thread 2176] [5.0] [cxt 0] Deparsing header 'int_end[0]'
[09:16:13.532] [bmv2] [D] [thread 2176] [5.0] [cxt 0] Deparsing header 'int_end[1]'
[09:16:13.532] [bmv2] [D] [thread 2176] [5.0] [cxt 0] Deparsing header 'ipv6'
[09:16:13.532] [bmv2] [D] [thread 2176] [5.0] [cxt 0] Deparsing header 'srh_beg'
[09:16:13.532] [bmv2] [D] [thread 2176] [5.0] [cxt 0] Deparsing header 'srh_end[0]'
[09:16:13.532] [bmv2] [D] [thread 2176] [5.0] [cxt 0] Deparser 'deparser': end
[09:16:13.532] [bmv2] [D] [thread 2177] [5.0] [cxt 0] Transmitting packet of size 102 out of port 3
[09:16:25.571] [bmv2] [D] [thread 2172] [6.0] [cxt 0] Processing packet received on port 1
[09:16:25.571] [bmv2] [D] [thread 2172] [6.0] [cxt 0] Parser 'parser': start
[09:16:25.571] [bmv2] [D] [thread 2172] [6.0] [cxt 0] Parser 'parser' entering state 'start'
[09:16:25.571] [bmv2] [D] [thread 2172] [6.0] [cxt 0] Parser set: setting field 'scalars.metadata._has_int_header1' to 0
[09:16:25.571] [bmv2] [D] [thread 2172] [6.0] [cxt 0] Extracting header 'ethernet'
[09:16:25.571] [bmv2] [D] [thread 2172] [6.0] [cxt 0] Parser state 'start': key is 7fff
[09:16:25.571] [bmv2] [T] [thread 2172] [6.0] [cxt 0] Bytes parsed: 14
[09:16:25.571] [bmv2] [D] [thread 2172] [6.0] [cxt 0] Parser 'parser' entering state 'parse_int_beg'
[09:16:25.571] [bmv2] [D] [thread 2172] [6.0] [cxt 0] Parser set: setting field 'scalars.metadata._has_int_header1' to 1
[09:16:25.571] [bmv2] [D] [thread 2172] [6.0] [cxt 0] Extracting header 'int_beg'
[09:16:25.571] [bmv2] [D] [thread 2172] [6.0] [cxt 0] Parser set: setting field 'scalars.metadata._matadata_to_parse3' from field 'int_beg.hop_ml' (1)
[09:16:25.571] [bmv2] [D] [thread 2172] [6.0] [cxt 0] Parser state 'parse_int_beg': key is 01
[09:16:25.571] [bmv2] [T] [thread 2172] [6.0] [cxt 0] Bytes parsed: 18
[09:16:25.571] [bmv2] [D] [thread 2172] [6.0] [cxt 0] Parser 'parser' entering state 'parse_int_end'
[09:16:25.571] [bmv2] [D] [thread 2172] [6.0] [cxt 0] Extracting to header stack 0, next header is 7
[09:16:25.571] [bmv2] [D] [thread 2172] [6.0] [cxt 0] Parser set: setting field 'scalars.metadata._matadata_to_parse3' from expression, new value is 0
[09:16:25.571] [bmv2] [D] [thread 2172] [6.0] [cxt 0] Parser state 'parse_int_end': key is 00
[09:16:25.571] [bmv2] [T] [thread 2172] [6.0] [cxt 0] Bytes parsed: 28
[09:16:25.571] [bmv2] [D] [thread 2172] [6.0] [cxt 0] Parser 'parser' entering state 'parse_ipv6'
[09:16:25.571] [bmv2] [D] [thread 2172] [6.0] [cxt 0] Extracting header 'ipv6'
[09:16:25.571] [bmv2] [D] [thread 2172] [6.0] [cxt 0] Parser state 'parse_ipv6': key is 01
[09:16:25.571] [bmv2] [T] [thread 2172] [6.0] [cxt 0] Bytes parsed: 68
[09:16:25.571] [bmv2] [D] [thread 2172] [6.0] [cxt 0] Parser 'parser' entering state 'parse_srh_beg'
[09:16:25.571] [bmv2] [D] [thread 2172] [6.0] [cxt 0] Extracting header 'srh_beg'
[09:16:25.571] [bmv2] [D] [thread 2172] [6.0] [cxt 0] Parser set: setting field 'scalars.metadata._segment_list_items_to_parse4' from field 'srh_beg.segments_left' (2)
[09:16:25.571] [bmv2] [D] [thread 2172] [6.0] [cxt 0] Parser state 'parse_srh_beg': key is 02
[09:16:25.571] [bmv2] [T] [thread 2172] [6.0] [cxt 0] Bytes parsed: 76
[09:16:25.571] [bmv2] [D] [thread 2172] [6.0] [cxt 0] Parser 'parser' entering state 'parse_srh_end'
[09:16:25.571] [bmv2] [D] [thread 2172] [6.0] [cxt 0] Extracting to header stack 1, next header is 19
[09:16:25.571] [bmv2] [D] [thread 2172] [6.0] [cxt 0] Parser set: setting field 'scalars.metadata._segment_list_items_to_parse4' from expression, new value is 1
[09:16:25.571] [bmv2] [D] [thread 2172] [6.0] [cxt 0] Parser state 'parse_srh_end': key is 01
[09:16:25.571] [bmv2] [T] [thread 2172] [6.0] [cxt 0] Bytes parsed: 92
[09:16:25.571] [bmv2] [D] [thread 2172] [6.0] [cxt 0] Parser 'parser' entering state 'parse_srh_end'
[09:16:25.571] [bmv2] [D] [thread 2172] [6.0] [cxt 0] Extracting to header stack 1, next header is 20
[09:16:25.571] [bmv2] [D] [thread 2172] [6.0] [cxt 0] Parser set: setting field 'scalars.metadata._segment_list_items_to_parse4' from expression, new value is 0
[09:16:25.571] [bmv2] [D] [thread 2172] [6.0] [cxt 0] Parser state 'parse_srh_end': key is 00
[09:16:25.571] [bmv2] [T] [thread 2172] [6.0] [cxt 0] Bytes parsed: 108
[09:16:25.571] [bmv2] [D] [thread 2172] [6.0] [cxt 0] Parser 'parser': end
[09:16:25.571] [bmv2] [D] [thread 2172] [6.0] [cxt 0] Pipeline 'ingress': start
[09:16:25.571] [bmv2] [T] [thread 2172] [6.0] [cxt 0] Applying table 'tbl_p4src226'
[09:16:25.571] [bmv2] [D] [thread 2172] [6.0] [cxt 0] Looking up key:

[09:16:25.571] [bmv2] [D] [thread 2172] [6.0] [cxt 0] Table 'tbl_p4src226': miss
[09:16:25.571] [bmv2] [D] [thread 2172] [6.0] [cxt 0] Action entry is p4src226 - 
[09:16:25.571] [bmv2] [T] [thread 2172] [6.0] [cxt 0] Action p4src226
[09:16:25.571] [bmv2] [T] [thread 2172] [6.0] [cxt 0] /home/p4/projekt/network_telemetry/src/p4src.p4(226) Primitive meta.ingress_timestamp = standard_metadata.ingress_global_timestamp
[09:16:25.571] [bmv2] [T] [thread 2172] [6.0] [cxt 0] /home/p4/projekt/network_telemetry/src/p4src.p4(227) Primitive meta.have_processed = 0
[09:16:25.571] [bmv2] [T] [thread 2172] [6.0] [cxt 0] /home/p4/projekt/network_telemetry/src/p4src.p4(228) Condition "meta.has_int_header == 1" (node_3) is true
[09:16:25.571] [bmv2] [T] [thread 2172] [6.0] [cxt 0] Applying table 'tbl_p4src215'
[09:16:25.571] [bmv2] [D] [thread 2172] [6.0] [cxt 0] Looking up key:

[09:16:25.571] [bmv2] [D] [thread 2172] [6.0] [cxt 0] Table 'tbl_p4src215': miss
[09:16:25.571] [bmv2] [D] [thread 2172] [6.0] [cxt 0] Action entry is p4src215 - 
[09:16:25.571] [bmv2] [T] [thread 2172] [6.0] [cxt 0] Action p4src215
[09:16:25.571] [bmv2] [T] [thread 2172] [6.0] [cxt 0] /home/p4/projekt/network_telemetry/src/p4src.p4(215) Primitive hdr.srh_end[0]
[09:16:25.571] [bmv2] [T] [thread 2172] [6.0] [cxt 0] Applying table 'MyIngress.add_our_telemetry'
[09:16:25.571] [bmv2] [D] [thread 2172] [6.0] [cxt 0] Looking up key:
* hdr.srh_end[0].addr.Addr0: 00000000000000000000000000010006

[09:16:25.571] [bmv2] [D] [thread 2172] [6.0] [cxt 0] Table 'MyIngress.add_our_telemetry': hit with handle 0
[09:16:25.571] [bmv2] [D] [thread 2172] [6.0] [cxt 0] Dumping entry 0
Match key:
* hdr.srh_end[0].addr.Addr0: EXACT     00000000000000000000000000010006
Action entry: MyIngress.addMetadata - 6,

[09:16:25.571] [bmv2] [D] [thread 2172] [6.0] [cxt 0] Action entry is MyIngress.addMetadata - 6,
[09:16:25.571] [bmv2] [T] [thread 2172] [6.0] [cxt 0] Action MyIngress.addMetadata
[09:16:25.571] [bmv2] [T] [thread 2172] [6.0] [cxt 0] /home/p4/projekt/network_telemetry/src/p4src.p4(201) Primitive hdr.srh_end.pop_front(1)
[09:16:25.571] [bmv2] [T] [thread 2172] [6.0] [cxt 0] /home/p4/projekt/network_telemetry/src/p4src.p4(202) Primitive hdr.srh_beg.segments_left = hdr.srh_beg.segments_left - 1
[09:16:25.571] [bmv2] [T] [thread 2172] [6.0] [cxt 0] /home/p4/projekt/network_telemetry/src/p4src.p4(203) Primitive meta.have_processed = 1
[09:16:25.571] [bmv2] [T] [thread 2172] [6.0] [cxt 0] /home/p4/projekt/network_telemetry/src/p4src.p4(205) Primitive hdr.int_beg.hop_ml = hdr.int_beg.hop_ml + 1
[09:16:25.571] [bmv2] [T] [thread 2172] [6.0] [cxt 0] /home/p4/projekt/network_telemetry/src/p4src.p4(206) Primitive hdr.int_end.push_front(1)
[09:16:25.571] [bmv2] [T] [thread 2172] [6.0] [cxt 0] /home/p4/projekt/network_telemetry/src/p4src.p4(207) Primitive hdr.int_end[0].setValid()
[09:16:25.571] [bmv2] [T] [thread 2172] [6.0] [cxt 0] Primitive (no source info)
[09:16:25.571] [bmv2] [T] [thread 2172] [6.0] [cxt 0] /home/p4/projekt/network_telemetry/src/p4src.p4(236) Condition "hdr.srh_beg.segments_left == 0" (node_6) is false
[09:16:25.571] [bmv2] [T] [thread 2172] [6.0] [cxt 0] Applying table 'tbl_p4src245'
[09:16:25.571] [bmv2] [D] [thread 2172] [6.0] [cxt 0] Looking up key:

[09:16:25.571] [bmv2] [D] [thread 2172] [6.0] [cxt 0] Table 'tbl_p4src245': miss
[09:16:25.571] [bmv2] [D] [thread 2172] [6.0] [cxt 0] Action entry is p4src245 - 
[09:16:25.571] [bmv2] [T] [thread 2172] [6.0] [cxt 0] Action p4src245
[09:16:25.571] [bmv2] [T] [thread 2172] [6.0] [cxt 0] /home/p4/projekt/network_telemetry/src/p4src.p4(245) Primitive meta.to_send_to_ipv6 = hdr.srh_end[0]
[09:16:25.571] [bmv2] [T] [thread 2172] [6.0] [cxt 0] Applying table 'MyIngress.forward'
[09:16:25.571] [bmv2] [D] [thread 2172] [6.0] [cxt 0] Looking up key:
* meta.to_send_to_ipv6.Addr0: 00000000000000000000000000010003

[09:16:25.571] [bmv2] [D] [thread 2172] [6.0] [cxt 0] Table 'MyIngress.forward': hit with handle 4
[09:16:25.571] [bmv2] [D] [thread 2172] [6.0] [cxt 0] Dumping entry 4
Match key:
* meta.to_send_to_ipv6.Addr0: EXACT     00000000000000000000000000010003
Action entry: MyIngress.setEgress - 3,

[09:16:25.571] [bmv2] [D] [thread 2172] [6.0] [cxt 0] Action entry is MyIngress.setEgress - 3,
[09:16:25.571] [bmv2] [T] [thread 2172] [6.0] [cxt 0] Action MyIngress.setEgress
[09:16:25.571] [bmv2] [T] [thread 2172] [6.0] [cxt 0] /home/p4/projekt/network_telemetry/src/p4src.p4(185) Primitive standard_metadata.egress_spec = port
[09:16:25.571] [bmv2] [T] [thread 2172] [6.0] [cxt 0] /home/p4/projekt/network_telemetry/src/p4src.p4(251) Condition "meta.have_processed == 1" (node_11) is true
[09:16:25.571] [bmv2] [T] [thread 2172] [6.0] [cxt 0] /home/p4/projekt/network_telemetry/src/p4src.p4(252) Condition "hdr.int_beg.instruction_bitmap & 0b00000000010 != 0" (node_12) is true
[09:16:25.571] [bmv2] [T] [thread 2172] [6.0] [cxt 0] Applying table 'tbl_p4src253'
[09:16:25.571] [bmv2] [D] [thread 2172] [6.0] [cxt 0] Looking up key:

[09:16:25.571] [bmv2] [D] [thread 2172] [6.0] [cxt 0] Table 'tbl_p4src253': miss
[09:16:25.571] [bmv2] [D] [thread 2172] [6.0] [cxt 0] Action entry is p4src253 - 
[09:16:25.571] [bmv2] [T] [thread 2172] [6.0] [cxt 0] Action p4src253
[09:16:25.571] [bmv2] [T] [thread 2172] [6.0] [cxt 0] /home/p4/projekt/network_telemetry/src/p4src.p4(253) Primitive hdr.int_end[0].in_port_id = standard_metadata.ingress_port
[09:16:25.571] [bmv2] [T] [thread 2172] [6.0] [cxt 0] /home/p4/projekt/network_telemetry/src/p4src.p4(255) Condition "hdr.int_beg.instruction_bitmap & 0b00000000100 != 0" (node_14) is true
[09:16:25.571] [bmv2] [T] [thread 2172] [6.0] [cxt 0] Applying table 'tbl_p4src256'
[09:16:25.571] [bmv2] [D] [thread 2172] [6.0] [cxt 0] Looking up key:

[09:16:25.571] [bmv2] [D] [thread 2172] [6.0] [cxt 0] Table 'tbl_p4src256': miss
[09:16:25.571] [bmv2] [D] [thread 2172] [6.0] [cxt 0] Action entry is p4src256 - 
[09:16:25.571] [bmv2] [T] [thread 2172] [6.0] [cxt 0] Action p4src256
[09:16:25.571] [bmv2] [T] [thread 2172] [6.0] [cxt 0] /home/p4/projekt/network_telemetry/src/p4src.p4(256) Primitive hdr.int_end[0].e_port_id = standard_metadata.egress_spec
[09:16:25.572] [bmv2] [D] [thread 2172] [6.0] [cxt 0] Pipeline 'ingress': end
[09:16:25.572] [bmv2] [D] [thread 2172] [6.0] [cxt 0] Egress port is 3
[09:16:25.572] [bmv2] [D] [thread 2176] [6.0] [cxt 0] Pipeline 'egress': start
[09:16:25.572] [bmv2] [T] [thread 2176] [6.0] [cxt 0] /home/p4/projekt/network_telemetry/src/p4src.p4(271) Condition "meta.have_processed == 1" (node_18) is true
[09:16:25.572] [bmv2] [T] [thread 2176] [6.0] [cxt 0] /home/p4/projekt/network_telemetry/src/p4src.p4(272) Condition "hdr.int_beg.instruction_bitmap & 0b00000001000 != 0" (node_19) is true
[09:16:25.572] [bmv2] [T] [thread 2176] [6.0] [cxt 0] Applying table 'tbl_p4src273'
[09:16:25.572] [bmv2] [D] [thread 2176] [6.0] [cxt 0] Looking up key:

[09:16:25.572] [bmv2] [D] [thread 2176] [6.0] [cxt 0] Table 'tbl_p4src273': miss
[09:16:25.572] [bmv2] [D] [thread 2176] [6.0] [cxt 0] Action entry is p4src273 - 
[09:16:25.572] [bmv2] [T] [thread 2176] [6.0] [cxt 0] Action p4src273
[09:16:25.572] [bmv2] [T] [thread 2176] [6.0] [cxt 0] /home/p4/projekt/network_telemetry/src/p4src.p4(273) Primitive hdr.int_end[0].processed_time = standard_metadata.egress_global_timestamp - meta.ingress_timestamp
[09:16:25.572] [bmv2] [D] [thread 2176] [6.0] [cxt 0] Pipeline 'egress': end
[09:16:25.572] [bmv2] [D] [thread 2176] [6.0] [cxt 0] Deparser 'deparser': start
[09:16:25.572] [bmv2] [D] [thread 2176] [6.0] [cxt 0] Deparsing header 'ethernet'
[09:16:25.572] [bmv2] [D] [thread 2176] [6.0] [cxt 0] Deparsing header 'int_beg'
[09:16:25.572] [bmv2] [D] [thread 2176] [6.0] [cxt 0] Deparsing header 'int_end[0]'
[09:16:25.572] [bmv2] [D] [thread 2176] [6.0] [cxt 0] Deparsing header 'int_end[1]'
[09:16:25.572] [bmv2] [D] [thread 2176] [6.0] [cxt 0] Deparsing header 'ipv6'
[09:16:25.572] [bmv2] [D] [thread 2176] [6.0] [cxt 0] Deparsing header 'srh_beg'
[09:16:25.572] [bmv2] [D] [thread 2176] [6.0] [cxt 0] Deparsing header 'srh_end[0]'
[09:16:25.572] [bmv2] [D] [thread 2176] [6.0] [cxt 0] Deparser 'deparser': end
[09:16:25.572] [bmv2] [D] [thread 2177] [6.0] [cxt 0] Transmitting packet of size 102 out of port 3
[09:17:22.797] [bmv2] [D] [thread 2172] [7.0] [cxt 0] Processing packet received on port 1
[09:17:22.797] [bmv2] [D] [thread 2172] [7.0] [cxt 0] Parser 'parser': start
[09:17:22.797] [bmv2] [D] [thread 2172] [7.0] [cxt 0] Parser 'parser' entering state 'start'
[09:17:22.797] [bmv2] [D] [thread 2172] [7.0] [cxt 0] Parser set: setting field 'scalars.metadata._has_int_header1' to 0
[09:17:22.797] [bmv2] [D] [thread 2172] [7.0] [cxt 0] Extracting header 'ethernet'
[09:17:22.797] [bmv2] [D] [thread 2172] [7.0] [cxt 0] Parser state 'start': key is 7fff
[09:17:22.797] [bmv2] [T] [thread 2172] [7.0] [cxt 0] Bytes parsed: 14
[09:17:22.797] [bmv2] [D] [thread 2172] [7.0] [cxt 0] Parser 'parser' entering state 'parse_int_beg'
[09:17:22.797] [bmv2] [D] [thread 2172] [7.0] [cxt 0] Parser set: setting field 'scalars.metadata._has_int_header1' to 1
[09:17:22.797] [bmv2] [D] [thread 2172] [7.0] [cxt 0] Extracting header 'int_beg'
[09:17:22.797] [bmv2] [D] [thread 2172] [7.0] [cxt 0] Parser set: setting field 'scalars.metadata._matadata_to_parse3' from field 'int_beg.hop_ml' (1)
[09:17:22.797] [bmv2] [D] [thread 2172] [7.0] [cxt 0] Parser state 'parse_int_beg': key is 01
[09:17:22.797] [bmv2] [T] [thread 2172] [7.0] [cxt 0] Bytes parsed: 18
[09:17:22.797] [bmv2] [D] [thread 2172] [7.0] [cxt 0] Parser 'parser' entering state 'parse_int_end'
[09:17:22.797] [bmv2] [D] [thread 2172] [7.0] [cxt 0] Extracting to header stack 0, next header is 7
[09:17:22.797] [bmv2] [D] [thread 2172] [7.0] [cxt 0] Parser set: setting field 'scalars.metadata._matadata_to_parse3' from expression, new value is 0
[09:17:22.797] [bmv2] [D] [thread 2172] [7.0] [cxt 0] Parser state 'parse_int_end': key is 00
[09:17:22.797] [bmv2] [T] [thread 2172] [7.0] [cxt 0] Bytes parsed: 28
[09:17:22.797] [bmv2] [D] [thread 2172] [7.0] [cxt 0] Parser 'parser' entering state 'parse_ipv6'
[09:17:22.797] [bmv2] [D] [thread 2172] [7.0] [cxt 0] Extracting header 'ipv6'
[09:17:22.797] [bmv2] [D] [thread 2172] [7.0] [cxt 0] Parser state 'parse_ipv6': key is 01
[09:17:22.797] [bmv2] [T] [thread 2172] [7.0] [cxt 0] Bytes parsed: 68
[09:17:22.797] [bmv2] [D] [thread 2172] [7.0] [cxt 0] Parser 'parser' entering state 'parse_srh_beg'
[09:17:22.797] [bmv2] [D] [thread 2172] [7.0] [cxt 0] Extracting header 'srh_beg'
[09:17:22.797] [bmv2] [D] [thread 2172] [7.0] [cxt 0] Parser set: setting field 'scalars.metadata._segment_list_items_to_parse4' from field 'srh_beg.segments_left' (2)
[09:17:22.797] [bmv2] [D] [thread 2172] [7.0] [cxt 0] Parser state 'parse_srh_beg': key is 02
[09:17:22.797] [bmv2] [T] [thread 2172] [7.0] [cxt 0] Bytes parsed: 76
[09:17:22.797] [bmv2] [D] [thread 2172] [7.0] [cxt 0] Parser 'parser' entering state 'parse_srh_end'
[09:17:22.797] [bmv2] [D] [thread 2172] [7.0] [cxt 0] Extracting to header stack 1, next header is 19
[09:17:22.797] [bmv2] [D] [thread 2172] [7.0] [cxt 0] Parser set: setting field 'scalars.metadata._segment_list_items_to_parse4' from expression, new value is 1
[09:17:22.797] [bmv2] [D] [thread 2172] [7.0] [cxt 0] Parser state 'parse_srh_end': key is 01
[09:17:22.797] [bmv2] [T] [thread 2172] [7.0] [cxt 0] Bytes parsed: 92
[09:17:22.797] [bmv2] [D] [thread 2172] [7.0] [cxt 0] Parser 'parser' entering state 'parse_srh_end'
[09:17:22.797] [bmv2] [D] [thread 2172] [7.0] [cxt 0] Extracting to header stack 1, next header is 20
[09:17:22.797] [bmv2] [D] [thread 2172] [7.0] [cxt 0] Parser set: setting field 'scalars.metadata._segment_list_items_to_parse4' from expression, new value is 0
[09:17:22.797] [bmv2] [D] [thread 2172] [7.0] [cxt 0] Parser state 'parse_srh_end': key is 00
[09:17:22.797] [bmv2] [T] [thread 2172] [7.0] [cxt 0] Bytes parsed: 108
[09:17:22.797] [bmv2] [D] [thread 2172] [7.0] [cxt 0] Parser 'parser': end
[09:17:22.797] [bmv2] [D] [thread 2172] [7.0] [cxt 0] Pipeline 'ingress': start
[09:17:22.797] [bmv2] [T] [thread 2172] [7.0] [cxt 0] Applying table 'tbl_p4src226'
[09:17:22.797] [bmv2] [D] [thread 2172] [7.0] [cxt 0] Looking up key:

[09:17:22.797] [bmv2] [D] [thread 2172] [7.0] [cxt 0] Table 'tbl_p4src226': miss
[09:17:22.797] [bmv2] [D] [thread 2172] [7.0] [cxt 0] Action entry is p4src226 - 
[09:17:22.797] [bmv2] [T] [thread 2172] [7.0] [cxt 0] Action p4src226
[09:17:22.797] [bmv2] [T] [thread 2172] [7.0] [cxt 0] /home/p4/projekt/network_telemetry/src/p4src.p4(226) Primitive meta.ingress_timestamp = standard_metadata.ingress_global_timestamp
[09:17:22.797] [bmv2] [T] [thread 2172] [7.0] [cxt 0] /home/p4/projekt/network_telemetry/src/p4src.p4(227) Primitive meta.have_processed = 0
[09:17:22.797] [bmv2] [T] [thread 2172] [7.0] [cxt 0] /home/p4/projekt/network_telemetry/src/p4src.p4(228) Condition "meta.has_int_header == 1" (node_3) is true
[09:17:22.797] [bmv2] [T] [thread 2172] [7.0] [cxt 0] Applying table 'tbl_p4src215'
[09:17:22.797] [bmv2] [D] [thread 2172] [7.0] [cxt 0] Looking up key:

[09:17:22.797] [bmv2] [D] [thread 2172] [7.0] [cxt 0] Table 'tbl_p4src215': miss
[09:17:22.797] [bmv2] [D] [thread 2172] [7.0] [cxt 0] Action entry is p4src215 - 
[09:17:22.797] [bmv2] [T] [thread 2172] [7.0] [cxt 0] Action p4src215
[09:17:22.797] [bmv2] [T] [thread 2172] [7.0] [cxt 0] /home/p4/projekt/network_telemetry/src/p4src.p4(215) Primitive hdr.srh_end[0]
[09:17:22.797] [bmv2] [T] [thread 2172] [7.0] [cxt 0] Applying table 'MyIngress.add_our_telemetry'
[09:17:22.797] [bmv2] [D] [thread 2172] [7.0] [cxt 0] Looking up key:
* hdr.srh_end[0].addr.Addr0: 00000000000000000000000000010006

[09:17:22.797] [bmv2] [D] [thread 2172] [7.0] [cxt 0] Table 'MyIngress.add_our_telemetry': hit with handle 0
[09:17:22.797] [bmv2] [D] [thread 2172] [7.0] [cxt 0] Dumping entry 0
Match key:
* hdr.srh_end[0].addr.Addr0: EXACT     00000000000000000000000000010006
Action entry: MyIngress.addMetadata - 6,

[09:17:22.797] [bmv2] [D] [thread 2172] [7.0] [cxt 0] Action entry is MyIngress.addMetadata - 6,
[09:17:22.797] [bmv2] [T] [thread 2172] [7.0] [cxt 0] Action MyIngress.addMetadata
[09:17:22.797] [bmv2] [T] [thread 2172] [7.0] [cxt 0] /home/p4/projekt/network_telemetry/src/p4src.p4(201) Primitive hdr.srh_end.pop_front(1)
[09:17:22.797] [bmv2] [T] [thread 2172] [7.0] [cxt 0] /home/p4/projekt/network_telemetry/src/p4src.p4(202) Primitive hdr.srh_beg.segments_left = hdr.srh_beg.segments_left - 1
[09:17:22.797] [bmv2] [T] [thread 2172] [7.0] [cxt 0] /home/p4/projekt/network_telemetry/src/p4src.p4(203) Primitive meta.have_processed = 1
[09:17:22.797] [bmv2] [T] [thread 2172] [7.0] [cxt 0] /home/p4/projekt/network_telemetry/src/p4src.p4(205) Primitive hdr.int_beg.hop_ml = hdr.int_beg.hop_ml + 1
[09:17:22.797] [bmv2] [T] [thread 2172] [7.0] [cxt 0] /home/p4/projekt/network_telemetry/src/p4src.p4(206) Primitive hdr.int_end.push_front(1)
[09:17:22.797] [bmv2] [T] [thread 2172] [7.0] [cxt 0] /home/p4/projekt/network_telemetry/src/p4src.p4(207) Primitive hdr.int_end[0].setValid()
[09:17:22.797] [bmv2] [T] [thread 2172] [7.0] [cxt 0] Primitive (no source info)
[09:17:22.797] [bmv2] [T] [thread 2172] [7.0] [cxt 0] /home/p4/projekt/network_telemetry/src/p4src.p4(236) Condition "hdr.srh_beg.segments_left == 0" (node_6) is false
[09:17:22.797] [bmv2] [T] [thread 2172] [7.0] [cxt 0] Applying table 'tbl_p4src245'
[09:17:22.797] [bmv2] [D] [thread 2172] [7.0] [cxt 0] Looking up key:

[09:17:22.797] [bmv2] [D] [thread 2172] [7.0] [cxt 0] Table 'tbl_p4src245': miss
[09:17:22.797] [bmv2] [D] [thread 2172] [7.0] [cxt 0] Action entry is p4src245 - 
[09:17:22.797] [bmv2] [T] [thread 2172] [7.0] [cxt 0] Action p4src245
[09:17:22.797] [bmv2] [T] [thread 2172] [7.0] [cxt 0] /home/p4/projekt/network_telemetry/src/p4src.p4(245) Primitive meta.to_send_to_ipv6 = hdr.srh_end[0]
[09:17:22.797] [bmv2] [T] [thread 2172] [7.0] [cxt 0] Applying table 'MyIngress.forward'
[09:17:22.797] [bmv2] [D] [thread 2172] [7.0] [cxt 0] Looking up key:
* meta.to_send_to_ipv6.Addr0: 00000000000000000000000000010003

[09:17:22.797] [bmv2] [D] [thread 2172] [7.0] [cxt 0] Table 'MyIngress.forward': hit with handle 4
[09:17:22.797] [bmv2] [D] [thread 2172] [7.0] [cxt 0] Dumping entry 4
Match key:
* meta.to_send_to_ipv6.Addr0: EXACT     00000000000000000000000000010003
Action entry: MyIngress.setEgress - 3,

[09:17:22.797] [bmv2] [D] [thread 2172] [7.0] [cxt 0] Action entry is MyIngress.setEgress - 3,
[09:17:22.797] [bmv2] [T] [thread 2172] [7.0] [cxt 0] Action MyIngress.setEgress
[09:17:22.797] [bmv2] [T] [thread 2172] [7.0] [cxt 0] /home/p4/projekt/network_telemetry/src/p4src.p4(185) Primitive standard_metadata.egress_spec = port
[09:17:22.797] [bmv2] [T] [thread 2172] [7.0] [cxt 0] /home/p4/projekt/network_telemetry/src/p4src.p4(251) Condition "meta.have_processed == 1" (node_11) is true
[09:17:22.797] [bmv2] [T] [thread 2172] [7.0] [cxt 0] /home/p4/projekt/network_telemetry/src/p4src.p4(252) Condition "hdr.int_beg.instruction_bitmap & 0b00000000010 != 0" (node_12) is true
[09:17:22.797] [bmv2] [T] [thread 2172] [7.0] [cxt 0] Applying table 'tbl_p4src253'
[09:17:22.798] [bmv2] [D] [thread 2172] [7.0] [cxt 0] Looking up key:

[09:17:22.798] [bmv2] [D] [thread 2172] [7.0] [cxt 0] Table 'tbl_p4src253': miss
[09:17:22.798] [bmv2] [D] [thread 2172] [7.0] [cxt 0] Action entry is p4src253 - 
[09:17:22.798] [bmv2] [T] [thread 2172] [7.0] [cxt 0] Action p4src253
[09:17:22.798] [bmv2] [T] [thread 2172] [7.0] [cxt 0] /home/p4/projekt/network_telemetry/src/p4src.p4(253) Primitive hdr.int_end[0].in_port_id = standard_metadata.ingress_port
[09:17:22.798] [bmv2] [T] [thread 2172] [7.0] [cxt 0] /home/p4/projekt/network_telemetry/src/p4src.p4(255) Condition "hdr.int_beg.instruction_bitmap & 0b00000000100 != 0" (node_14) is true
[09:17:22.798] [bmv2] [T] [thread 2172] [7.0] [cxt 0] Applying table 'tbl_p4src256'
[09:17:22.798] [bmv2] [D] [thread 2172] [7.0] [cxt 0] Looking up key:

[09:17:22.798] [bmv2] [D] [thread 2172] [7.0] [cxt 0] Table 'tbl_p4src256': miss
[09:17:22.798] [bmv2] [D] [thread 2172] [7.0] [cxt 0] Action entry is p4src256 - 
[09:17:22.798] [bmv2] [T] [thread 2172] [7.0] [cxt 0] Action p4src256
[09:17:22.798] [bmv2] [T] [thread 2172] [7.0] [cxt 0] /home/p4/projekt/network_telemetry/src/p4src.p4(256) Primitive hdr.int_end[0].e_port_id = standard_metadata.egress_spec
[09:17:22.798] [bmv2] [D] [thread 2172] [7.0] [cxt 0] Pipeline 'ingress': end
[09:17:22.798] [bmv2] [D] [thread 2172] [7.0] [cxt 0] Egress port is 3
[09:17:22.798] [bmv2] [D] [thread 2176] [7.0] [cxt 0] Pipeline 'egress': start
[09:17:22.798] [bmv2] [T] [thread 2176] [7.0] [cxt 0] /home/p4/projekt/network_telemetry/src/p4src.p4(271) Condition "meta.have_processed == 1" (node_18) is true
[09:17:22.798] [bmv2] [T] [thread 2176] [7.0] [cxt 0] /home/p4/projekt/network_telemetry/src/p4src.p4(272) Condition "hdr.int_beg.instruction_bitmap & 0b00000001000 != 0" (node_19) is true
[09:17:22.798] [bmv2] [T] [thread 2176] [7.0] [cxt 0] Applying table 'tbl_p4src273'
[09:17:22.798] [bmv2] [D] [thread 2176] [7.0] [cxt 0] Looking up key:

[09:17:22.798] [bmv2] [D] [thread 2176] [7.0] [cxt 0] Table 'tbl_p4src273': miss
[09:17:22.798] [bmv2] [D] [thread 2176] [7.0] [cxt 0] Action entry is p4src273 - 
[09:17:22.798] [bmv2] [T] [thread 2176] [7.0] [cxt 0] Action p4src273
[09:17:22.798] [bmv2] [T] [thread 2176] [7.0] [cxt 0] /home/p4/projekt/network_telemetry/src/p4src.p4(273) Primitive hdr.int_end[0].processed_time = standard_metadata.egress_global_timestamp - meta.ingress_timestamp
[09:17:22.798] [bmv2] [D] [thread 2176] [7.0] [cxt 0] Pipeline 'egress': end
[09:17:22.798] [bmv2] [D] [thread 2176] [7.0] [cxt 0] Deparser 'deparser': start
[09:17:22.798] [bmv2] [D] [thread 2176] [7.0] [cxt 0] Deparsing header 'ethernet'
[09:17:22.798] [bmv2] [D] [thread 2176] [7.0] [cxt 0] Deparsing header 'int_beg'
[09:17:22.798] [bmv2] [D] [thread 2176] [7.0] [cxt 0] Deparsing header 'int_end[0]'
[09:17:22.798] [bmv2] [D] [thread 2176] [7.0] [cxt 0] Deparsing header 'int_end[1]'
[09:17:22.798] [bmv2] [D] [thread 2176] [7.0] [cxt 0] Deparsing header 'ipv6'
[09:17:22.798] [bmv2] [D] [thread 2176] [7.0] [cxt 0] Deparsing header 'srh_beg'
[09:17:22.798] [bmv2] [D] [thread 2176] [7.0] [cxt 0] Deparsing header 'srh_end[0]'
[09:17:22.798] [bmv2] [D] [thread 2176] [7.0] [cxt 0] Deparser 'deparser': end
[09:17:22.798] [bmv2] [D] [thread 2177] [7.0] [cxt 0] Transmitting packet of size 102 out of port 3
open: No such file or directory
open: No such file or directory
open: No such file or directory
open: No such file or directory
open: No such file or directory
open: No such file or directory
open: No such file or directory
open: No such file or directory
open: No such file or directory
open: No such file or directory
open: No such file or directory
open: No such file or directory
open: No such file or directory
open: No such file or directory
open: No such file or directory
open: No such file or directory
open: No such file or directory
